Start testing: Apr 03 12:27 UTC
----------------------------------------------------------
Unable to find executable: /home/runner/work/bison/bison/build_o0/extern/yaml/test-version
1/140 Testing: version
1/140 Test: version
Command: ""
Directory: /home/runner/work/bison/bison/build_o0/extern/yaml/tests
"version" start time: 
Output:
----------------------------------------------------------
<end of output>
Test time =   0.00 sec
----------------------------------------------------------
Test Passed.
"version" end time: Apr 03 12:27 UTC
"version" time elapsed: 00:00:00
----------------------------------------------------------

Unable to find executable: /home/runner/work/bison/bison/build_o0/extern/yaml/test-reader
2/140 Testing: reader
2/140 Test: reader
Command: ""
Directory: /home/runner/work/bison/bison/build_o0/extern/yaml/tests
"reader" start time: 
Output:
----------------------------------------------------------
<end of output>
Test time =   0.00 sec
----------------------------------------------------------
Test Passed.
"reader" end time: Apr 03 12:27 UTC
"reader" time elapsed: 00:00:00
----------------------------------------------------------

3/140 Testing: HashTests.FNV1aHighBitAlwaysSet
3/140 Test: HashTests.FNV1aHighBitAlwaysSet
Command: "/home/runner/work/bison/bison/build_o0/tests/bison_test" "--gtest_filter=HashTests.FNV1aHighBitAlwaysSet" "--gtest_also_run_disabled_tests"
Directory: /home/runner/work/bison/bison/build_o0/tests
"HashTests.FNV1aHighBitAlwaysSet" start time: Apr 03 12:27 UTC
Output:
----------------------------------------------------------
Running main() from /home/runner/work/bison/bison/extern/googletest/googletest/src/gtest_main.cc
Note: Google Test filter = HashTests.FNV1aHighBitAlwaysSet
[==========] Running 1 test from 1 test suite.
[----------] Global test environment set-up.
[----------] 1 test from HashTests
[ RUN      ] HashTests.FNV1aHighBitAlwaysSet
[       OK ] HashTests.FNV1aHighBitAlwaysSet (0 ms)
[----------] 1 test from HashTests (0 ms total)

[----------] Global test environment tear-down
[==========] 1 test from 1 test suite ran. (0 ms total)
[  PASSED  ] 1 test.
<end of output>
Test time =   0.00 sec
----------------------------------------------------------
Test Passed.
"HashTests.FNV1aHighBitAlwaysSet" end time: Apr 03 12:27 UTC
"HashTests.FNV1aHighBitAlwaysSet" time elapsed: 00:00:00
----------------------------------------------------------

4/140 Testing: HashTests.SameStringProducesSameHash
4/140 Test: HashTests.SameStringProducesSameHash
Command: "/home/runner/work/bison/bison/build_o0/tests/bison_test" "--gtest_filter=HashTests.SameStringProducesSameHash" "--gtest_also_run_disabled_tests"
Directory: /home/runner/work/bison/bison/build_o0/tests
"HashTests.SameStringProducesSameHash" start time: Apr 03 12:27 UTC
Output:
----------------------------------------------------------
Running main() from /home/runner/work/bison/bison/extern/googletest/googletest/src/gtest_main.cc
Note: Google Test filter = HashTests.SameStringProducesSameHash
[==========] Running 1 test from 1 test suite.
[----------] Global test environment set-up.
[----------] 1 test from HashTests
[ RUN      ] HashTests.SameStringProducesSameHash
[       OK ] HashTests.SameStringProducesSameHash (0 ms)
[----------] 1 test from HashTests (0 ms total)

[----------] Global test environment tear-down
[==========] 1 test from 1 test suite ran. (0 ms total)
[  PASSED  ] 1 test.
<end of output>
Test time =   0.00 sec
----------------------------------------------------------
Test Passed.
"HashTests.SameStringProducesSameHash" end time: Apr 03 12:27 UTC
"HashTests.SameStringProducesSameHash" time elapsed: 00:00:00
----------------------------------------------------------

5/140 Testing: HashTests.DifferentStringsProduceDifferentHashes
5/140 Test: HashTests.DifferentStringsProduceDifferentHashes
Command: "/home/runner/work/bison/bison/build_o0/tests/bison_test" "--gtest_filter=HashTests.DifferentStringsProduceDifferentHashes" "--gtest_also_run_disabled_tests"
Directory: /home/runner/work/bison/bison/build_o0/tests
"HashTests.DifferentStringsProduceDifferentHashes" start time: Apr 03 12:27 UTC
Output:
----------------------------------------------------------
Running main() from /home/runner/work/bison/bison/extern/googletest/googletest/src/gtest_main.cc
Note: Google Test filter = HashTests.DifferentStringsProduceDifferentHashes
[==========] Running 1 test from 1 test suite.
[----------] Global test environment set-up.
[----------] 1 test from HashTests
[ RUN      ] HashTests.DifferentStringsProduceDifferentHashes
[       OK ] HashTests.DifferentStringsProduceDifferentHashes (0 ms)
[----------] 1 test from HashTests (0 ms total)

[----------] Global test environment tear-down
[==========] 1 test from 1 test suite ran. (0 ms total)
[  PASSED  ] 1 test.
<end of output>
Test time =   0.00 sec
----------------------------------------------------------
Test Passed.
"HashTests.DifferentStringsProduceDifferentHashes" end time: Apr 03 12:27 UTC
"HashTests.DifferentStringsProduceDifferentHashes" time elapsed: 00:00:00
----------------------------------------------------------

6/140 Testing: HashTests.KeyLiteralMatchesRuntimeHash
6/140 Test: HashTests.KeyLiteralMatchesRuntimeHash
Command: "/home/runner/work/bison/bison/build_o0/tests/bison_test" "--gtest_filter=HashTests.KeyLiteralMatchesRuntimeHash" "--gtest_also_run_disabled_tests"
Directory: /home/runner/work/bison/bison/build_o0/tests
"HashTests.KeyLiteralMatchesRuntimeHash" start time: Apr 03 12:27 UTC
Output:
----------------------------------------------------------
Running main() from /home/runner/work/bison/bison/extern/googletest/googletest/src/gtest_main.cc
Note: Google Test filter = HashTests.KeyLiteralMatchesRuntimeHash
[==========] Running 1 test from 1 test suite.
[----------] Global test environment set-up.
[----------] 1 test from HashTests
[ RUN      ] HashTests.KeyLiteralMatchesRuntimeHash
[       OK ] HashTests.KeyLiteralMatchesRuntimeHash (0 ms)
[----------] 1 test from HashTests (0 ms total)

[----------] Global test environment tear-down
[==========] 1 test from 1 test suite ran. (0 ms total)
[  PASSED  ] 1 test.
<end of output>
Test time =   0.00 sec
----------------------------------------------------------
Test Passed.
"HashTests.KeyLiteralMatchesRuntimeHash" end time: Apr 03 12:27 UTC
"HashTests.KeyLiteralMatchesRuntimeHash" time elapsed: 00:00:00
----------------------------------------------------------

7/140 Testing: HashTests.KeyTConstructors
7/140 Test: HashTests.KeyTConstructors
Command: "/home/runner/work/bison/bison/build_o0/tests/bison_test" "--gtest_filter=HashTests.KeyTConstructors" "--gtest_also_run_disabled_tests"
Directory: /home/runner/work/bison/bison/build_o0/tests
"HashTests.KeyTConstructors" start time: Apr 03 12:27 UTC
Output:
----------------------------------------------------------
Running main() from /home/runner/work/bison/bison/extern/googletest/googletest/src/gtest_main.cc
Note: Google Test filter = HashTests.KeyTConstructors
[==========] Running 1 test from 1 test suite.
[----------] Global test environment set-up.
[----------] 1 test from HashTests
[ RUN      ] HashTests.KeyTConstructors
[       OK ] HashTests.KeyTConstructors (0 ms)
[----------] 1 test from HashTests (0 ms total)

[----------] Global test environment tear-down
[==========] 1 test from 1 test suite ran. (0 ms total)
[  PASSED  ] 1 test.
<end of output>
Test time =   0.00 sec
----------------------------------------------------------
Test Passed.
"HashTests.KeyTConstructors" end time: Apr 03 12:27 UTC
"HashTests.KeyTConstructors" time elapsed: 00:00:00
----------------------------------------------------------

8/140 Testing: HashTests.KeyTImplicitConversionToHashT
8/140 Test: HashTests.KeyTImplicitConversionToHashT
Command: "/home/runner/work/bison/bison/build_o0/tests/bison_test" "--gtest_filter=HashTests.KeyTImplicitConversionToHashT" "--gtest_also_run_disabled_tests"
Directory: /home/runner/work/bison/bison/build_o0/tests
"HashTests.KeyTImplicitConversionToHashT" start time: Apr 03 12:27 UTC
Output:
----------------------------------------------------------
Running main() from /home/runner/work/bison/bison/extern/googletest/googletest/src/gtest_main.cc
Note: Google Test filter = HashTests.KeyTImplicitConversionToHashT
[==========] Running 1 test from 1 test suite.
[----------] Global test environment set-up.
[----------] 1 test from HashTests
[ RUN      ] HashTests.KeyTImplicitConversionToHashT
[       OK ] HashTests.KeyTImplicitConversionToHashT (0 ms)
[----------] 1 test from HashTests (0 ms total)

[----------] Global test environment tear-down
[==========] 1 test from 1 test suite ran. (0 ms total)
[  PASSED  ] 1 test.
<end of output>
Test time =   0.00 sec
----------------------------------------------------------
Test Passed.
"HashTests.KeyTImplicitConversionToHashT" end time: Apr 03 12:27 UTC
"HashTests.KeyTImplicitConversionToHashT" time elapsed: 00:00:00
----------------------------------------------------------

9/140 Testing: ByteSwapTests.Roundtrip
9/140 Test: ByteSwapTests.Roundtrip
Command: "/home/runner/work/bison/bison/build_o0/tests/bison_test" "--gtest_filter=ByteSwapTests.Roundtrip" "--gtest_also_run_disabled_tests"
Directory: /home/runner/work/bison/bison/build_o0/tests
"ByteSwapTests.Roundtrip" start time: Apr 03 12:27 UTC
Output:
----------------------------------------------------------
Running main() from /home/runner/work/bison/bison/extern/googletest/googletest/src/gtest_main.cc
Note: Google Test filter = ByteSwapTests.Roundtrip
[==========] Running 1 test from 1 test suite.
[----------] Global test environment set-up.
[----------] 1 test from ByteSwapTests
[ RUN      ] ByteSwapTests.Roundtrip
[       OK ] ByteSwapTests.Roundtrip (0 ms)
[----------] 1 test from ByteSwapTests (0 ms total)

[----------] Global test environment tear-down
[==========] 1 test from 1 test suite ran. (0 ms total)
[  PASSED  ] 1 test.
<end of output>
Test time =   0.00 sec
----------------------------------------------------------
Test Passed.
"ByteSwapTests.Roundtrip" end time: Apr 03 12:27 UTC
"ByteSwapTests.Roundtrip" time elapsed: 00:00:00
----------------------------------------------------------

10/140 Testing: ByteSwapTests.FloatRoundtrip
10/140 Test: ByteSwapTests.FloatRoundtrip
Command: "/home/runner/work/bison/bison/build_o0/tests/bison_test" "--gtest_filter=ByteSwapTests.FloatRoundtrip" "--gtest_also_run_disabled_tests"
Directory: /home/runner/work/bison/bison/build_o0/tests
"ByteSwapTests.FloatRoundtrip" start time: Apr 03 12:27 UTC
Output:
----------------------------------------------------------
Running main() from /home/runner/work/bison/bison/extern/googletest/googletest/src/gtest_main.cc
Note: Google Test filter = ByteSwapTests.FloatRoundtrip
[==========] Running 1 test from 1 test suite.
[----------] Global test environment set-up.
[----------] 1 test from ByteSwapTests
[ RUN      ] ByteSwapTests.FloatRoundtrip
[       OK ] ByteSwapTests.FloatRoundtrip (0 ms)
[----------] 1 test from ByteSwapTests (0 ms total)

[----------] Global test environment tear-down
[==========] 1 test from 1 test suite ran. (0 ms total)
[  PASSED  ] 1 test.
<end of output>
Test time =   0.00 sec
----------------------------------------------------------
Test Passed.
"ByteSwapTests.FloatRoundtrip" end time: Apr 03 12:27 UTC
"ByteSwapTests.FloatRoundtrip" time elapsed: 00:00:00
----------------------------------------------------------

11/140 Testing: StreamSerializerTests.Int32RoundTrip
11/140 Test: StreamSerializerTests.Int32RoundTrip
Command: "/home/runner/work/bison/bison/build_o0/tests/bison_test" "--gtest_filter=StreamSerializerTests.Int32RoundTrip" "--gtest_also_run_disabled_tests"
Directory: /home/runner/work/bison/bison/build_o0/tests
"StreamSerializerTests.Int32RoundTrip" start time: Apr 03 12:27 UTC
Output:
----------------------------------------------------------
Running main() from /home/runner/work/bison/bison/extern/googletest/googletest/src/gtest_main.cc
Note: Google Test filter = StreamSerializerTests.Int32RoundTrip
[==========] Running 1 test from 1 test suite.
[----------] Global test environment set-up.
[----------] 1 test from StreamSerializerTests
[ RUN      ] StreamSerializerTests.Int32RoundTrip
[       OK ] StreamSerializerTests.Int32RoundTrip (0 ms)
[----------] 1 test from StreamSerializerTests (0 ms total)

[----------] Global test environment tear-down
[==========] 1 test from 1 test suite ran. (0 ms total)
[  PASSED  ] 1 test.
<end of output>
Test time =   0.00 sec
----------------------------------------------------------
Test Passed.
"StreamSerializerTests.Int32RoundTrip" end time: Apr 03 12:27 UTC
"StreamSerializerTests.Int32RoundTrip" time elapsed: 00:00:00
----------------------------------------------------------

12/140 Testing: StreamSerializerTests.FloatRoundTrip
12/140 Test: StreamSerializerTests.FloatRoundTrip
Command: "/home/runner/work/bison/bison/build_o0/tests/bison_test" "--gtest_filter=StreamSerializerTests.FloatRoundTrip" "--gtest_also_run_disabled_tests"
Directory: /home/runner/work/bison/bison/build_o0/tests
"StreamSerializerTests.FloatRoundTrip" start time: Apr 03 12:27 UTC
Output:
----------------------------------------------------------
Running main() from /home/runner/work/bison/bison/extern/googletest/googletest/src/gtest_main.cc
Note: Google Test filter = StreamSerializerTests.FloatRoundTrip
[==========] Running 1 test from 1 test suite.
[----------] Global test environment set-up.
[----------] 1 test from StreamSerializerTests
[ RUN      ] StreamSerializerTests.FloatRoundTrip
[       OK ] StreamSerializerTests.FloatRoundTrip (0 ms)
[----------] 1 test from StreamSerializerTests (0 ms total)

[----------] Global test environment tear-down
[==========] 1 test from 1 test suite ran. (0 ms total)
[  PASSED  ] 1 test.
<end of output>
Test time =   0.00 sec
----------------------------------------------------------
Test Passed.
"StreamSerializerTests.FloatRoundTrip" end time: Apr 03 12:27 UTC
"StreamSerializerTests.FloatRoundTrip" time elapsed: 00:00:00
----------------------------------------------------------

13/140 Testing: StreamSerializerTests.BoolRoundTrip
13/140 Test: StreamSerializerTests.BoolRoundTrip
Command: "/home/runner/work/bison/bison/build_o0/tests/bison_test" "--gtest_filter=StreamSerializerTests.BoolRoundTrip" "--gtest_also_run_disabled_tests"
Directory: /home/runner/work/bison/bison/build_o0/tests
"StreamSerializerTests.BoolRoundTrip" start time: Apr 03 12:27 UTC
Output:
----------------------------------------------------------
Running main() from /home/runner/work/bison/bison/extern/googletest/googletest/src/gtest_main.cc
Note: Google Test filter = StreamSerializerTests.BoolRoundTrip
[==========] Running 1 test from 1 test suite.
[----------] Global test environment set-up.
[----------] 1 test from StreamSerializerTests
[ RUN      ] StreamSerializerTests.BoolRoundTrip
[       OK ] StreamSerializerTests.BoolRoundTrip (0 ms)
[----------] 1 test from StreamSerializerTests (0 ms total)

[----------] Global test environment tear-down
[==========] 1 test from 1 test suite ran. (0 ms total)
[  PASSED  ] 1 test.
<end of output>
Test time =   0.00 sec
----------------------------------------------------------
Test Passed.
"StreamSerializerTests.BoolRoundTrip" end time: Apr 03 12:27 UTC
"StreamSerializerTests.BoolRoundTrip" time elapsed: 00:00:00
----------------------------------------------------------

14/140 Testing: StreamSerializerTests.StringRoundTrip
14/140 Test: StreamSerializerTests.StringRoundTrip
Command: "/home/runner/work/bison/bison/build_o0/tests/bison_test" "--gtest_filter=StreamSerializerTests.StringRoundTrip" "--gtest_also_run_disabled_tests"
Directory: /home/runner/work/bison/bison/build_o0/tests
"StreamSerializerTests.StringRoundTrip" start time: Apr 03 12:27 UTC
Output:
----------------------------------------------------------
Running main() from /home/runner/work/bison/bison/extern/googletest/googletest/src/gtest_main.cc
Note: Google Test filter = StreamSerializerTests.StringRoundTrip
[==========] Running 1 test from 1 test suite.
[----------] Global test environment set-up.
[----------] 1 test from StreamSerializerTests
[ RUN      ] StreamSerializerTests.StringRoundTrip
[       OK ] StreamSerializerTests.StringRoundTrip (0 ms)
[----------] 1 test from StreamSerializerTests (0 ms total)

[----------] Global test environment tear-down
[==========] 1 test from 1 test suite ran. (0 ms total)
[  PASSED  ] 1 test.
<end of output>
Test time =   0.00 sec
----------------------------------------------------------
Test Passed.
"StreamSerializerTests.StringRoundTrip" end time: Apr 03 12:27 UTC
"StreamSerializerTests.StringRoundTrip" time elapsed: 00:00:00
----------------------------------------------------------

15/140 Testing: StreamSerializerTests.EmptyStringRoundTrip
15/140 Test: StreamSerializerTests.EmptyStringRoundTrip
Command: "/home/runner/work/bison/bison/build_o0/tests/bison_test" "--gtest_filter=StreamSerializerTests.EmptyStringRoundTrip" "--gtest_also_run_disabled_tests"
Directory: /home/runner/work/bison/bison/build_o0/tests
"StreamSerializerTests.EmptyStringRoundTrip" start time: Apr 03 12:27 UTC
Output:
----------------------------------------------------------
Running main() from /home/runner/work/bison/bison/extern/googletest/googletest/src/gtest_main.cc
Note: Google Test filter = StreamSerializerTests.EmptyStringRoundTrip
[==========] Running 1 test from 1 test suite.
[----------] Global test environment set-up.
[----------] 1 test from StreamSerializerTests
[ RUN      ] StreamSerializerTests.EmptyStringRoundTrip
[       OK ] StreamSerializerTests.EmptyStringRoundTrip (0 ms)
[----------] 1 test from StreamSerializerTests (0 ms total)

[----------] Global test environment tear-down
[==========] 1 test from 1 test suite ran. (0 ms total)
[  PASSED  ] 1 test.
<end of output>
Test time =   0.00 sec
----------------------------------------------------------
Test Passed.
"StreamSerializerTests.EmptyStringRoundTrip" end time: Apr 03 12:27 UTC
"StreamSerializerTests.EmptyStringRoundTrip" time elapsed: 00:00:00
----------------------------------------------------------

16/140 Testing: StreamSerializerTests.VectorInt32RoundTrip
16/140 Test: StreamSerializerTests.VectorInt32RoundTrip
Command: "/home/runner/work/bison/bison/build_o0/tests/bison_test" "--gtest_filter=StreamSerializerTests.VectorInt32RoundTrip" "--gtest_also_run_disabled_tests"
Directory: /home/runner/work/bison/bison/build_o0/tests
"StreamSerializerTests.VectorInt32RoundTrip" start time: Apr 03 12:27 UTC
Output:
----------------------------------------------------------
Running main() from /home/runner/work/bison/bison/extern/googletest/googletest/src/gtest_main.cc
Note: Google Test filter = StreamSerializerTests.VectorInt32RoundTrip
[==========] Running 1 test from 1 test suite.
[----------] Global test environment set-up.
[----------] 1 test from StreamSerializerTests
[ RUN      ] StreamSerializerTests.VectorInt32RoundTrip
[       OK ] StreamSerializerTests.VectorInt32RoundTrip (0 ms)
[----------] 1 test from StreamSerializerTests (0 ms total)

[----------] Global test environment tear-down
[==========] 1 test from 1 test suite ran. (0 ms total)
[  PASSED  ] 1 test.
<end of output>
Test time =   0.00 sec
----------------------------------------------------------
Test Passed.
"StreamSerializerTests.VectorInt32RoundTrip" end time: Apr 03 12:27 UTC
"StreamSerializerTests.VectorInt32RoundTrip" time elapsed: 00:00:00
----------------------------------------------------------

17/140 Testing: StreamSerializerTests.VectorFloatRoundTrip
17/140 Test: StreamSerializerTests.VectorFloatRoundTrip
Command: "/home/runner/work/bison/bison/build_o0/tests/bison_test" "--gtest_filter=StreamSerializerTests.VectorFloatRoundTrip" "--gtest_also_run_disabled_tests"
Directory: /home/runner/work/bison/bison/build_o0/tests
"StreamSerializerTests.VectorFloatRoundTrip" start time: Apr 03 12:27 UTC
Output:
----------------------------------------------------------
Running main() from /home/runner/work/bison/bison/extern/googletest/googletest/src/gtest_main.cc
Note: Google Test filter = StreamSerializerTests.VectorFloatRoundTrip
[==========] Running 1 test from 1 test suite.
[----------] Global test environment set-up.
[----------] 1 test from StreamSerializerTests
[ RUN      ] StreamSerializerTests.VectorFloatRoundTrip
[       OK ] StreamSerializerTests.VectorFloatRoundTrip (0 ms)
[----------] 1 test from StreamSerializerTests (0 ms total)

[----------] Global test environment tear-down
[==========] 1 test from 1 test suite ran. (0 ms total)
[  PASSED  ] 1 test.
<end of output>
Test time =   0.00 sec
----------------------------------------------------------
Test Passed.
"StreamSerializerTests.VectorFloatRoundTrip" end time: Apr 03 12:27 UTC
"StreamSerializerTests.VectorFloatRoundTrip" time elapsed: 00:00:00
----------------------------------------------------------

18/140 Testing: StreamSerializerTests.SpanInt32RoundTripToVector
18/140 Test: StreamSerializerTests.SpanInt32RoundTripToVector
Command: "/home/runner/work/bison/bison/build_o0/tests/bison_test" "--gtest_filter=StreamSerializerTests.SpanInt32RoundTripToVector" "--gtest_also_run_disabled_tests"
Directory: /home/runner/work/bison/bison/build_o0/tests
"StreamSerializerTests.SpanInt32RoundTripToVector" start time: Apr 03 12:27 UTC
Output:
----------------------------------------------------------
Running main() from /home/runner/work/bison/bison/extern/googletest/googletest/src/gtest_main.cc
Note: Google Test filter = StreamSerializerTests.SpanInt32RoundTripToVector
[==========] Running 1 test from 1 test suite.
[----------] Global test environment set-up.
[----------] 1 test from StreamSerializerTests
[ RUN      ] StreamSerializerTests.SpanInt32RoundTripToVector
[       OK ] StreamSerializerTests.SpanInt32RoundTripToVector (0 ms)
[----------] 1 test from StreamSerializerTests (0 ms total)

[----------] Global test environment tear-down
[==========] 1 test from 1 test suite ran. (0 ms total)
[  PASSED  ] 1 test.
<end of output>
Test time =   0.00 sec
----------------------------------------------------------
Test Passed.
"StreamSerializerTests.SpanInt32RoundTripToVector" end time: Apr 03 12:27 UTC
"StreamSerializerTests.SpanInt32RoundTripToVector" time elapsed: 00:00:00
----------------------------------------------------------

19/140 Testing: StreamSerializerTests.SpanFloatRoundTripIntoFixedBuffer
19/140 Test: StreamSerializerTests.SpanFloatRoundTripIntoFixedBuffer
Command: "/home/runner/work/bison/bison/build_o0/tests/bison_test" "--gtest_filter=StreamSerializerTests.SpanFloatRoundTripIntoFixedBuffer" "--gtest_also_run_disabled_tests"
Directory: /home/runner/work/bison/bison/build_o0/tests
"StreamSerializerTests.SpanFloatRoundTripIntoFixedBuffer" start time: Apr 03 12:27 UTC
Output:
----------------------------------------------------------
Running main() from /home/runner/work/bison/bison/extern/googletest/googletest/src/gtest_main.cc
Note: Google Test filter = StreamSerializerTests.SpanFloatRoundTripIntoFixedBuffer
[==========] Running 1 test from 1 test suite.
[----------] Global test environment set-up.
[----------] 1 test from StreamSerializerTests
[ RUN      ] StreamSerializerTests.SpanFloatRoundTripIntoFixedBuffer
[       OK ] StreamSerializerTests.SpanFloatRoundTripIntoFixedBuffer (0 ms)
[----------] 1 test from StreamSerializerTests (0 ms total)

[----------] Global test environment tear-down
[==========] 1 test from 1 test suite ran. (0 ms total)
[  PASSED  ] 1 test.
<end of output>
Test time =   0.00 sec
----------------------------------------------------------
Test Passed.
"StreamSerializerTests.SpanFloatRoundTripIntoFixedBuffer" end time: Apr 03 12:27 UTC
"StreamSerializerTests.SpanFloatRoundTripIntoFixedBuffer" time elapsed: 00:00:00
----------------------------------------------------------

20/140 Testing: StreamSerializerTests.SpanReadSizeMismatchThrows
20/140 Test: StreamSerializerTests.SpanReadSizeMismatchThrows
Command: "/home/runner/work/bison/bison/build_o0/tests/bison_test" "--gtest_filter=StreamSerializerTests.SpanReadSizeMismatchThrows" "--gtest_also_run_disabled_tests"
Directory: /home/runner/work/bison/bison/build_o0/tests
"StreamSerializerTests.SpanReadSizeMismatchThrows" start time: Apr 03 12:27 UTC
Output:
----------------------------------------------------------
Running main() from /home/runner/work/bison/bison/extern/googletest/googletest/src/gtest_main.cc
Note: Google Test filter = StreamSerializerTests.SpanReadSizeMismatchThrows
[==========] Running 1 test from 1 test suite.
[----------] Global test environment set-up.
[----------] 1 test from StreamSerializerTests
[ RUN      ] StreamSerializerTests.SpanReadSizeMismatchThrows
[       OK ] StreamSerializerTests.SpanReadSizeMismatchThrows (0 ms)
[----------] 1 test from StreamSerializerTests (0 ms total)

[----------] Global test environment tear-down
[==========] 1 test from 1 test suite ran. (0 ms total)
[  PASSED  ] 1 test.
<end of output>
Test time =   0.00 sec
----------------------------------------------------------
Test Passed.
"StreamSerializerTests.SpanReadSizeMismatchThrows" end time: Apr 03 12:27 UTC
"StreamSerializerTests.SpanReadSizeMismatchThrows" time elapsed: 00:00:00
----------------------------------------------------------

21/140 Testing: StreamSerializerTests.StringViewWriteRoundTrip
21/140 Test: StreamSerializerTests.StringViewWriteRoundTrip
Command: "/home/runner/work/bison/bison/build_o0/tests/bison_test" "--gtest_filter=StreamSerializerTests.StringViewWriteRoundTrip" "--gtest_also_run_disabled_tests"
Directory: /home/runner/work/bison/bison/build_o0/tests
"StreamSerializerTests.StringViewWriteRoundTrip" start time: Apr 03 12:27 UTC
Output:
----------------------------------------------------------
Running main() from /home/runner/work/bison/bison/extern/googletest/googletest/src/gtest_main.cc
Note: Google Test filter = StreamSerializerTests.StringViewWriteRoundTrip
[==========] Running 1 test from 1 test suite.
[----------] Global test environment set-up.
[----------] 1 test from StreamSerializerTests
[ RUN      ] StreamSerializerTests.StringViewWriteRoundTrip
[       OK ] StreamSerializerTests.StringViewWriteRoundTrip (0 ms)
[----------] 1 test from StreamSerializerTests (0 ms total)

[----------] Global test environment tear-down
[==========] 1 test from 1 test suite ran. (0 ms total)
[  PASSED  ] 1 test.
<end of output>
Test time =   0.00 sec
----------------------------------------------------------
Test Passed.
"StreamSerializerTests.StringViewWriteRoundTrip" end time: Apr 03 12:27 UTC
"StreamSerializerTests.StringViewWriteRoundTrip" time elapsed: 00:00:00
----------------------------------------------------------

22/140 Testing: StreamSerializerTests.StringViewReadAliasesStorage
22/140 Test: StreamSerializerTests.StringViewReadAliasesStorage
Command: "/home/runner/work/bison/bison/build_o0/tests/bison_test" "--gtest_filter=StreamSerializerTests.StringViewReadAliasesStorage" "--gtest_also_run_disabled_tests"
Directory: /home/runner/work/bison/bison/build_o0/tests
"StreamSerializerTests.StringViewReadAliasesStorage" start time: Apr 03 12:27 UTC
Output:
----------------------------------------------------------
Running main() from /home/runner/work/bison/bison/extern/googletest/googletest/src/gtest_main.cc
Note: Google Test filter = StreamSerializerTests.StringViewReadAliasesStorage
[==========] Running 1 test from 1 test suite.
[----------] Global test environment set-up.
[----------] 1 test from StreamSerializerTests
[ RUN      ] StreamSerializerTests.StringViewReadAliasesStorage
[       OK ] StreamSerializerTests.StringViewReadAliasesStorage (0 ms)
[----------] 1 test from StreamSerializerTests (0 ms total)

[----------] Global test environment tear-down
[==========] 1 test from 1 test suite ran. (0 ms total)
[  PASSED  ] 1 test.
<end of output>
Test time =   0.00 sec
----------------------------------------------------------
Test Passed.
"StreamSerializerTests.StringViewReadAliasesStorage" end time: Apr 03 12:27 UTC
"StreamSerializerTests.StringViewReadAliasesStorage" time elapsed: 00:00:00
----------------------------------------------------------

23/140 Testing: StreamSerializerTests.MultipleValuesInOrder
23/140 Test: StreamSerializerTests.MultipleValuesInOrder
Command: "/home/runner/work/bison/bison/build_o0/tests/bison_test" "--gtest_filter=StreamSerializerTests.MultipleValuesInOrder" "--gtest_also_run_disabled_tests"
Directory: /home/runner/work/bison/bison/build_o0/tests
"StreamSerializerTests.MultipleValuesInOrder" start time: Apr 03 12:27 UTC
Output:
----------------------------------------------------------
Running main() from /home/runner/work/bison/bison/extern/googletest/googletest/src/gtest_main.cc
Note: Google Test filter = StreamSerializerTests.MultipleValuesInOrder
[==========] Running 1 test from 1 test suite.
[----------] Global test environment set-up.
[----------] 1 test from StreamSerializerTests
[ RUN      ] StreamSerializerTests.MultipleValuesInOrder
[       OK ] StreamSerializerTests.MultipleValuesInOrder (0 ms)
[----------] 1 test from StreamSerializerTests (0 ms total)

[----------] Global test environment tear-down
[==========] 1 test from 1 test suite ran. (0 ms total)
[  PASSED  ] 1 test.
<end of output>
Test time =   0.00 sec
----------------------------------------------------------
Test Passed.
"StreamSerializerTests.MultipleValuesInOrder" end time: Apr 03 12:27 UTC
"StreamSerializerTests.MultipleValuesInOrder" time elapsed: 00:00:00
----------------------------------------------------------

24/140 Testing: BufferSerializerTests.Int32RoundTrip
24/140 Test: BufferSerializerTests.Int32RoundTrip
Command: "/home/runner/work/bison/bison/build_o0/tests/bison_test" "--gtest_filter=BufferSerializerTests.Int32RoundTrip" "--gtest_also_run_disabled_tests"
Directory: /home/runner/work/bison/bison/build_o0/tests
"BufferSerializerTests.Int32RoundTrip" start time: Apr 03 12:27 UTC
Output:
----------------------------------------------------------
Running main() from /home/runner/work/bison/bison/extern/googletest/googletest/src/gtest_main.cc
Note: Google Test filter = BufferSerializerTests.Int32RoundTrip
[==========] Running 1 test from 1 test suite.
[----------] Global test environment set-up.
[----------] 1 test from BufferSerializerTests
[ RUN      ] BufferSerializerTests.Int32RoundTrip
[       OK ] BufferSerializerTests.Int32RoundTrip (0 ms)
[----------] 1 test from BufferSerializerTests (0 ms total)

[----------] Global test environment tear-down
[==========] 1 test from 1 test suite ran. (0 ms total)
[  PASSED  ] 1 test.
<end of output>
Test time =   0.00 sec
----------------------------------------------------------
Test Passed.
"BufferSerializerTests.Int32RoundTrip" end time: Apr 03 12:27 UTC
"BufferSerializerTests.Int32RoundTrip" time elapsed: 00:00:00
----------------------------------------------------------

25/140 Testing: BufferSerializerTests.FloatRoundTrip
25/140 Test: BufferSerializerTests.FloatRoundTrip
Command: "/home/runner/work/bison/bison/build_o0/tests/bison_test" "--gtest_filter=BufferSerializerTests.FloatRoundTrip" "--gtest_also_run_disabled_tests"
Directory: /home/runner/work/bison/bison/build_o0/tests
"BufferSerializerTests.FloatRoundTrip" start time: Apr 03 12:27 UTC
Output:
----------------------------------------------------------
Running main() from /home/runner/work/bison/bison/extern/googletest/googletest/src/gtest_main.cc
Note: Google Test filter = BufferSerializerTests.FloatRoundTrip
[==========] Running 1 test from 1 test suite.
[----------] Global test environment set-up.
[----------] 1 test from BufferSerializerTests
[ RUN      ] BufferSerializerTests.FloatRoundTrip
[       OK ] BufferSerializerTests.FloatRoundTrip (0 ms)
[----------] 1 test from BufferSerializerTests (0 ms total)

[----------] Global test environment tear-down
[==========] 1 test from 1 test suite ran. (0 ms total)
[  PASSED  ] 1 test.
<end of output>
Test time =   0.00 sec
----------------------------------------------------------
Test Passed.
"BufferSerializerTests.FloatRoundTrip" end time: Apr 03 12:27 UTC
"BufferSerializerTests.FloatRoundTrip" time elapsed: 00:00:00
----------------------------------------------------------

26/140 Testing: BufferSerializerTests.BoolRoundTrip
26/140 Test: BufferSerializerTests.BoolRoundTrip
Command: "/home/runner/work/bison/bison/build_o0/tests/bison_test" "--gtest_filter=BufferSerializerTests.BoolRoundTrip" "--gtest_also_run_disabled_tests"
Directory: /home/runner/work/bison/bison/build_o0/tests
"BufferSerializerTests.BoolRoundTrip" start time: Apr 03 12:27 UTC
Output:
----------------------------------------------------------
Running main() from /home/runner/work/bison/bison/extern/googletest/googletest/src/gtest_main.cc
Note: Google Test filter = BufferSerializerTests.BoolRoundTrip
[==========] Running 1 test from 1 test suite.
[----------] Global test environment set-up.
[----------] 1 test from BufferSerializerTests
[ RUN      ] BufferSerializerTests.BoolRoundTrip
[       OK ] BufferSerializerTests.BoolRoundTrip (0 ms)
[----------] 1 test from BufferSerializerTests (0 ms total)

[----------] Global test environment tear-down
[==========] 1 test from 1 test suite ran. (0 ms total)
[  PASSED  ] 1 test.
<end of output>
Test time =   0.00 sec
----------------------------------------------------------
Test Passed.
"BufferSerializerTests.BoolRoundTrip" end time: Apr 03 12:27 UTC
"BufferSerializerTests.BoolRoundTrip" time elapsed: 00:00:00
----------------------------------------------------------

27/140 Testing: BufferSerializerTests.StringRoundTrip
27/140 Test: BufferSerializerTests.StringRoundTrip
Command: "/home/runner/work/bison/bison/build_o0/tests/bison_test" "--gtest_filter=BufferSerializerTests.StringRoundTrip" "--gtest_also_run_disabled_tests"
Directory: /home/runner/work/bison/bison/build_o0/tests
"BufferSerializerTests.StringRoundTrip" start time: Apr 03 12:27 UTC
Output:
----------------------------------------------------------
Running main() from /home/runner/work/bison/bison/extern/googletest/googletest/src/gtest_main.cc
Note: Google Test filter = BufferSerializerTests.StringRoundTrip
[==========] Running 1 test from 1 test suite.
[----------] Global test environment set-up.
[----------] 1 test from BufferSerializerTests
[ RUN      ] BufferSerializerTests.StringRoundTrip
[       OK ] BufferSerializerTests.StringRoundTrip (0 ms)
[----------] 1 test from BufferSerializerTests (0 ms total)

[----------] Global test environment tear-down
[==========] 1 test from 1 test suite ran. (0 ms total)
[  PASSED  ] 1 test.
<end of output>
Test time =   0.00 sec
----------------------------------------------------------
Test Passed.
"BufferSerializerTests.StringRoundTrip" end time: Apr 03 12:27 UTC
"BufferSerializerTests.StringRoundTrip" time elapsed: 00:00:00
----------------------------------------------------------

28/140 Testing: BufferSerializerTests.VectorInt32RoundTrip
28/140 Test: BufferSerializerTests.VectorInt32RoundTrip
Command: "/home/runner/work/bison/bison/build_o0/tests/bison_test" "--gtest_filter=BufferSerializerTests.VectorInt32RoundTrip" "--gtest_also_run_disabled_tests"
Directory: /home/runner/work/bison/bison/build_o0/tests
"BufferSerializerTests.VectorInt32RoundTrip" start time: Apr 03 12:27 UTC
Output:
----------------------------------------------------------
Running main() from /home/runner/work/bison/bison/extern/googletest/googletest/src/gtest_main.cc
Note: Google Test filter = BufferSerializerTests.VectorInt32RoundTrip
[==========] Running 1 test from 1 test suite.
[----------] Global test environment set-up.
[----------] 1 test from BufferSerializerTests
[ RUN      ] BufferSerializerTests.VectorInt32RoundTrip
[       OK ] BufferSerializerTests.VectorInt32RoundTrip (0 ms)
[----------] 1 test from BufferSerializerTests (0 ms total)

[----------] Global test environment tear-down
[==========] 1 test from 1 test suite ran. (0 ms total)
[  PASSED  ] 1 test.
<end of output>
Test time =   0.00 sec
----------------------------------------------------------
Test Passed.
"BufferSerializerTests.VectorInt32RoundTrip" end time: Apr 03 12:27 UTC
"BufferSerializerTests.VectorInt32RoundTrip" time elapsed: 00:00:00
----------------------------------------------------------

29/140 Testing: BufferSerializerTests.VectorFloatRoundTrip
29/140 Test: BufferSerializerTests.VectorFloatRoundTrip
Command: "/home/runner/work/bison/bison/build_o0/tests/bison_test" "--gtest_filter=BufferSerializerTests.VectorFloatRoundTrip" "--gtest_also_run_disabled_tests"
Directory: /home/runner/work/bison/bison/build_o0/tests
"BufferSerializerTests.VectorFloatRoundTrip" start time: Apr 03 12:27 UTC
Output:
----------------------------------------------------------
Running main() from /home/runner/work/bison/bison/extern/googletest/googletest/src/gtest_main.cc
Note: Google Test filter = BufferSerializerTests.VectorFloatRoundTrip
[==========] Running 1 test from 1 test suite.
[----------] Global test environment set-up.
[----------] 1 test from BufferSerializerTests
[ RUN      ] BufferSerializerTests.VectorFloatRoundTrip
[       OK ] BufferSerializerTests.VectorFloatRoundTrip (0 ms)
[----------] 1 test from BufferSerializerTests (0 ms total)

[----------] Global test environment tear-down
[==========] 1 test from 1 test suite ran. (0 ms total)
[  PASSED  ] 1 test.
<end of output>
Test time =   0.00 sec
----------------------------------------------------------
Test Passed.
"BufferSerializerTests.VectorFloatRoundTrip" end time: Apr 03 12:27 UTC
"BufferSerializerTests.VectorFloatRoundTrip" time elapsed: 00:00:00
----------------------------------------------------------

30/140 Testing: BufferSerializerTests.MultipleValuesInOrder
30/140 Test: BufferSerializerTests.MultipleValuesInOrder
Command: "/home/runner/work/bison/bison/build_o0/tests/bison_test" "--gtest_filter=BufferSerializerTests.MultipleValuesInOrder" "--gtest_also_run_disabled_tests"
Directory: /home/runner/work/bison/bison/build_o0/tests
"BufferSerializerTests.MultipleValuesInOrder" start time: Apr 03 12:27 UTC
Output:
----------------------------------------------------------
Running main() from /home/runner/work/bison/bison/extern/googletest/googletest/src/gtest_main.cc
Note: Google Test filter = BufferSerializerTests.MultipleValuesInOrder
[==========] Running 1 test from 1 test suite.
[----------] Global test environment set-up.
[----------] 1 test from BufferSerializerTests
[ RUN      ] BufferSerializerTests.MultipleValuesInOrder
[       OK ] BufferSerializerTests.MultipleValuesInOrder (0 ms)
[----------] 1 test from BufferSerializerTests (0 ms total)

[----------] Global test environment tear-down
[==========] 1 test from 1 test suite ran. (0 ms total)
[  PASSED  ] 1 test.
<end of output>
Test time =   0.00 sec
----------------------------------------------------------
Test Passed.
"BufferSerializerTests.MultipleValuesInOrder" end time: Apr 03 12:27 UTC
"BufferSerializerTests.MultipleValuesInOrder" time elapsed: 00:00:00
----------------------------------------------------------

31/140 Testing: BufferSerializerTests.UnderflowThrows
31/140 Test: BufferSerializerTests.UnderflowThrows
Command: "/home/runner/work/bison/bison/build_o0/tests/bison_test" "--gtest_filter=BufferSerializerTests.UnderflowThrows" "--gtest_also_run_disabled_tests"
Directory: /home/runner/work/bison/bison/build_o0/tests
"BufferSerializerTests.UnderflowThrows" start time: Apr 03 12:27 UTC
Output:
----------------------------------------------------------
Running main() from /home/runner/work/bison/bison/extern/googletest/googletest/src/gtest_main.cc
Note: Google Test filter = BufferSerializerTests.UnderflowThrows
[==========] Running 1 test from 1 test suite.
[----------] Global test environment set-up.
[----------] 1 test from BufferSerializerTests
[ RUN      ] BufferSerializerTests.UnderflowThrows
[       OK ] BufferSerializerTests.UnderflowThrows (0 ms)
[----------] 1 test from BufferSerializerTests (0 ms total)

[----------] Global test environment tear-down
[==========] 1 test from 1 test suite ran. (0 ms total)
[  PASSED  ] 1 test.
<end of output>
Test time =   0.00 sec
----------------------------------------------------------
Test Passed.
"BufferSerializerTests.UnderflowThrows" end time: Apr 03 12:27 UTC
"BufferSerializerTests.UnderflowThrows" time elapsed: 00:00:00
----------------------------------------------------------

32/140 Testing: BufferSerializerTests.BufferEquivalentToStream
32/140 Test: BufferSerializerTests.BufferEquivalentToStream
Command: "/home/runner/work/bison/bison/build_o0/tests/bison_test" "--gtest_filter=BufferSerializerTests.BufferEquivalentToStream" "--gtest_also_run_disabled_tests"
Directory: /home/runner/work/bison/bison/build_o0/tests
"BufferSerializerTests.BufferEquivalentToStream" start time: Apr 03 12:27 UTC
Output:
----------------------------------------------------------
Running main() from /home/runner/work/bison/bison/extern/googletest/googletest/src/gtest_main.cc
Note: Google Test filter = BufferSerializerTests.BufferEquivalentToStream
[==========] Running 1 test from 1 test suite.
[----------] Global test environment set-up.
[----------] 1 test from BufferSerializerTests
[ RUN      ] BufferSerializerTests.BufferEquivalentToStream
[       OK ] BufferSerializerTests.BufferEquivalentToStream (0 ms)
[----------] 1 test from BufferSerializerTests (0 ms total)

[----------] Global test environment tear-down
[==========] 1 test from 1 test suite ran. (0 ms total)
[  PASSED  ] 1 test.
<end of output>
Test time =   0.00 sec
----------------------------------------------------------
Test Passed.
"BufferSerializerTests.BufferEquivalentToStream" end time: Apr 03 12:27 UTC
"BufferSerializerTests.BufferEquivalentToStream" time elapsed: 00:00:00
----------------------------------------------------------

33/140 Testing: BufferSerializerTests.DynamicObjectRoundTrip
33/140 Test: BufferSerializerTests.DynamicObjectRoundTrip
Command: "/home/runner/work/bison/bison/build_o0/tests/bison_test" "--gtest_filter=BufferSerializerTests.DynamicObjectRoundTrip" "--gtest_also_run_disabled_tests"
Directory: /home/runner/work/bison/bison/build_o0/tests
"BufferSerializerTests.DynamicObjectRoundTrip" start time: Apr 03 12:27 UTC
Output:
----------------------------------------------------------
Running main() from /home/runner/work/bison/bison/extern/googletest/googletest/src/gtest_main.cc
Note: Google Test filter = BufferSerializerTests.DynamicObjectRoundTrip
[==========] Running 1 test from 1 test suite.
[----------] Global test environment set-up.
[----------] 1 test from BufferSerializerTests
[ RUN      ] BufferSerializerTests.DynamicObjectRoundTrip
[       OK ] BufferSerializerTests.DynamicObjectRoundTrip (0 ms)
[----------] 1 test from BufferSerializerTests (0 ms total)

[----------] Global test environment tear-down
[==========] 1 test from 1 test suite ran. (0 ms total)
[  PASSED  ] 1 test.
<end of output>
Test time =   0.00 sec
----------------------------------------------------------
Test Passed.
"BufferSerializerTests.DynamicObjectRoundTrip" end time: Apr 03 12:27 UTC
"BufferSerializerTests.DynamicObjectRoundTrip" time elapsed: 00:00:00
----------------------------------------------------------

34/140 Testing: BufferSerializerTests.StringViewRoundTrip
34/140 Test: BufferSerializerTests.StringViewRoundTrip
Command: "/home/runner/work/bison/bison/build_o0/tests/bison_test" "--gtest_filter=BufferSerializerTests.StringViewRoundTrip" "--gtest_also_run_disabled_tests"
Directory: /home/runner/work/bison/bison/build_o0/tests
"BufferSerializerTests.StringViewRoundTrip" start time: Apr 03 12:27 UTC
Output:
----------------------------------------------------------
Running main() from /home/runner/work/bison/bison/extern/googletest/googletest/src/gtest_main.cc
Note: Google Test filter = BufferSerializerTests.StringViewRoundTrip
[==========] Running 1 test from 1 test suite.
[----------] Global test environment set-up.
[----------] 1 test from BufferSerializerTests
[ RUN      ] BufferSerializerTests.StringViewRoundTrip
[       OK ] BufferSerializerTests.StringViewRoundTrip (0 ms)
[----------] 1 test from BufferSerializerTests (0 ms total)

[----------] Global test environment tear-down
[==========] 1 test from 1 test suite ran. (0 ms total)
[  PASSED  ] 1 test.
<end of output>
Test time =   0.00 sec
----------------------------------------------------------
Test Passed.
"BufferSerializerTests.StringViewRoundTrip" end time: Apr 03 12:27 UTC
"BufferSerializerTests.StringViewRoundTrip" time elapsed: 00:00:00
----------------------------------------------------------

35/140 Testing: FieldTests.DefaultConstructionIsMonostate
35/140 Test: FieldTests.DefaultConstructionIsMonostate
Command: "/home/runner/work/bison/bison/build_o0/tests/bison_test" "--gtest_filter=FieldTests.DefaultConstructionIsMonostate" "--gtest_also_run_disabled_tests"
Directory: /home/runner/work/bison/bison/build_o0/tests
"FieldTests.DefaultConstructionIsMonostate" start time: Apr 03 12:27 UTC
Output:
----------------------------------------------------------
Running main() from /home/runner/work/bison/bison/extern/googletest/googletest/src/gtest_main.cc
Note: Google Test filter = FieldTests.DefaultConstructionIsMonostate
[==========] Running 1 test from 1 test suite.
[----------] Global test environment set-up.
[----------] 1 test from FieldTests
[ RUN      ] FieldTests.DefaultConstructionIsMonostate
[       OK ] FieldTests.DefaultConstructionIsMonostate (0 ms)
[----------] 1 test from FieldTests (0 ms total)

[----------] Global test environment tear-down
[==========] 1 test from 1 test suite ran. (0 ms total)
[  PASSED  ] 1 test.
<end of output>
Test time =   0.00 sec
----------------------------------------------------------
Test Passed.
"FieldTests.DefaultConstructionIsMonostate" end time: Apr 03 12:27 UTC
"FieldTests.DefaultConstructionIsMonostate" time elapsed: 00:00:00
----------------------------------------------------------

36/140 Testing: FieldTests.ConstructBool
36/140 Test: FieldTests.ConstructBool
Command: "/home/runner/work/bison/bison/build_o0/tests/bison_test" "--gtest_filter=FieldTests.ConstructBool" "--gtest_also_run_disabled_tests"
Directory: /home/runner/work/bison/bison/build_o0/tests
"FieldTests.ConstructBool" start time: Apr 03 12:27 UTC
Output:
----------------------------------------------------------
Running main() from /home/runner/work/bison/bison/extern/googletest/googletest/src/gtest_main.cc
Note: Google Test filter = FieldTests.ConstructBool
[==========] Running 1 test from 1 test suite.
[----------] Global test environment set-up.
[----------] 1 test from FieldTests
[ RUN      ] FieldTests.ConstructBool
[       OK ] FieldTests.ConstructBool (0 ms)
[----------] 1 test from FieldTests (0 ms total)

[----------] Global test environment tear-down
[==========] 1 test from 1 test suite ran. (0 ms total)
[  PASSED  ] 1 test.
<end of output>
Test time =   0.00 sec
----------------------------------------------------------
Test Passed.
"FieldTests.ConstructBool" end time: Apr 03 12:27 UTC
"FieldTests.ConstructBool" time elapsed: 00:00:00
----------------------------------------------------------

37/140 Testing: FieldTests.ConstructInt32
37/140 Test: FieldTests.ConstructInt32
Command: "/home/runner/work/bison/bison/build_o0/tests/bison_test" "--gtest_filter=FieldTests.ConstructInt32" "--gtest_also_run_disabled_tests"
Directory: /home/runner/work/bison/bison/build_o0/tests
"FieldTests.ConstructInt32" start time: Apr 03 12:27 UTC
Output:
----------------------------------------------------------
Running main() from /home/runner/work/bison/bison/extern/googletest/googletest/src/gtest_main.cc
Note: Google Test filter = FieldTests.ConstructInt32
[==========] Running 1 test from 1 test suite.
[----------] Global test environment set-up.
[----------] 1 test from FieldTests
[ RUN      ] FieldTests.ConstructInt32
[       OK ] FieldTests.ConstructInt32 (0 ms)
[----------] 1 test from FieldTests (0 ms total)

[----------] Global test environment tear-down
[==========] 1 test from 1 test suite ran. (0 ms total)
[  PASSED  ] 1 test.
<end of output>
Test time =   0.00 sec
----------------------------------------------------------
Test Passed.
"FieldTests.ConstructInt32" end time: Apr 03 12:27 UTC
"FieldTests.ConstructInt32" time elapsed: 00:00:00
----------------------------------------------------------

38/140 Testing: FieldTests.ConstructFloat
38/140 Test: FieldTests.ConstructFloat
Command: "/home/runner/work/bison/bison/build_o0/tests/bison_test" "--gtest_filter=FieldTests.ConstructFloat" "--gtest_also_run_disabled_tests"
Directory: /home/runner/work/bison/bison/build_o0/tests
"FieldTests.ConstructFloat" start time: Apr 03 12:27 UTC
Output:
----------------------------------------------------------
Running main() from /home/runner/work/bison/bison/extern/googletest/googletest/src/gtest_main.cc
Note: Google Test filter = FieldTests.ConstructFloat
[==========] Running 1 test from 1 test suite.
[----------] Global test environment set-up.
[----------] 1 test from FieldTests
[ RUN      ] FieldTests.ConstructFloat
[       OK ] FieldTests.ConstructFloat (0 ms)
[----------] 1 test from FieldTests (0 ms total)

[----------] Global test environment tear-down
[==========] 1 test from 1 test suite ran. (0 ms total)
[  PASSED  ] 1 test.
<end of output>
Test time =   0.00 sec
----------------------------------------------------------
Test Passed.
"FieldTests.ConstructFloat" end time: Apr 03 12:27 UTC
"FieldTests.ConstructFloat" time elapsed: 00:00:00
----------------------------------------------------------

39/140 Testing: FieldTests.ConstructString
39/140 Test: FieldTests.ConstructString
Command: "/home/runner/work/bison/bison/build_o0/tests/bison_test" "--gtest_filter=FieldTests.ConstructString" "--gtest_also_run_disabled_tests"
Directory: /home/runner/work/bison/bison/build_o0/tests
"FieldTests.ConstructString" start time: Apr 03 12:27 UTC
Output:
----------------------------------------------------------
Running main() from /home/runner/work/bison/bison/extern/googletest/googletest/src/gtest_main.cc
Note: Google Test filter = FieldTests.ConstructString
[==========] Running 1 test from 1 test suite.
[----------] Global test environment set-up.
[----------] 1 test from FieldTests
[ RUN      ] FieldTests.ConstructString
[       OK ] FieldTests.ConstructString (0 ms)
[----------] 1 test from FieldTests (0 ms total)

[----------] Global test environment tear-down
[==========] 1 test from 1 test suite ran. (0 ms total)
[  PASSED  ] 1 test.
<end of output>
Test time =   0.00 sec
----------------------------------------------------------
Test Passed.
"FieldTests.ConstructString" end time: Apr 03 12:27 UTC
"FieldTests.ConstructString" time elapsed: 00:00:00
----------------------------------------------------------

40/140 Testing: FieldTests.ImplicitConversionToConstStringRefAvoidsCopy
40/140 Test: FieldTests.ImplicitConversionToConstStringRefAvoidsCopy
Command: "/home/runner/work/bison/bison/build_o0/tests/bison_test" "--gtest_filter=FieldTests.ImplicitConversionToConstStringRefAvoidsCopy" "--gtest_also_run_disabled_tests"
Directory: /home/runner/work/bison/bison/build_o0/tests
"FieldTests.ImplicitConversionToConstStringRefAvoidsCopy" start time: Apr 03 12:27 UTC
Output:
----------------------------------------------------------
Running main() from /home/runner/work/bison/bison/extern/googletest/googletest/src/gtest_main.cc
Note: Google Test filter = FieldTests.ImplicitConversionToConstStringRefAvoidsCopy
[==========] Running 1 test from 1 test suite.
[----------] Global test environment set-up.
[----------] 1 test from FieldTests
[ RUN      ] FieldTests.ImplicitConversionToConstStringRefAvoidsCopy
[       OK ] FieldTests.ImplicitConversionToConstStringRefAvoidsCopy (0 ms)
[----------] 1 test from FieldTests (0 ms total)

[----------] Global test environment tear-down
[==========] 1 test from 1 test suite ran. (0 ms total)
[  PASSED  ] 1 test.
<end of output>
Test time =   0.00 sec
----------------------------------------------------------
Test Passed.
"FieldTests.ImplicitConversionToConstStringRefAvoidsCopy" end time: Apr 03 12:27 UTC
"FieldTests.ImplicitConversionToConstStringRefAvoidsCopy" time elapsed: 00:00:00
----------------------------------------------------------

41/140 Testing: FieldTests.ConstructFromStringLiteralPromotesToString
41/140 Test: FieldTests.ConstructFromStringLiteralPromotesToString
Command: "/home/runner/work/bison/bison/build_o0/tests/bison_test" "--gtest_filter=FieldTests.ConstructFromStringLiteralPromotesToString" "--gtest_also_run_disabled_tests"
Directory: /home/runner/work/bison/bison/build_o0/tests
"FieldTests.ConstructFromStringLiteralPromotesToString" start time: Apr 03 12:27 UTC
Output:
----------------------------------------------------------
Running main() from /home/runner/work/bison/bison/extern/googletest/googletest/src/gtest_main.cc
Note: Google Test filter = FieldTests.ConstructFromStringLiteralPromotesToString
[==========] Running 1 test from 1 test suite.
[----------] Global test environment set-up.
[----------] 1 test from FieldTests
[ RUN      ] FieldTests.ConstructFromStringLiteralPromotesToString
[       OK ] FieldTests.ConstructFromStringLiteralPromotesToString (0 ms)
[----------] 1 test from FieldTests (0 ms total)

[----------] Global test environment tear-down
[==========] 1 test from 1 test suite ran. (0 ms total)
[  PASSED  ] 1 test.
<end of output>
Test time =   0.00 sec
----------------------------------------------------------
Test Passed.
"FieldTests.ConstructFromStringLiteralPromotesToString" end time: Apr 03 12:27 UTC
"FieldTests.ConstructFromStringLiteralPromotesToString" time elapsed: 00:00:00
----------------------------------------------------------

42/140 Testing: FieldTests.ConstructVectorInt32
42/140 Test: FieldTests.ConstructVectorInt32
Command: "/home/runner/work/bison/bison/build_o0/tests/bison_test" "--gtest_filter=FieldTests.ConstructVectorInt32" "--gtest_also_run_disabled_tests"
Directory: /home/runner/work/bison/bison/build_o0/tests
"FieldTests.ConstructVectorInt32" start time: Apr 03 12:27 UTC
Output:
----------------------------------------------------------
Running main() from /home/runner/work/bison/bison/extern/googletest/googletest/src/gtest_main.cc
Note: Google Test filter = FieldTests.ConstructVectorInt32
[==========] Running 1 test from 1 test suite.
[----------] Global test environment set-up.
[----------] 1 test from FieldTests
[ RUN      ] FieldTests.ConstructVectorInt32
[       OK ] FieldTests.ConstructVectorInt32 (0 ms)
[----------] 1 test from FieldTests (0 ms total)

[----------] Global test environment tear-down
[==========] 1 test from 1 test suite ran. (0 ms total)
[  PASSED  ] 1 test.
<end of output>
Test time =   0.00 sec
----------------------------------------------------------
Test Passed.
"FieldTests.ConstructVectorInt32" end time: Apr 03 12:27 UTC
"FieldTests.ConstructVectorInt32" time elapsed: 00:00:00
----------------------------------------------------------

43/140 Testing: FieldTests.ConstructVectorFloat
43/140 Test: FieldTests.ConstructVectorFloat
Command: "/home/runner/work/bison/bison/build_o0/tests/bison_test" "--gtest_filter=FieldTests.ConstructVectorFloat" "--gtest_also_run_disabled_tests"
Directory: /home/runner/work/bison/bison/build_o0/tests
"FieldTests.ConstructVectorFloat" start time: Apr 03 12:27 UTC
Output:
----------------------------------------------------------
Running main() from /home/runner/work/bison/bison/extern/googletest/googletest/src/gtest_main.cc
Note: Google Test filter = FieldTests.ConstructVectorFloat
[==========] Running 1 test from 1 test suite.
[----------] Global test environment set-up.
[----------] 1 test from FieldTests
[ RUN      ] FieldTests.ConstructVectorFloat
[       OK ] FieldTests.ConstructVectorFloat (0 ms)
[----------] 1 test from FieldTests (0 ms total)

[----------] Global test environment tear-down
[==========] 1 test from 1 test suite ran. (0 ms total)
[  PASSED  ] 1 test.
<end of output>
Test time =   0.00 sec
----------------------------------------------------------
Test Passed.
"FieldTests.ConstructVectorFloat" end time: Apr 03 12:27 UTC
"FieldTests.ConstructVectorFloat" time elapsed: 00:00:00
----------------------------------------------------------

44/140 Testing: FieldTests.ConstructVectorBool
44/140 Test: FieldTests.ConstructVectorBool
Command: "/home/runner/work/bison/bison/build_o0/tests/bison_test" "--gtest_filter=FieldTests.ConstructVectorBool" "--gtest_also_run_disabled_tests"
Directory: /home/runner/work/bison/bison/build_o0/tests
"FieldTests.ConstructVectorBool" start time: Apr 03 12:27 UTC
Output:
----------------------------------------------------------
Running main() from /home/runner/work/bison/bison/extern/googletest/googletest/src/gtest_main.cc
Note: Google Test filter = FieldTests.ConstructVectorBool
[==========] Running 1 test from 1 test suite.
[----------] Global test environment set-up.
[----------] 1 test from FieldTests
[ RUN      ] FieldTests.ConstructVectorBool
[       OK ] FieldTests.ConstructVectorBool (0 ms)
[----------] 1 test from FieldTests (0 ms total)

[----------] Global test environment tear-down
[==========] 1 test from 1 test suite ran. (0 ms total)
[  PASSED  ] 1 test.
<end of output>
Test time =   0.00 sec
----------------------------------------------------------
Test Passed.
"FieldTests.ConstructVectorBool" end time: Apr 03 12:27 UTC
"FieldTests.ConstructVectorBool" time elapsed: 00:00:00
----------------------------------------------------------

45/140 Testing: FieldTests.AssignMonostateFieldAcceptsAnyType
45/140 Test: FieldTests.AssignMonostateFieldAcceptsAnyType
Command: "/home/runner/work/bison/bison/build_o0/tests/bison_test" "--gtest_filter=FieldTests.AssignMonostateFieldAcceptsAnyType" "--gtest_also_run_disabled_tests"
Directory: /home/runner/work/bison/bison/build_o0/tests
"FieldTests.AssignMonostateFieldAcceptsAnyType" start time: Apr 03 12:27 UTC
Output:
----------------------------------------------------------
Running main() from /home/runner/work/bison/bison/extern/googletest/googletest/src/gtest_main.cc
Note: Google Test filter = FieldTests.AssignMonostateFieldAcceptsAnyType
[==========] Running 1 test from 1 test suite.
[----------] Global test environment set-up.
[----------] 1 test from FieldTests
[ RUN      ] FieldTests.AssignMonostateFieldAcceptsAnyType
[       OK ] FieldTests.AssignMonostateFieldAcceptsAnyType (0 ms)
[----------] 1 test from FieldTests (0 ms total)

[----------] Global test environment tear-down
[==========] 1 test from 1 test suite ran. (0 ms total)
[  PASSED  ] 1 test.
<end of output>
Test time =   0.00 sec
----------------------------------------------------------
Test Passed.
"FieldTests.AssignMonostateFieldAcceptsAnyType" end time: Apr 03 12:27 UTC
"FieldTests.AssignMonostateFieldAcceptsAnyType" time elapsed: 00:00:00
----------------------------------------------------------

46/140 Testing: FieldTests.AssignSameTypeSucceeds
46/140 Test: FieldTests.AssignSameTypeSucceeds
Command: "/home/runner/work/bison/bison/build_o0/tests/bison_test" "--gtest_filter=FieldTests.AssignSameTypeSucceeds" "--gtest_also_run_disabled_tests"
Directory: /home/runner/work/bison/bison/build_o0/tests
"FieldTests.AssignSameTypeSucceeds" start time: Apr 03 12:27 UTC
Output:
----------------------------------------------------------
Running main() from /home/runner/work/bison/bison/extern/googletest/googletest/src/gtest_main.cc
Note: Google Test filter = FieldTests.AssignSameTypeSucceeds
[==========] Running 1 test from 1 test suite.
[----------] Global test environment set-up.
[----------] 1 test from FieldTests
[ RUN      ] FieldTests.AssignSameTypeSucceeds
[       OK ] FieldTests.AssignSameTypeSucceeds (0 ms)
[----------] 1 test from FieldTests (0 ms total)

[----------] Global test environment tear-down
[==========] 1 test from 1 test suite ran. (0 ms total)
[  PASSED  ] 1 test.
<end of output>
Test time =   0.00 sec
----------------------------------------------------------
Test Passed.
"FieldTests.AssignSameTypeSucceeds" end time: Apr 03 12:27 UTC
"FieldTests.AssignSameTypeSucceeds" time elapsed: 00:00:00
----------------------------------------------------------

47/140 Testing: FieldTests.AssignWrongTypeThrows
47/140 Test: FieldTests.AssignWrongTypeThrows
Command: "/home/runner/work/bison/bison/build_o0/tests/bison_test" "--gtest_filter=FieldTests.AssignWrongTypeThrows" "--gtest_also_run_disabled_tests"
Directory: /home/runner/work/bison/bison/build_o0/tests
"FieldTests.AssignWrongTypeThrows" start time: Apr 03 12:27 UTC
Output:
----------------------------------------------------------
Running main() from /home/runner/work/bison/bison/extern/googletest/googletest/src/gtest_main.cc
Note: Google Test filter = FieldTests.AssignWrongTypeThrows
[==========] Running 1 test from 1 test suite.
[----------] Global test environment set-up.
[----------] 1 test from FieldTests
[ RUN      ] FieldTests.AssignWrongTypeThrows
[       OK ] FieldTests.AssignWrongTypeThrows (0 ms)
[----------] 1 test from FieldTests (0 ms total)

[----------] Global test environment tear-down
[==========] 1 test from 1 test suite ran. (0 ms total)
[  PASSED  ] 1 test.
<end of output>
Test time =   0.00 sec
----------------------------------------------------------
Test Passed.
"FieldTests.AssignWrongTypeThrows" end time: Apr 03 12:27 UTC
"FieldTests.AssignWrongTypeThrows" time elapsed: 00:00:00
----------------------------------------------------------

48/140 Testing: FieldTests.AsDefaultInitializesMonostate
48/140 Test: FieldTests.AsDefaultInitializesMonostate
Command: "/home/runner/work/bison/bison/build_o0/tests/bison_test" "--gtest_filter=FieldTests.AsDefaultInitializesMonostate" "--gtest_also_run_disabled_tests"
Directory: /home/runner/work/bison/bison/build_o0/tests
"FieldTests.AsDefaultInitializesMonostate" start time: Apr 03 12:27 UTC
Output:
----------------------------------------------------------
Running main() from /home/runner/work/bison/bison/extern/googletest/googletest/src/gtest_main.cc
Note: Google Test filter = FieldTests.AsDefaultInitializesMonostate
[==========] Running 1 test from 1 test suite.
[----------] Global test environment set-up.
[----------] 1 test from FieldTests
[ RUN      ] FieldTests.AsDefaultInitializesMonostate
[       OK ] FieldTests.AsDefaultInitializesMonostate (0 ms)
[----------] 1 test from FieldTests (0 ms total)

[----------] Global test environment tear-down
[==========] 1 test from 1 test suite ran. (0 ms total)
[  PASSED  ] 1 test.
<end of output>
Test time =   0.00 sec
----------------------------------------------------------
Test Passed.
"FieldTests.AsDefaultInitializesMonostate" end time: Apr 03 12:27 UTC
"FieldTests.AsDefaultInitializesMonostate" time elapsed: 00:00:00
----------------------------------------------------------

49/140 Testing: FieldTests.AsWrongTypeThrows
49/140 Test: FieldTests.AsWrongTypeThrows
Command: "/home/runner/work/bison/bison/build_o0/tests/bison_test" "--gtest_filter=FieldTests.AsWrongTypeThrows" "--gtest_also_run_disabled_tests"
Directory: /home/runner/work/bison/bison/build_o0/tests
"FieldTests.AsWrongTypeThrows" start time: Apr 03 12:27 UTC
Output:
----------------------------------------------------------
Running main() from /home/runner/work/bison/bison/extern/googletest/googletest/src/gtest_main.cc
Note: Google Test filter = FieldTests.AsWrongTypeThrows
[==========] Running 1 test from 1 test suite.
[----------] Global test environment set-up.
[----------] 1 test from FieldTests
[ RUN      ] FieldTests.AsWrongTypeThrows
[       OK ] FieldTests.AsWrongTypeThrows (0 ms)
[----------] 1 test from FieldTests (0 ms total)

[----------] Global test environment tear-down
[==========] 1 test from 1 test suite ran. (0 ms total)
[  PASSED  ] 1 test.
<end of output>
Test time =   0.00 sec
----------------------------------------------------------
Test Passed.
"FieldTests.AsWrongTypeThrows" end time: Apr 03 12:27 UTC
"FieldTests.AsWrongTypeThrows" time elapsed: 00:00:00
----------------------------------------------------------

50/140 Testing: FieldTests.ImplicitConversionToCorrectType
50/140 Test: FieldTests.ImplicitConversionToCorrectType
Command: "/home/runner/work/bison/bison/build_o0/tests/bison_test" "--gtest_filter=FieldTests.ImplicitConversionToCorrectType" "--gtest_also_run_disabled_tests"
Directory: /home/runner/work/bison/bison/build_o0/tests
"FieldTests.ImplicitConversionToCorrectType" start time: Apr 03 12:27 UTC
Output:
----------------------------------------------------------
Running main() from /home/runner/work/bison/bison/extern/googletest/googletest/src/gtest_main.cc
Note: Google Test filter = FieldTests.ImplicitConversionToCorrectType
[==========] Running 1 test from 1 test suite.
[----------] Global test environment set-up.
[----------] 1 test from FieldTests
[ RUN      ] FieldTests.ImplicitConversionToCorrectType
[       OK ] FieldTests.ImplicitConversionToCorrectType (0 ms)
[----------] 1 test from FieldTests (0 ms total)

[----------] Global test environment tear-down
[==========] 1 test from 1 test suite ran. (0 ms total)
[  PASSED  ] 1 test.
<end of output>
Test time =   0.00 sec
----------------------------------------------------------
Test Passed.
"FieldTests.ImplicitConversionToCorrectType" end time: Apr 03 12:27 UTC
"FieldTests.ImplicitConversionToCorrectType" time elapsed: 00:00:00
----------------------------------------------------------

51/140 Testing: FieldTests.ImplicitConversionWrongTypeThrows
51/140 Test: FieldTests.ImplicitConversionWrongTypeThrows
Command: "/home/runner/work/bison/bison/build_o0/tests/bison_test" "--gtest_filter=FieldTests.ImplicitConversionWrongTypeThrows" "--gtest_also_run_disabled_tests"
Directory: /home/runner/work/bison/bison/build_o0/tests
"FieldTests.ImplicitConversionWrongTypeThrows" start time: Apr 03 12:27 UTC
Output:
----------------------------------------------------------
Running main() from /home/runner/work/bison/bison/extern/googletest/googletest/src/gtest_main.cc
Note: Google Test filter = FieldTests.ImplicitConversionWrongTypeThrows
[==========] Running 1 test from 1 test suite.
[----------] Global test environment set-up.
[----------] 1 test from FieldTests
[ RUN      ] FieldTests.ImplicitConversionWrongTypeThrows
[       OK ] FieldTests.ImplicitConversionWrongTypeThrows (0 ms)
[----------] 1 test from FieldTests (0 ms total)

[----------] Global test environment tear-down
[==========] 1 test from 1 test suite ran. (0 ms total)
[  PASSED  ] 1 test.
<end of output>
Test time =   0.00 sec
----------------------------------------------------------
Test Passed.
"FieldTests.ImplicitConversionWrongTypeThrows" end time: Apr 03 12:27 UTC
"FieldTests.ImplicitConversionWrongTypeThrows" time elapsed: 00:00:00
----------------------------------------------------------

52/140 Testing: FieldTests.AttributeAttachAndFind
52/140 Test: FieldTests.AttributeAttachAndFind
Command: "/home/runner/work/bison/bison/build_o0/tests/bison_test" "--gtest_filter=FieldTests.AttributeAttachAndFind" "--gtest_also_run_disabled_tests"
Directory: /home/runner/work/bison/bison/build_o0/tests
"FieldTests.AttributeAttachAndFind" start time: Apr 03 12:27 UTC
Output:
----------------------------------------------------------
Running main() from /home/runner/work/bison/bison/extern/googletest/googletest/src/gtest_main.cc
Note: Google Test filter = FieldTests.AttributeAttachAndFind
[==========] Running 1 test from 1 test suite.
[----------] Global test environment set-up.
[----------] 1 test from FieldTests
[ RUN      ] FieldTests.AttributeAttachAndFind
[       OK ] FieldTests.AttributeAttachAndFind (0 ms)
[----------] 1 test from FieldTests (0 ms total)

[----------] Global test environment tear-down
[==========] 1 test from 1 test suite ran. (0 ms total)
[  PASSED  ] 1 test.
<end of output>
Test time =   0.00 sec
----------------------------------------------------------
Test Passed.
"FieldTests.AttributeAttachAndFind" end time: Apr 03 12:27 UTC
"FieldTests.AttributeAttachAndFind" time elapsed: 00:00:00
----------------------------------------------------------

53/140 Testing: FieldTests.AttributeNotFoundReturnsNullptr
53/140 Test: FieldTests.AttributeNotFoundReturnsNullptr
Command: "/home/runner/work/bison/bison/build_o0/tests/bison_test" "--gtest_filter=FieldTests.AttributeNotFoundReturnsNullptr" "--gtest_also_run_disabled_tests"
Directory: /home/runner/work/bison/bison/build_o0/tests
"FieldTests.AttributeNotFoundReturnsNullptr" start time: Apr 03 12:27 UTC
Output:
----------------------------------------------------------
Running main() from /home/runner/work/bison/bison/extern/googletest/googletest/src/gtest_main.cc
Note: Google Test filter = FieldTests.AttributeNotFoundReturnsNullptr
[==========] Running 1 test from 1 test suite.
[----------] Global test environment set-up.
[----------] 1 test from FieldTests
[ RUN      ] FieldTests.AttributeNotFoundReturnsNullptr
[       OK ] FieldTests.AttributeNotFoundReturnsNullptr (0 ms)
[----------] 1 test from FieldTests (0 ms total)

[----------] Global test environment tear-down
[==========] 1 test from 1 test suite ran. (0 ms total)
[  PASSED  ] 1 test.
<end of output>
Test time =   0.00 sec
----------------------------------------------------------
Test Passed.
"FieldTests.AttributeNotFoundReturnsNullptr" end time: Apr 03 12:27 UTC
"FieldTests.AttributeNotFoundReturnsNullptr" time elapsed: 00:00:00
----------------------------------------------------------

54/140 Testing: FieldTests.AttributesSurviveCloneViaField
54/140 Test: FieldTests.AttributesSurviveCloneViaField
Command: "/home/runner/work/bison/bison/build_o0/tests/bison_test" "--gtest_filter=FieldTests.AttributesSurviveCloneViaField" "--gtest_also_run_disabled_tests"
Directory: /home/runner/work/bison/bison/build_o0/tests
"FieldTests.AttributesSurviveCloneViaField" start time: Apr 03 12:27 UTC
Output:
----------------------------------------------------------
Running main() from /home/runner/work/bison/bison/extern/googletest/googletest/src/gtest_main.cc
Note: Google Test filter = FieldTests.AttributesSurviveCloneViaField
[==========] Running 1 test from 1 test suite.
[----------] Global test environment set-up.
[----------] 1 test from FieldTests
[ RUN      ] FieldTests.AttributesSurviveCloneViaField
[       OK ] FieldTests.AttributesSurviveCloneViaField (0 ms)
[----------] 1 test from FieldTests (0 ms total)

[----------] Global test environment tear-down
[==========] 1 test from 1 test suite ran. (0 ms total)
[  PASSED  ] 1 test.
<end of output>
Test time =   0.00 sec
----------------------------------------------------------
Test Passed.
"FieldTests.AttributesSurviveCloneViaField" end time: Apr 03 12:27 UTC
"FieldTests.AttributesSurviveCloneViaField" time elapsed: 00:00:00
----------------------------------------------------------

55/140 Testing: FieldSerializationTests.Monostate
55/140 Test: FieldSerializationTests.Monostate
Command: "/home/runner/work/bison/bison/build_o0/tests/bison_test" "--gtest_filter=FieldSerializationTests.Monostate" "--gtest_also_run_disabled_tests"
Directory: /home/runner/work/bison/bison/build_o0/tests
"FieldSerializationTests.Monostate" start time: Apr 03 12:27 UTC
Output:
----------------------------------------------------------
Running main() from /home/runner/work/bison/bison/extern/googletest/googletest/src/gtest_main.cc
Note: Google Test filter = FieldSerializationTests.Monostate
[==========] Running 1 test from 1 test suite.
[----------] Global test environment set-up.
[----------] 1 test from FieldSerializationTests
[ RUN      ] FieldSerializationTests.Monostate
[       OK ] FieldSerializationTests.Monostate (0 ms)
[----------] 1 test from FieldSerializationTests (0 ms total)

[----------] Global test environment tear-down
[==========] 1 test from 1 test suite ran. (0 ms total)
[  PASSED  ] 1 test.
<end of output>
Test time =   0.00 sec
----------------------------------------------------------
Test Passed.
"FieldSerializationTests.Monostate" end time: Apr 03 12:27 UTC
"FieldSerializationTests.Monostate" time elapsed: 00:00:00
----------------------------------------------------------

56/140 Testing: FieldSerializationTests.Bool
56/140 Test: FieldSerializationTests.Bool
Command: "/home/runner/work/bison/bison/build_o0/tests/bison_test" "--gtest_filter=FieldSerializationTests.Bool" "--gtest_also_run_disabled_tests"
Directory: /home/runner/work/bison/bison/build_o0/tests
"FieldSerializationTests.Bool" start time: Apr 03 12:27 UTC
Output:
----------------------------------------------------------
Running main() from /home/runner/work/bison/bison/extern/googletest/googletest/src/gtest_main.cc
Note: Google Test filter = FieldSerializationTests.Bool
[==========] Running 1 test from 1 test suite.
[----------] Global test environment set-up.
[----------] 1 test from FieldSerializationTests
[ RUN      ] FieldSerializationTests.Bool
[       OK ] FieldSerializationTests.Bool (0 ms)
[----------] 1 test from FieldSerializationTests (0 ms total)

[----------] Global test environment tear-down
[==========] 1 test from 1 test suite ran. (0 ms total)
[  PASSED  ] 1 test.
<end of output>
Test time =   0.00 sec
----------------------------------------------------------
Test Passed.
"FieldSerializationTests.Bool" end time: Apr 03 12:27 UTC
"FieldSerializationTests.Bool" time elapsed: 00:00:00
----------------------------------------------------------

57/140 Testing: FieldSerializationTests.Int32
57/140 Test: FieldSerializationTests.Int32
Command: "/home/runner/work/bison/bison/build_o0/tests/bison_test" "--gtest_filter=FieldSerializationTests.Int32" "--gtest_also_run_disabled_tests"
Directory: /home/runner/work/bison/bison/build_o0/tests
"FieldSerializationTests.Int32" start time: Apr 03 12:27 UTC
Output:
----------------------------------------------------------
Running main() from /home/runner/work/bison/bison/extern/googletest/googletest/src/gtest_main.cc
Note: Google Test filter = FieldSerializationTests.Int32
[==========] Running 1 test from 1 test suite.
[----------] Global test environment set-up.
[----------] 1 test from FieldSerializationTests
[ RUN      ] FieldSerializationTests.Int32
[       OK ] FieldSerializationTests.Int32 (0 ms)
[----------] 1 test from FieldSerializationTests (0 ms total)

[----------] Global test environment tear-down
[==========] 1 test from 1 test suite ran. (0 ms total)
[  PASSED  ] 1 test.
<end of output>
Test time =   0.00 sec
----------------------------------------------------------
Test Passed.
"FieldSerializationTests.Int32" end time: Apr 03 12:27 UTC
"FieldSerializationTests.Int32" time elapsed: 00:00:00
----------------------------------------------------------

58/140 Testing: FieldSerializationTests.Float
58/140 Test: FieldSerializationTests.Float
Command: "/home/runner/work/bison/bison/build_o0/tests/bison_test" "--gtest_filter=FieldSerializationTests.Float" "--gtest_also_run_disabled_tests"
Directory: /home/runner/work/bison/bison/build_o0/tests
"FieldSerializationTests.Float" start time: Apr 03 12:27 UTC
Output:
----------------------------------------------------------
Running main() from /home/runner/work/bison/bison/extern/googletest/googletest/src/gtest_main.cc
Note: Google Test filter = FieldSerializationTests.Float
[==========] Running 1 test from 1 test suite.
[----------] Global test environment set-up.
[----------] 1 test from FieldSerializationTests
[ RUN      ] FieldSerializationTests.Float
[       OK ] FieldSerializationTests.Float (0 ms)
[----------] 1 test from FieldSerializationTests (0 ms total)

[----------] Global test environment tear-down
[==========] 1 test from 1 test suite ran. (0 ms total)
[  PASSED  ] 1 test.
<end of output>
Test time =   0.00 sec
----------------------------------------------------------
Test Passed.
"FieldSerializationTests.Float" end time: Apr 03 12:27 UTC
"FieldSerializationTests.Float" time elapsed: 00:00:00
----------------------------------------------------------

59/140 Testing: FieldSerializationTests.String
59/140 Test: FieldSerializationTests.String
Command: "/home/runner/work/bison/bison/build_o0/tests/bison_test" "--gtest_filter=FieldSerializationTests.String" "--gtest_also_run_disabled_tests"
Directory: /home/runner/work/bison/bison/build_o0/tests
"FieldSerializationTests.String" start time: Apr 03 12:27 UTC
Output:
----------------------------------------------------------
Running main() from /home/runner/work/bison/bison/extern/googletest/googletest/src/gtest_main.cc
Note: Google Test filter = FieldSerializationTests.String
[==========] Running 1 test from 1 test suite.
[----------] Global test environment set-up.
[----------] 1 test from FieldSerializationTests
[ RUN      ] FieldSerializationTests.String
[       OK ] FieldSerializationTests.String (0 ms)
[----------] 1 test from FieldSerializationTests (0 ms total)

[----------] Global test environment tear-down
[==========] 1 test from 1 test suite ran. (0 ms total)
[  PASSED  ] 1 test.
<end of output>
Test time =   0.00 sec
----------------------------------------------------------
Test Passed.
"FieldSerializationTests.String" end time: Apr 03 12:27 UTC
"FieldSerializationTests.String" time elapsed: 00:00:00
----------------------------------------------------------

60/140 Testing: FieldSerializationTests.VectorInt32
60/140 Test: FieldSerializationTests.VectorInt32
Command: "/home/runner/work/bison/bison/build_o0/tests/bison_test" "--gtest_filter=FieldSerializationTests.VectorInt32" "--gtest_also_run_disabled_tests"
Directory: /home/runner/work/bison/bison/build_o0/tests
"FieldSerializationTests.VectorInt32" start time: Apr 03 12:27 UTC
Output:
----------------------------------------------------------
Running main() from /home/runner/work/bison/bison/extern/googletest/googletest/src/gtest_main.cc
Note: Google Test filter = FieldSerializationTests.VectorInt32
[==========] Running 1 test from 1 test suite.
[----------] Global test environment set-up.
[----------] 1 test from FieldSerializationTests
[ RUN      ] FieldSerializationTests.VectorInt32
[       OK ] FieldSerializationTests.VectorInt32 (0 ms)
[----------] 1 test from FieldSerializationTests (0 ms total)

[----------] Global test environment tear-down
[==========] 1 test from 1 test suite ran. (0 ms total)
[  PASSED  ] 1 test.
<end of output>
Test time =   0.00 sec
----------------------------------------------------------
Test Passed.
"FieldSerializationTests.VectorInt32" end time: Apr 03 12:27 UTC
"FieldSerializationTests.VectorInt32" time elapsed: 00:00:00
----------------------------------------------------------

61/140 Testing: FieldSerializationTests.VectorFloat
61/140 Test: FieldSerializationTests.VectorFloat
Command: "/home/runner/work/bison/bison/build_o0/tests/bison_test" "--gtest_filter=FieldSerializationTests.VectorFloat" "--gtest_also_run_disabled_tests"
Directory: /home/runner/work/bison/bison/build_o0/tests
"FieldSerializationTests.VectorFloat" start time: Apr 03 12:27 UTC
Output:
----------------------------------------------------------
Running main() from /home/runner/work/bison/bison/extern/googletest/googletest/src/gtest_main.cc
Note: Google Test filter = FieldSerializationTests.VectorFloat
[==========] Running 1 test from 1 test suite.
[----------] Global test environment set-up.
[----------] 1 test from FieldSerializationTests
[ RUN      ] FieldSerializationTests.VectorFloat
[       OK ] FieldSerializationTests.VectorFloat (0 ms)
[----------] 1 test from FieldSerializationTests (0 ms total)

[...]
Test Passed.
"YamlTests.NestedMapping" end time: Apr 03 12:27 UTC
"YamlTests.NestedMapping" time elapsed: 00:00:00
----------------------------------------------------------

126/140 Testing: YamlTests.SequenceInsideMapping
126/140 Test: YamlTests.SequenceInsideMapping
Command: "/home/runner/work/bison/bison/build_o0/tests/bison_test" "--gtest_filter=YamlTests.SequenceInsideMapping" "--gtest_also_run_disabled_tests"
Directory: /home/runner/work/bison/bison/build_o0/tests
"YamlTests.SequenceInsideMapping" start time: Apr 03 12:27 UTC
Output:
----------------------------------------------------------
Running main() from /home/runner/work/bison/bison/extern/googletest/googletest/src/gtest_main.cc
Note: Google Test filter = YamlTests.SequenceInsideMapping
[==========] Running 1 test from 1 test suite.
[----------] Global test environment set-up.
[----------] 1 test from YamlTests
[ RUN      ] YamlTests.SequenceInsideMapping
[       OK ] YamlTests.SequenceInsideMapping (0 ms)
[----------] 1 test from YamlTests (0 ms total)

[----------] Global test environment tear-down
[==========] 1 test from 1 test suite ran. (0 ms total)
[  PASSED  ] 1 test.
<end of output>
Test time =   0.00 sec
----------------------------------------------------------
Test Passed.
"YamlTests.SequenceInsideMapping" end time: Apr 03 12:27 UTC
"YamlTests.SequenceInsideMapping" time elapsed: 00:00:00
----------------------------------------------------------

127/140 Testing: YamlTests.QuotedStringNotCoerced
127/140 Test: YamlTests.QuotedStringNotCoerced
Command: "/home/runner/work/bison/bison/build_o0/tests/bison_test" "--gtest_filter=YamlTests.QuotedStringNotCoerced" "--gtest_also_run_disabled_tests"
Directory: /home/runner/work/bison/bison/build_o0/tests
"YamlTests.QuotedStringNotCoerced" start time: Apr 03 12:27 UTC
Output:
----------------------------------------------------------
Running main() from /home/runner/work/bison/bison/extern/googletest/googletest/src/gtest_main.cc
Note: Google Test filter = YamlTests.QuotedStringNotCoerced
[==========] Running 1 test from 1 test suite.
[----------] Global test environment set-up.
[----------] 1 test from YamlTests
[ RUN      ] YamlTests.QuotedStringNotCoerced
[       OK ] YamlTests.QuotedStringNotCoerced (0 ms)
[----------] 1 test from YamlTests (0 ms total)

[----------] Global test environment tear-down
[==========] 1 test from 1 test suite ran. (0 ms total)
[  PASSED  ] 1 test.
<end of output>
Test time =   0.00 sec
----------------------------------------------------------
Test Passed.
"YamlTests.QuotedStringNotCoerced" end time: Apr 03 12:27 UTC
"YamlTests.QuotedStringNotCoerced" time elapsed: 00:00:00
----------------------------------------------------------

128/140 Testing: YamlTests.InvalidYamlThrows
128/140 Test: YamlTests.InvalidYamlThrows
Command: "/home/runner/work/bison/bison/build_o0/tests/bison_test" "--gtest_filter=YamlTests.InvalidYamlThrows" "--gtest_also_run_disabled_tests"
Directory: /home/runner/work/bison/bison/build_o0/tests
"YamlTests.InvalidYamlThrows" start time: Apr 03 12:27 UTC
Output:
----------------------------------------------------------
Running main() from /home/runner/work/bison/bison/extern/googletest/googletest/src/gtest_main.cc
Note: Google Test filter = YamlTests.InvalidYamlThrows
[==========] Running 1 test from 1 test suite.
[----------] Global test environment set-up.
[----------] 1 test from YamlTests
[ RUN      ] YamlTests.InvalidYamlThrows
[       OK ] YamlTests.InvalidYamlThrows (0 ms)
[----------] 1 test from YamlTests (0 ms total)

[----------] Global test environment tear-down
[==========] 1 test from 1 test suite ran. (0 ms total)
[  PASSED  ] 1 test.
<end of output>
Test time =   0.00 sec
----------------------------------------------------------
Test Passed.
"YamlTests.InvalidYamlThrows" end time: Apr 03 12:27 UTC
"YamlTests.InvalidYamlThrows" time elapsed: 00:00:00
----------------------------------------------------------

129/140 Testing: NamespaceTest.SameClassNameInDifferentNamespacesSucceeds
129/140 Test: NamespaceTest.SameClassNameInDifferentNamespacesSucceeds
Command: "/home/runner/work/bison/bison/build_o0/tests/bison_test" "--gtest_filter=NamespaceTest.SameClassNameInDifferentNamespacesSucceeds" "--gtest_also_run_disabled_tests"
Directory: /home/runner/work/bison/bison/build_o0/tests
"NamespaceTest.SameClassNameInDifferentNamespacesSucceeds" start time: Apr 03 12:27 UTC
Output:
----------------------------------------------------------
Running main() from /home/runner/work/bison/bison/extern/googletest/googletest/src/gtest_main.cc
Note: Google Test filter = NamespaceTest.SameClassNameInDifferentNamespacesSucceeds
[==========] Running 1 test from 1 test suite.
[----------] Global test environment set-up.
[----------] 1 test from NamespaceTest
[ RUN      ] NamespaceTest.SameClassNameInDifferentNamespacesSucceeds
[       OK ] NamespaceTest.SameClassNameInDifferentNamespacesSucceeds (0 ms)
[----------] 1 test from NamespaceTest (0 ms total)

[----------] Global test environment tear-down
[==========] 1 test from 1 test suite ran. (0 ms total)
[  PASSED  ] 1 test.
<end of output>
Test time =   0.00 sec
----------------------------------------------------------
Test Passed.
"NamespaceTest.SameClassNameInDifferentNamespacesSucceeds" end time: Apr 03 12:27 UTC
"NamespaceTest.SameClassNameInDifferentNamespacesSucceeds" time elapsed: 00:00:00
----------------------------------------------------------

130/140 Testing: NamespaceTest.DuplicateClassInSameNamespaceFails
130/140 Test: NamespaceTest.DuplicateClassInSameNamespaceFails
Command: "/home/runner/work/bison/bison/build_o0/tests/bison_test" "--gtest_filter=NamespaceTest.DuplicateClassInSameNamespaceFails" "--gtest_also_run_disabled_tests"
Directory: /home/runner/work/bison/bison/build_o0/tests
"NamespaceTest.DuplicateClassInSameNamespaceFails" start time: Apr 03 12:27 UTC
Output:
----------------------------------------------------------
Running main() from /home/runner/work/bison/bison/extern/googletest/googletest/src/gtest_main.cc
Note: Google Test filter = NamespaceTest.DuplicateClassInSameNamespaceFails
[==========] Running 1 test from 1 test suite.
[----------] Global test environment set-up.
[----------] 1 test from NamespaceTest
[ RUN      ] NamespaceTest.DuplicateClassInSameNamespaceFails
[       OK ] NamespaceTest.DuplicateClassInSameNamespaceFails (0 ms)
[----------] 1 test from NamespaceTest (0 ms total)

[----------] Global test environment tear-down
[==========] 1 test from 1 test suite ran. (0 ms total)
[  PASSED  ] 1 test.
<end of output>
Test time =   0.00 sec
----------------------------------------------------------
Test Passed.
"NamespaceTest.DuplicateClassInSameNamespaceFails" end time: Apr 03 12:27 UTC
"NamespaceTest.DuplicateClassInSameNamespaceFails" time elapsed: 00:00:00
----------------------------------------------------------

131/140 Testing: NamespaceTest.PrototypeHasNamespaceFieldSet
131/140 Test: NamespaceTest.PrototypeHasNamespaceFieldSet
Command: "/home/runner/work/bison/bison/build_o0/tests/bison_test" "--gtest_filter=NamespaceTest.PrototypeHasNamespaceFieldSet" "--gtest_also_run_disabled_tests"
Directory: /home/runner/work/bison/bison/build_o0/tests
"NamespaceTest.PrototypeHasNamespaceFieldSet" start time: Apr 03 12:27 UTC
Output:
----------------------------------------------------------
Running main() from /home/runner/work/bison/bison/extern/googletest/googletest/src/gtest_main.cc
Note: Google Test filter = NamespaceTest.PrototypeHasNamespaceFieldSet
[==========] Running 1 test from 1 test suite.
[----------] Global test environment set-up.
[----------] 1 test from NamespaceTest
[ RUN      ] NamespaceTest.PrototypeHasNamespaceFieldSet
[       OK ] NamespaceTest.PrototypeHasNamespaceFieldSet (0 ms)
[----------] 1 test from NamespaceTest (0 ms total)

[----------] Global test environment tear-down
[==========] 1 test from 1 test suite ran. (0 ms total)
[  PASSED  ] 1 test.
<end of output>
Test time =   0.00 sec
----------------------------------------------------------
Test Passed.
"NamespaceTest.PrototypeHasNamespaceFieldSet" end time: Apr 03 12:27 UTC
"NamespaceTest.PrototypeHasNamespaceFieldSet" time elapsed: 00:00:00
----------------------------------------------------------

132/140 Testing: NamespaceTest.InstantiateWithNamespaceResolvesCorrectFields
132/140 Test: NamespaceTest.InstantiateWithNamespaceResolvesCorrectFields
Command: "/home/runner/work/bison/bison/build_o0/tests/bison_test" "--gtest_filter=NamespaceTest.InstantiateWithNamespaceResolvesCorrectFields" "--gtest_also_run_disabled_tests"
Directory: /home/runner/work/bison/bison/build_o0/tests
"NamespaceTest.InstantiateWithNamespaceResolvesCorrectFields" start time: Apr 03 12:27 UTC
Output:
----------------------------------------------------------
Running main() from /home/runner/work/bison/bison/extern/googletest/googletest/src/gtest_main.cc
Note: Google Test filter = NamespaceTest.InstantiateWithNamespaceResolvesCorrectFields
[==========] Running 1 test from 1 test suite.
[----------] Global test environment set-up.
[----------] 1 test from NamespaceTest
[ RUN      ] NamespaceTest.InstantiateWithNamespaceResolvesCorrectFields
/home/runner/work/bison/bison/tests/bison_tests.cpp:1279: Failure
Expected equality of these values:
  mt["rows"_key].as<int32_t>()
    Which is: 0
  10

/home/runner/work/bison/bison/tests/bison_tests.cpp:1280: Failure
Expected equality of these values:
  it["legs"_key].as<int32_t>()
    Which is: 0
  4

[  FAILED  ] NamespaceTest.InstantiateWithNamespaceResolvesCorrectFields (0 ms)
[----------] 1 test from NamespaceTest (0 ms total)

[----------] Global test environment tear-down
[==========] 1 test from 1 test suite ran. (0 ms total)
[  PASSED  ] 0 tests.
[  FAILED  ] 1 test, listed below:
[  FAILED  ] NamespaceTest.InstantiateWithNamespaceResolvesCorrectFields

 1 FAILED TEST
<end of output>
Test time =   0.00 sec
----------------------------------------------------------
Test Failed.
"NamespaceTest.InstantiateWithNamespaceResolvesCorrectFields" end time: Apr 03 12:27 UTC
"NamespaceTest.InstantiateWithNamespaceResolvesCorrectFields" time elapsed: 00:00:00
----------------------------------------------------------

133/140 Testing: NamespaceTest.CircularInheritanceCheckedWithinNamespace
133/140 Test: NamespaceTest.CircularInheritanceCheckedWithinNamespace
Command: "/home/runner/work/bison/bison/build_o0/tests/bison_test" "--gtest_filter=NamespaceTest.CircularInheritanceCheckedWithinNamespace" "--gtest_also_run_disabled_tests"
Directory: /home/runner/work/bison/bison/build_o0/tests
"NamespaceTest.CircularInheritanceCheckedWithinNamespace" start time: Apr 03 12:27 UTC
Output:
----------------------------------------------------------
Running main() from /home/runner/work/bison/bison/extern/googletest/googletest/src/gtest_main.cc
Note: Google Test filter = NamespaceTest.CircularInheritanceCheckedWithinNamespace
[==========] Running 1 test from 1 test suite.
[----------] Global test environment set-up.
[----------] 1 test from NamespaceTest
[ RUN      ] NamespaceTest.CircularInheritanceCheckedWithinNamespace
[       OK ] NamespaceTest.CircularInheritanceCheckedWithinNamespace (0 ms)
[----------] 1 test from NamespaceTest (0 ms total)

[----------] Global test environment tear-down
[==========] 1 test from 1 test suite ran. (0 ms total)
[  PASSED  ] 1 test.
<end of output>
Test time =   0.00 sec
----------------------------------------------------------
Test Passed.
"NamespaceTest.CircularInheritanceCheckedWithinNamespace" end time: Apr 03 12:27 UTC
"NamespaceTest.CircularInheritanceCheckedWithinNamespace" time elapsed: 00:00:00
----------------------------------------------------------

134/140 Testing: NamespaceTest.InheritanceWorksWithinNamespace
134/140 Test: NamespaceTest.InheritanceWorksWithinNamespace
Command: "/home/runner/work/bison/bison/build_o0/tests/bison_test" "--gtest_filter=NamespaceTest.InheritanceWorksWithinNamespace" "--gtest_also_run_disabled_tests"
Directory: /home/runner/work/bison/bison/build_o0/tests
"NamespaceTest.InheritanceWorksWithinNamespace" start time: Apr 03 12:27 UTC
Output:
----------------------------------------------------------
Running main() from /home/runner/work/bison/bison/extern/googletest/googletest/src/gtest_main.cc
Note: Google Test filter = NamespaceTest.InheritanceWorksWithinNamespace
[==========] Running 1 test from 1 test suite.
[----------] Global test environment set-up.
[----------] 1 test from NamespaceTest
[ RUN      ] NamespaceTest.InheritanceWorksWithinNamespace
/home/runner/work/bison/bison/tests/bison_tests.cpp:1301: Failure
Expected equality of these values:
  chair["material"_key].as<std::string>()
    Which is: ""
  "wood"

/home/runner/work/bison/bison/tests/bison_tests.cpp:1302: Failure
Value of: chair["backrest"_key].as<bool>()
  Actual: false
Expected: true

[  FAILED  ] NamespaceTest.InheritanceWorksWithinNamespace (0 ms)
[----------] 1 test from NamespaceTest (0 ms total)

[----------] Global test environment tear-down
[==========] 1 test from 1 test suite ran. (0 ms total)
[  PASSED  ] 0 tests.
[  FAILED  ] 1 test, listed below:
[  FAILED  ] NamespaceTest.InheritanceWorksWithinNamespace

 1 FAILED TEST
<end of output>
Test time =   0.00 sec
----------------------------------------------------------
Test Failed.
"NamespaceTest.InheritanceWorksWithinNamespace" end time: Apr 03 12:27 UTC
"NamespaceTest.InheritanceWorksWithinNamespace" time elapsed: 00:00:00
----------------------------------------------------------

135/140 Testing: NamespaceTest.FindClassSearchesCorrectNamespace
135/140 Test: NamespaceTest.FindClassSearchesCorrectNamespace
Command: "/home/runner/work/bison/bison/build_o0/tests/bison_test" "--gtest_filter=NamespaceTest.FindClassSearchesCorrectNamespace" "--gtest_also_run_disabled_tests"
Directory: /home/runner/work/bison/bison/build_o0/tests
"NamespaceTest.FindClassSearchesCorrectNamespace" start time: Apr 03 12:27 UTC
Output:
----------------------------------------------------------
Running main() from /home/runner/work/bison/bison/extern/googletest/googletest/src/gtest_main.cc
Note: Google Test filter = NamespaceTest.FindClassSearchesCorrectNamespace
[==========] Running 1 test from 1 test suite.
[----------] Global test environment set-up.
[----------] 1 test from NamespaceTest
[ RUN      ] NamespaceTest.FindClassSearchesCorrectNamespace
[       OK ] NamespaceTest.FindClassSearchesCorrectNamespace (0 ms)
[----------] 1 test from NamespaceTest (0 ms total)

[----------] Global test environment tear-down
[==========] 1 test from 1 test suite ran. (0 ms total)
[  PASSED  ] 1 test.
<end of output>
Test time =   0.00 sec
----------------------------------------------------------
Test Passed.
"NamespaceTest.FindClassSearchesCorrectNamespace" end time: Apr 03 12:27 UTC
"NamespaceTest.FindClassSearchesCorrectNamespace" time elapsed: 00:00:00
----------------------------------------------------------

136/140 Testing: NamespaceTest.GlobalNamespaceUsedWhenNoNamespaceGiven
136/140 Test: NamespaceTest.GlobalNamespaceUsedWhenNoNamespaceGiven
Command: "/home/runner/work/bison/bison/build_o0/tests/bison_test" "--gtest_filter=NamespaceTest.GlobalNamespaceUsedWhenNoNamespaceGiven" "--gtest_also_run_disabled_tests"
Directory: /home/runner/work/bison/bison/build_o0/tests
"NamespaceTest.GlobalNamespaceUsedWhenNoNamespaceGiven" start time: Apr 03 12:27 UTC
Output:
----------------------------------------------------------
Running main() from /home/runner/work/bison/bison/extern/googletest/googletest/src/gtest_main.cc
Note: Google Test filter = NamespaceTest.GlobalNamespaceUsedWhenNoNamespaceGiven
[==========] Running 1 test from 1 test suite.
[----------] Global test environment set-up.
[----------] 1 test from NamespaceTest
[ RUN      ] NamespaceTest.GlobalNamespaceUsedWhenNoNamespaceGiven
/home/runner/work/bison/bison/tests/bison_tests.cpp:1321: Failure
Expected equality of these values:
  w["size"_key].as<int32_t>()
    Which is: 0
  1

[  FAILED  ] NamespaceTest.GlobalNamespaceUsedWhenNoNamespaceGiven (0 ms)
[----------] 1 test from NamespaceTest (0 ms total)

[----------] Global test environment tear-down
[==========] 1 test from 1 test suite ran. (0 ms total)
[  PASSED  ] 0 tests.
[  FAILED  ] 1 test, listed below:
[  FAILED  ] NamespaceTest.GlobalNamespaceUsedWhenNoNamespaceGiven

 1 FAILED TEST
<end of output>
Test time =   0.00 sec
----------------------------------------------------------
Test Failed.
"NamespaceTest.GlobalNamespaceUsedWhenNoNamespaceGiven" end time: Apr 03 12:27 UTC
"NamespaceTest.GlobalNamespaceUsedWhenNoNamespaceGiven" time elapsed: 00:00:00
----------------------------------------------------------

137/140 Testing: NamespaceTest.SchemaSerializationRoundtripWithNamespace
137/140 Test: NamespaceTest.SchemaSerializationRoundtripWithNamespace
Command: "/home/runner/work/bison/bison/build_o0/tests/bison_test" "--gtest_filter=NamespaceTest.SchemaSerializationRoundtripWithNamespace" "--gtest_also_run_disabled_tests"
Directory: /home/runner/work/bison/bison/build_o0/tests
"NamespaceTest.SchemaSerializationRoundtripWithNamespace" start time: Apr 03 12:27 UTC
Output:
----------------------------------------------------------
Running main() from /home/runner/work/bison/bison/extern/googletest/googletest/src/gtest_main.cc
Note: Google Test filter = NamespaceTest.SchemaSerializationRoundtripWithNamespace
[==========] Running 1 test from 1 test suite.
[----------] Global test environment set-up.
[----------] 1 test from NamespaceTest
[ RUN      ] NamespaceTest.SchemaSerializationRoundtripWithNamespace
[       OK ] NamespaceTest.SchemaSerializationRoundtripWithNamespace (0 ms)
[----------] 1 test from NamespaceTest (0 ms total)

[----------] Global test environment tear-down
[==========] 1 test from 1 test suite ran. (0 ms total)
[  PASSED  ] 1 test.
<end of output>
Test time =   0.00 sec
----------------------------------------------------------
Test Passed.
"NamespaceTest.SchemaSerializationRoundtripWithNamespace" end time: Apr 03 12:27 UTC
"NamespaceTest.SchemaSerializationRoundtripWithNamespace" time elapsed: 00:00:00
----------------------------------------------------------

Unable to find executable: rmi_test_NOT_BUILT
138/140 Testing: rmi_test_NOT_BUILT
138/140 Test: rmi_test_NOT_BUILT
Command: ""
Directory: /home/runner/work/bison/bison/build_o0/tests
"rmi_test_NOT_BUILT" start time: 
Output:
----------------------------------------------------------
<end of output>
Test time =   0.00 sec
----------------------------------------------------------
Test Passed.
"rmi_test_NOT_BUILT" end time: Apr 03 12:27 UTC
"rmi_test_NOT_BUILT" time elapsed: 00:00:00
----------------------------------------------------------

Unable to find executable: bison_c_test_NOT_BUILT
139/140 Testing: bison_c_test_NOT_BUILT
139/140 Test: bison_c_test_NOT_BUILT
Command: ""
Directory: /home/runner/work/bison/bison/build_o0/tests
"bison_c_test_NOT_BUILT" start time: 
Output:
----------------------------------------------------------
<end of output>
Test time =   0.00 sec
----------------------------------------------------------
Test Passed.
"bison_c_test_NOT_BUILT" end time: Apr 03 12:27 UTC
"bison_c_test_NOT_BUILT" time elapsed: 00:00:00
----------------------------------------------------------

Unable to find executable: rmi_c_test_NOT_BUILT
140/140 Testing: rmi_c_test_NOT_BUILT
140/140 Test: rmi_c_test_NOT_BUILT
Command: ""
Directory: /home/runner/work/bison/bison/build_o0/tests
"rmi_c_test_NOT_BUILT" start time: 
Output:
----------------------------------------------------------
<end of output>
Test time =   0.00 sec
----------------------------------------------------------
Test Passed.
"rmi_c_test_NOT_BUILT" end time: Apr 03 12:27 UTC
"rmi_c_test_NOT_BUILT" time elapsed: 00:00:00
----------------------------------------------------------

End testing: Apr 03 12:27 UTC
