Start testing: Mar 31 13:49 CEST
----------------------------------------------------------
1/230 Testing: version
1/230 Test: version
Command: "/mnt/d/github/bison/build-linux/extern/yaml/test-version"
Directory: /mnt/d/github/bison/build-linux/extern/yaml/tests
"version" start time: Mar 31 13:49 CEST
Output:
----------------------------------------------------------
sizeof(token) = 80
sizeof(event) = 104
sizeof(parser) = 480
<end of output>
Test time =   0.05 sec
----------------------------------------------------------
Test Passed.
"version" end time: Mar 31 13:49 CEST
"version" time elapsed: 00:00:00
----------------------------------------------------------

2/230 Testing: reader
2/230 Test: reader
Command: "/mnt/d/github/bison/build-linux/extern/yaml/test-reader"
Directory: /mnt/d/github/bison/build-linux/extern/yaml/tests
"reader" start time: Mar 31 13:49 CEST
Output:
----------------------------------------------------------
checking utf-8 sequences...
	a simple test:
		+ (no error)

	an empty line:
		+ (no error)

	u-0 is a control character:
		+ (reader error: control characters are not allowed: #0 at 0)

	u-80 is a control character:
		+ (reader error: control characters are not allowed: #80 at 0)

	u-800 is valid:
		+ (no error)

	u-10000 is valid:
		+ (no error)

	5 bytes sequences are not allowed:
		+ (reader error: invalid leading UTF-8 octet: #F8 at 0)

	6 bytes sequences are not allowed:
		+ (reader error: invalid leading UTF-8 octet: #FC at 0)

	u-7f is a control character:
		+ (reader error: control characters are not allowed: #7F at 0)

	u-7FF is valid:
		+ (no error)

	u-FFFF is a control character:
		+ (reader error: control characters are not allowed: #FFFF at 0)

	u-1FFFFF is too large:
		+ (reader error: invalid Unicode character: #1FFFFF at 0)

	u-3FFFFFF is 5 bytes:
		+ (reader error: invalid leading UTF-8 octet: #FB at 0)

	u-7FFFFFFF is 6 bytes:
		+ (reader error: invalid leading UTF-8 octet: #FD at 0)

	u-D7FF:
		+ (no error)

	u-E000:
		+ (no error)

	u-FFFD:
		+ (no error)

	u-10FFFF:
		+ (no error)

	u-110000:
		+ (reader error: invalid Unicode character: #110000 at 0)

	first continuation byte:
		+ (reader error: invalid leading UTF-8 octet: #80 at 0)

	last continuation byte:
		+ (reader error: invalid leading UTF-8 octet: #BF at 0)

	2 continuation bytes:
		+ (reader error: invalid leading UTF-8 octet: #80 at 0)

	3 continuation bytes:
		+ (reader error: invalid leading UTF-8 octet: #80 at 0)

	4 continuation bytes:
		+ (reader error: invalid leading UTF-8 octet: #80 at 0)

	5 continuation bytes:
		+ (reader error: invalid leading UTF-8 octet: #80 at 0)

	6 continuation bytes:
		+ (reader error: invalid leading UTF-8 octet: #80 at 0)

	7 continuation bytes:
		+ (reader error: invalid leading UTF-8 octet: #80 at 0)

	sequence of all 64 possible continuation bytes:
		+ (reader error: invalid leading UTF-8 octet: #80 at 0)
		+ (reader error: invalid leading UTF-8 octet: #81 at 0)
		+ (reader error: invalid leading UTF-8 octet: #82 at 0)
		+ (reader error: invalid leading UTF-8 octet: #83 at 0)
		+ (reader error: invalid leading UTF-8 octet: #84 at 0)
		+ (reader error: invalid leading UTF-8 octet: #85 at 0)
		+ (reader error: invalid leading UTF-8 octet: #86 at 0)
		+ (reader error: invalid leading UTF-8 octet: #87 at 0)
		+ (reader error: invalid leading UTF-8 octet: #88 at 0)
		+ (reader error: invalid leading UTF-8 octet: #89 at 0)
		+ (reader error: invalid leading UTF-8 octet: #8A at 0)
		+ (reader error: invalid leading UTF-8 octet: #8B at 0)
		+ (reader error: invalid leading UTF-8 octet: #8C at 0)
		+ (reader error: invalid leading UTF-8 octet: #8D at 0)
		+ (reader error: invalid leading UTF-8 octet: #8E at 0)
		+ (reader error: invalid leading UTF-8 octet: #8F at 0)
		+ (reader error: invalid leading UTF-8 octet: #90 at 0)
		+ (reader error: invalid leading UTF-8 octet: #91 at 0)
		+ (reader error: invalid leading UTF-8 octet: #92 at 0)
		+ (reader error: invalid leading UTF-8 octet: #93 at 0)
		+ (reader error: invalid leading UTF-8 octet: #94 at 0)
		+ (reader error: invalid leading UTF-8 octet: #95 at 0)
		+ (reader error: invalid leading UTF-8 octet: #96 at 0)
		+ (reader error: invalid leading UTF-8 octet: #97 at 0)
		+ (reader error: invalid leading UTF-8 octet: #98 at 0)
		+ (reader error: invalid leading UTF-8 octet: #99 at 0)
		+ (reader error: invalid leading UTF-8 octet: #9A at 0)
		+ (reader error: invalid leading UTF-8 octet: #9B at 0)
		+ (reader error: invalid leading UTF-8 octet: #9C at 0)
		+ (reader error: invalid leading UTF-8 octet: #9D at 0)
		+ (reader error: invalid leading UTF-8 octet: #9E at 0)
		+ (reader error: invalid leading UTF-8 octet: #9F at 0)
		+ (reader error: invalid leading UTF-8 octet: #A0 at 0)
		+ (reader error: invalid leading UTF-8 octet: #A1 at 0)
		+ (reader error: invalid leading UTF-8 octet: #A2 at 0)
		+ (reader error: invalid leading UTF-8 octet: #A3 at 0)
		+ (reader error: invalid leading UTF-8 octet: #A4 at 0)
		+ (reader error: invalid leading UTF-8 octet: #A5 at 0)
		+ (reader error: invalid leading UTF-8 octet: #A6 at 0)
		+ (reader error: invalid leading UTF-8 octet: #A7 at 0)
		+ (reader error: invalid leading UTF-8 octet: #A8 at 0)
		+ (reader error: invalid leading UTF-8 octet: #A9 at 0)
		+ (reader error: invalid leading UTF-8 octet: #AA at 0)
		+ (reader error: invalid leading UTF-8 octet: #AB at 0)
		+ (reader error: invalid leading UTF-8 octet: #AC at 0)
		+ (reader error: invalid leading UTF-8 octet: #AD at 0)
		+ (reader error: invalid leading UTF-8 octet: #AE at 0)
		+ (reader error: invalid leading UTF-8 octet: #AF at 0)
		+ (reader error: invalid leading UTF-8 octet: #B0 at 0)
		+ (reader error: invalid leading UTF-8 octet: #B1 at 0)
		+ (reader error: invalid leading UTF-8 octet: #B2 at 0)
		+ (reader error: invalid leading UTF-8 octet: #B3 at 0)
		+ (reader error: invalid leading UTF-8 octet: #B4 at 0)
		+ (reader error: invalid leading UTF-8 octet: #B5 at 0)
		+ (reader error: invalid leading UTF-8 octet: #B6 at 0)
		+ (reader error: invalid leading UTF-8 octet: #B7 at 0)
		+ (reader error: invalid leading UTF-8 octet: #B8 at 0)
		+ (reader error: invalid leading UTF-8 octet: #B9 at 0)
		+ (reader error: invalid leading UTF-8 octet: #BA at 0)
		+ (reader error: invalid leading UTF-8 octet: #BB at 0)
		+ (reader error: invalid leading UTF-8 octet: #BC at 0)
		+ (reader error: invalid leading UTF-8 octet: #BD at 0)
		+ (reader error: invalid leading UTF-8 octet: #BE at 0)
		+ (reader error: invalid leading UTF-8 octet: #BF at 0)

	32 first bytes of 2-byte sequences {0xc0-0xdf}:
		+ (reader error: invalid trailing UTF-8 octet: #20 at 1)
		+ (reader error: invalid trailing UTF-8 octet: #20 at 1)
		+ (reader error: invalid trailing UTF-8 octet: #20 at 1)
		+ (reader error: invalid trailing UTF-8 octet: #20 at 1)
		+ (reader error: invalid trailing UTF-8 octet: #20 at 1)
		+ (reader error: invalid trailing UTF-8 octet: #20 at 1)
		+ (reader error: invalid trailing UTF-8 octet: #20 at 1)
		+ (reader error: invalid trailing UTF-8 octet: #20 at 1)
		+ (reader error: invalid trailing UTF-8 octet: #20 at 1)
		+ (reader error: invalid trailing UTF-8 octet: #20 at 1)
		+ (reader error: invalid trailing UTF-8 octet: #20 at 1)
		+ (reader error: invalid trailing UTF-8 octet: #20 at 1)
		+ (reader error: invalid trailing UTF-8 octet: #20 at 1)
		+ (reader error: invalid trailing UTF-8 octet: #20 at 1)
		+ (reader error: invalid trailing UTF-8 octet: #20 at 1)
		+ (reader error: invalid trailing UTF-8 octet: #20 at 1)
		+ (reader error: invalid trailing UTF-8 octet: #20 at 1)
		+ (reader error: invalid trailing UTF-8 octet: #20 at 1)
		+ (reader error: invalid trailing UTF-8 octet: #20 at 1)
		+ (reader error: invalid trailing UTF-8 octet: #20 at 1)
		+ (reader error: invalid trailing UTF-8 octet: #20 at 1)
		+ (reader error: invalid trailing UTF-8 octet: #20 at 1)
		+ (reader error: invalid trailing UTF-8 octet: #20 at 1)
		+ (reader error: invalid trailing UTF-8 octet: #20 at 1)
		+ (reader error: invalid trailing UTF-8 octet: #20 at 1)
		+ (reader error: invalid trailing UTF-8 octet: #20 at 1)
		+ (reader error: invalid trailing UTF-8 octet: #20 at 1)
		+ (reader error: invalid trailing UTF-8 octet: #20 at 1)
		+ (reader error: invalid trailing UTF-8 octet: #20 at 1)
		+ (reader error: invalid trailing UTF-8 octet: #20 at 1)
		+ (reader error: invalid trailing UTF-8 octet: #20 at 1)
		+ (reader error: invalid trailing UTF-8 octet: #20 at 1)

	16 first bytes of 3-byte sequences {0xe0-0xef}:
		+ (reader error: incomplete UTF-8 octet sequence at 0)
		+ (reader error: incomplete UTF-8 octet sequence at 0)
		+ (reader error: incomplete UTF-8 octet sequence at 0)
		+ (reader error: incomplete UTF-8 octet sequence at 0)
		+ (reader error: incomplete UTF-8 octet sequence at 0)
		+ (reader error: incomplete UTF-8 octet sequence at 0)
		+ (reader error: incomplete UTF-8 octet sequence at 0)
		+ (reader error: incomplete UTF-8 octet sequence at 0)
		+ (reader error: incomplete UTF-8 octet sequence at 0)
		+ (reader error: incomplete UTF-8 octet sequence at 0)
		+ (reader error: incomplete UTF-8 octet sequence at 0)
		+ (reader error: incomplete UTF-8 octet sequence at 0)
		+ (reader error: incomplete UTF-8 octet sequence at 0)
		+ (reader error: incomplete UTF-8 octet sequence at 0)
		+ (reader error: incomplete UTF-8 octet sequence at 0)
		+ (reader error: incomplete UTF-8 octet sequence at 0)

	8 first bytes of 4-byte sequences {0xf0-0xf7}:
		+ (reader error: incomplete UTF-8 octet sequence at 0)
		+ (reader error: incomplete UTF-8 octet sequence at 0)
		+ (reader error: incomplete UTF-8 octet sequence at 0)
		+ (reader error: incomplete UTF-8 octet sequence at 0)
		+ (reader error: incomplete UTF-8 octet sequence at 0)
		+ (reader error: incomplete UTF-8 octet sequence at 0)
		+ (reader error: incomplete UTF-8 octet sequence at 0)
		+ (reader error: incomplete UTF-8 octet sequence at 0)

	4 first bytes of 5-byte sequences {0xf8-0xfb}:
		+ (reader error: invalid leading UTF-8 octet: #F8 at 0)
		+ (reader error: invalid leading UTF-8 octet: #F9 at 0)
		+ (reader error: invalid leading UTF-8 octet: #FA at 0)
		+ (reader error: invalid leading UTF-8 octet: #FB at 0)

	2 first bytes of 6-byte sequences {0xfc-0xfd}:
		+ (reader error: invalid leading UTF-8 octet: #FC at 0)
		+ (reader error: invalid leading UTF-8 octet: #FD at 0)

	sequences with last byte missing {u-0}:
		+ (reader error: incomplete UTF-8 octet sequence at 0)
		+ (reader error: incomplete UTF-8 octet sequence at 0)
		+ (reader error: incomplete UTF-8 octet sequence at 0)
		+ (reader error: invalid leading UTF-8 octet: #F8 at 0)
		+ (reader error: invalid leading UTF-8 octet: #FC at 0)

	sequences with last byte missing {u-...FF}:
		+ (reader error: incomplete UTF-8 octet sequence at 0)
		+ (reader error: incomplete UTF-8 octet sequence at 0)
		+ (reader error: incomplete UTF-8 octet sequence at 0)
		+ (reader error: invalid leading UTF-8 octet: #FB at 0)
		+ (reader error: invalid leading UTF-8 octet: #FD at 0)

	impossible bytes:
		+ (reader error: invalid leading UTF-8 octet: #FE at 0)
		+ (reader error: invalid leading UTF-8 octet: #FF at 0)
		+ (reader error: invalid leading UTF-8 octet: #FE at 0)

	overlong sequences {u-2f}:
		+ (reader error: invalid length of a UTF-8 sequence at 0)
		+ (reader error: invalid length of a UTF-8 sequence at 0)
		+ (reader error: invalid length of a UTF-8 sequence at 0)
		+ (reader error: invalid leading UTF-8 octet: #F8 at 0)
		+ (reader error: invalid leading UTF-8 octet: #FC at 0)

	maximum overlong sequences:
		+ (reader error: invalid length of a UTF-8 sequence at 0)
		+ (reader error: invalid length of a UTF-8 sequence at 0)
		+ (reader error: invalid length of a UTF-8 sequence at 0)
		+ (reader error: invalid leading UTF-8 octet: #F8 at 0)
		+ (reader error: invalid leading UTF-8 octet: #FC at 0)

	overlong representation of the NUL character:
		+ (reader error: invalid length of a UTF-8 sequence at 0)
		+ (reader error: invalid length of a UTF-8 sequence at 0)
		+ (reader error: invalid length of a UTF-8 sequence at 0)
		+ (reader error: invalid leading UTF-8 octet: #F8 at 0)
		+ (reader error: invalid leading UTF-8 octet: #FC at 0)

	single UTF-16 surrogates:
		+ (reader error: invalid Unicode character: #D800 at 0)
		+ (reader error: invalid Unicode character: #DB7F at 0)
		+ (reader error: invalid Unicode character: #DB80 at 0)
		+ (reader error: invalid Unicode character: #DBFF at 0)
		+ (reader error: invalid Unicode character: #DC00 at 0)
		+ (reader error: invalid Unicode character: #DF80 at 0)
		+ (reader error: invalid Unicode character: #DFFF at 0)

	paired UTF-16 surrogates:
		+ (reader error: invalid Unicode character: #D800 at 0)
		+ (reader error: invalid Unicode character: #D800 at 0)
		+ (reader error: invalid Unicode character: #DB7F at 0)
		+ (reader error: invalid Unicode character: #DB7F at 0)
		+ (reader error: invalid Unicode character: #DB80 at 0)
		+ (reader error: invalid Unicode character: #DB80 at 0)
		+ (reader error: invalid Unicode character: #DBFF at 0)
		+ (reader error: invalid Unicode character: #DBFF at 0)

	other illegal code positions:
		+ (reader error: control characters are not allowed: #FFFE at 0)
		+ (reader error: control characters are not allowed: #FFFF at 0)

checking utf-8 sequences: 0 fail(s)
checking boms...
	no bom (utf-8): +
	bom (utf-8): +
	bom (utf-16-le): +
	bom (utf-16-be): +
checking boms: 0 fail(s)
checking a long utf8 sequence...
checking a long utf8 sequence: 0 fail(s)
checking a long utf16 sequence...
checking a long utf16 sequence: 0 fail(s)
<end of output>
Test time =   0.04 sec
----------------------------------------------------------
Test Passed.
"reader" end time: Mar 31 13:49 CEST
"reader" time elapsed: 00:00:00
----------------------------------------------------------

3/230 Testing: HashTests.FNV1aHighBitAlwaysSet
3/230 Test: HashTests.FNV1aHighBitAlwaysSet
Command: "/mnt/d/github/bison/build-linux/tests/bison_test" "--gtest_filter=HashTests.FNV1aHighBitAlwaysSet" "--gtest_also_run_disabled_tests"
Directory: /mnt/d/github/bison/build-linux/tests
"HashTests.FNV1aHighBitAlwaysSet" start time: Mar 31 13:49 CEST
Output:
----------------------------------------------------------
Running main() from /mnt/d/github/bison/extern/googletest/googletest/src/gtest_main.cc
Note: Google Test filter = HashTests.FNV1aHighBitAlwaysSet
[==========] Running 1 test from 1 test suite.
[----------] Global test environment set-up.
[----------] 1 test from HashTests
[ RUN      ] HashTests.FNV1aHighBitAlwaysSet
[       OK ] HashTests.FNV1aHighBitAlwaysSet (0 ms)
[----------] 1 test from HashTests (0 ms total)

[----------] Global test environment tear-down
[==========] 1 test from 1 test suite ran. (0 ms total)
[  PASSED  ] 1 test.
<end of output>
Test time =   0.03 sec
----------------------------------------------------------
Test Passed.
"HashTests.FNV1aHighBitAlwaysSet" end time: Mar 31 13:49 CEST
"HashTests.FNV1aHighBitAlwaysSet" time elapsed: 00:00:00
----------------------------------------------------------

4/230 Testing: HashTests.SameStringProducesSameHash
4/230 Test: HashTests.SameStringProducesSameHash
Command: "/mnt/d/github/bison/build-linux/tests/bison_test" "--gtest_filter=HashTests.SameStringProducesSameHash" "--gtest_also_run_disabled_tests"
Directory: /mnt/d/github/bison/build-linux/tests
"HashTests.SameStringProducesSameHash" start time: Mar 31 13:49 CEST
Output:
----------------------------------------------------------
Running main() from /mnt/d/github/bison/extern/googletest/googletest/src/gtest_main.cc
Note: Google Test filter = HashTests.SameStringProducesSameHash
[==========] Running 1 test from 1 test suite.
[----------] Global test environment set-up.
[----------] 1 test from HashTests
[ RUN      ] HashTests.SameStringProducesSameHash
[       OK ] HashTests.SameStringProducesSameHash (0 ms)
[----------] 1 test from HashTests (0 ms total)

[----------] Global test environment tear-down
[==========] 1 test from 1 test suite ran. (0 ms total)
[  PASSED  ] 1 test.
<end of output>
Test time =   0.01 sec
----------------------------------------------------------
Test Passed.
"HashTests.SameStringProducesSameHash" end time: Mar 31 13:49 CEST
"HashTests.SameStringProducesSameHash" time elapsed: 00:00:00
----------------------------------------------------------

5/230 Testing: HashTests.DifferentStringsProduceDifferentHashes
5/230 Test: HashTests.DifferentStringsProduceDifferentHashes
Command: "/mnt/d/github/bison/build-linux/tests/bison_test" "--gtest_filter=HashTests.DifferentStringsProduceDifferentHashes" "--gtest_also_run_disabled_tests"
Directory: /mnt/d/github/bison/build-linux/tests
"HashTests.DifferentStringsProduceDifferentHashes" start time: Mar 31 13:49 CEST
Output:
----------------------------------------------------------
Running main() from /mnt/d/github/bison/extern/googletest/googletest/src/gtest_main.cc
Note: Google Test filter = HashTests.DifferentStringsProduceDifferentHashes
[==========] Running 1 test from 1 test suite.
[----------] Global test environment set-up.
[----------] 1 test from HashTests
[ RUN      ] HashTests.DifferentStringsProduceDifferentHashes
[       OK ] HashTests.DifferentStringsProduceDifferentHashes (0 ms)
[----------] 1 test from HashTests (0 ms total)

[----------] Global test environment tear-down
[==========] 1 test from 1 test suite ran. (0 ms total)
[  PASSED  ] 1 test.
<end of output>
Test time =   0.02 sec
----------------------------------------------------------
Test Passed.
"HashTests.DifferentStringsProduceDifferentHashes" end time: Mar 31 13:49 CEST
"HashTests.DifferentStringsProduceDifferentHashes" time elapsed: 00:00:00
----------------------------------------------------------

6/230 Testing: HashTests.KeyLiteralMatchesRuntimeHash
6/230 Test: HashTests.KeyLiteralMatchesRuntimeHash
Command: "/mnt/d/github/bison/build-linux/tests/bison_test" "--gtest_filter=HashTests.KeyLiteralMatchesRuntimeHash" "--gtest_also_run_disabled_tests"
Directory: /mnt/d/github/bison/build-linux/tests
"HashTests.KeyLiteralMatchesRuntimeHash" start time: Mar 31 13:49 CEST
Output:
----------------------------------------------------------
Running main() from /mnt/d/github/bison/extern/googletest/googletest/src/gtest_main.cc
Note: Google Test filter = HashTests.KeyLiteralMatchesRuntimeHash
[==========] Running 1 test from 1 test suite.
[----------] Global test environment set-up.
[----------] 1 test from HashTests
[ RUN      ] HashTests.KeyLiteralMatchesRuntimeHash
[       OK ] HashTests.KeyLiteralMatchesRuntimeHash (0 ms)
[----------] 1 test from HashTests (0 ms total)

[----------] Global test environment tear-down
[==========] 1 test from 1 test suite ran. (0 ms total)
[  PASSED  ] 1 test.
<end of output>
Test time =   0.02 sec
----------------------------------------------------------
Test Passed.
"HashTests.KeyLiteralMatchesRuntimeHash" end time: Mar 31 13:49 CEST
"HashTests.KeyLiteralMatchesRuntimeHash" time elapsed: 00:00:00
----------------------------------------------------------

7/230 Testing: HashTests.KeyTConstructors
7/230 Test: HashTests.KeyTConstructors
Command: "/mnt/d/github/bison/build-linux/tests/bison_test" "--gtest_filter=HashTests.KeyTConstructors" "--gtest_also_run_disabled_tests"
Directory: /mnt/d/github/bison/build-linux/tests
"HashTests.KeyTConstructors" start time: Mar 31 13:49 CEST
Output:
----------------------------------------------------------
Running main() from /mnt/d/github/bison/extern/googletest/googletest/src/gtest_main.cc
Note: Google Test filter = HashTests.KeyTConstructors
[==========] Running 1 test from 1 test suite.
[----------] Global test environment set-up.
[----------] 1 test from HashTests
[ RUN      ] HashTests.KeyTConstructors
[       OK ] HashTests.KeyTConstructors (0 ms)
[----------] 1 test from HashTests (0 ms total)

[----------] Global test environment tear-down
[==========] 1 test from 1 test suite ran. (0 ms total)
[  PASSED  ] 1 test.
<end of output>
Test time =   0.02 sec
----------------------------------------------------------
Test Passed.
"HashTests.KeyTConstructors" end time: Mar 31 13:49 CEST
"HashTests.KeyTConstructors" time elapsed: 00:00:00
----------------------------------------------------------

8/230 Testing: HashTests.KeyTImplicitConversionToHashT
8/230 Test: HashTests.KeyTImplicitConversionToHashT
Command: "/mnt/d/github/bison/build-linux/tests/bison_test" "--gtest_filter=HashTests.KeyTImplicitConversionToHashT" "--gtest_also_run_disabled_tests"
Directory: /mnt/d/github/bison/build-linux/tests
"HashTests.KeyTImplicitConversionToHashT" start time: Mar 31 13:49 CEST
Output:
----------------------------------------------------------
Running main() from /mnt/d/github/bison/extern/googletest/googletest/src/gtest_main.cc
Note: Google Test filter = HashTests.KeyTImplicitConversionToHashT
[==========] Running 1 test from 1 test suite.
[----------] Global test environment set-up.
[----------] 1 test from HashTests
[ RUN      ] HashTests.KeyTImplicitConversionToHashT
[       OK ] HashTests.KeyTImplicitConversionToHashT (0 ms)
[----------] 1 test from HashTests (0 ms total)

[----------] Global test environment tear-down
[==========] 1 test from 1 test suite ran. (0 ms total)
[  PASSED  ] 1 test.
<end of output>
Test time =   0.02 sec
----------------------------------------------------------
Test Passed.
"HashTests.KeyTImplicitConversionToHashT" end time: Mar 31 13:49 CEST
"HashTests.KeyTImplicitConversionToHashT" time elapsed: 00:00:00
----------------------------------------------------------

9/230 Testing: ByteSwapTests.Roundtrip
9/230 Test: ByteSwapTests.Roundtrip
Command: "/mnt/d/github/bison/build-linux/tests/bison_test" "--gtest_filter=ByteSwapTests.Roundtrip" "--gtest_also_run_disabled_tests"
Directory: /mnt/d/github/bison/build-linux/tests
"ByteSwapTests.Roundtrip" start time: Mar 31 13:49 CEST
Output:
----------------------------------------------------------
Running main() from /mnt/d/github/bison/extern/googletest/googletest/src/gtest_main.cc
Note: Google Test filter = ByteSwapTests.Roundtrip
[==========] Running 1 test from 1 test suite.
[----------] Global test environment set-up.
[----------] 1 test from ByteSwapTests
[ RUN      ] ByteSwapTests.Roundtrip
[       OK ] ByteSwapTests.Roundtrip (0 ms)
[----------] 1 test from ByteSwapTests (0 ms total)

[----------] Global test environment tear-down
[==========] 1 test from 1 test suite ran. (0 ms total)
[  PASSED  ] 1 test.
<end of output>
Test time =   0.02 sec
----------------------------------------------------------
Test Passed.
"ByteSwapTests.Roundtrip" end time: Mar 31 13:49 CEST
"ByteSwapTests.Roundtrip" time elapsed: 00:00:00
----------------------------------------------------------

10/230 Testing: ByteSwapTests.FloatRoundtrip
10/230 Test: ByteSwapTests.FloatRoundtrip
Command: "/mnt/d/github/bison/build-linux/tests/bison_test" "--gtest_filter=ByteSwapTests.FloatRoundtrip" "--gtest_also_run_disabled_tests"
Directory: /mnt/d/github/bison/build-linux/tests
"ByteSwapTests.FloatRoundtrip" start time: Mar 31 13:49 CEST
Output:
----------------------------------------------------------
Running main() from /mnt/d/github/bison/extern/googletest/googletest/src/gtest_main.cc
Note: Google Test filter = ByteSwapTests.FloatRoundtrip
[==========] Running 1 test from 1 test suite.
[----------] Global test environment set-up.
[----------] 1 test from ByteSwapTests
[ RUN      ] ByteSwapTests.FloatRoundtrip
[       OK ] ByteSwapTests.FloatRoundtrip (0 ms)
[----------] 1 test from ByteSwapTests (0 ms total)

[----------] Global test environment tear-down
[==========] 1 test from 1 test suite ran. (0 ms total)
[  PASSED  ] 1 test.
<end of output>
Test time =   0.02 sec
----------------------------------------------------------
Test Passed.
"ByteSwapTests.FloatRoundtrip" end time: Mar 31 13:49 CEST
"ByteSwapTests.FloatRoundtrip" time elapsed: 00:00:00
----------------------------------------------------------

11/230 Testing: StreamSerializerTests.Int32RoundTrip
11/230 Test: StreamSerializerTests.Int32RoundTrip
Command: "/mnt/d/github/bison/build-linux/tests/bison_test" "--gtest_filter=StreamSerializerTests.Int32RoundTrip" "--gtest_also_run_disabled_tests"
Directory: /mnt/d/github/bison/build-linux/tests
"StreamSerializerTests.Int32RoundTrip" start time: Mar 31 13:49 CEST
Output:
----------------------------------------------------------
Running main() from /mnt/d/github/bison/extern/googletest/googletest/src/gtest_main.cc
Note: Google Test filter = StreamSerializerTests.Int32RoundTrip
[==========] Running 1 test from 1 test suite.
[----------] Global test environment set-up.
[----------] 1 test from StreamSerializerTests
[ RUN      ] StreamSerializerTests.Int32RoundTrip
[       OK ] StreamSerializerTests.Int32RoundTrip (0 ms)
[----------] 1 test from StreamSerializerTests (0 ms total)

[----------] Global test environment tear-down
[==========] 1 test from 1 test suite ran. (0 ms total)
[  PASSED  ] 1 test.
<end of output>
Test time =   0.01 sec
----------------------------------------------------------
Test Passed.
"StreamSerializerTests.Int32RoundTrip" end time: Mar 31 13:49 CEST
"StreamSerializerTests.Int32RoundTrip" time elapsed: 00:00:00
----------------------------------------------------------

12/230 Testing: StreamSerializerTests.FloatRoundTrip
12/230 Test: StreamSerializerTests.FloatRoundTrip
Command: "/mnt/d/github/bison/build-linux/tests/bison_test" "--gtest_filter=StreamSerializerTests.FloatRoundTrip" "--gtest_also_run_disabled_tests"
Directory: /mnt/d/github/bison/build-linux/tests
"StreamSerializerTests.FloatRoundTrip" start time: Mar 31 13:49 CEST
Output:
----------------------------------------------------------
Running main() from /mnt/d/github/bison/extern/googletest/googletest/src/gtest_main.cc
Note: Google Test filter = StreamSerializerTests.FloatRoundTrip
[==========] Running 1 test from 1 test suite.
[----------] Global test environment set-up.
[----------] 1 test from StreamSerializerTests
[ RUN      ] StreamSerializerTests.FloatRoundTrip
[       OK ] StreamSerializerTests.FloatRoundTrip (0 ms)
[----------] 1 test from StreamSerializerTests (0 ms total)

[----------] Global test environment tear-down
[==========] 1 test from 1 test suite ran. (0 ms total)
[  PASSED  ] 1 test.
<end of output>
Test time =   0.02 sec
----------------------------------------------------------
Test Passed.
"StreamSerializerTests.FloatRoundTrip" end time: Mar 31 13:49 CEST
"StreamSerializerTests.FloatRoundTrip" time elapsed: 00:00:00
----------------------------------------------------------

13/230 Testing: StreamSerializerTests.BoolRoundTrip
13/230 Test: StreamSerializerTests.BoolRoundTrip
Command: "/mnt/d/github/bison/build-linux/tests/bison_test" "--gtest_filter=StreamSerializerTests.BoolRoundTrip" "--gtest_also_run_disabled_tests"
Directory: /mnt/d/github/bison/build-linux/tests
"StreamSerializerTests.BoolRoundTrip" start time: Mar 31 13:49 CEST
Output:
----------------------------------------------------------
Running main() from /mnt/d/github/bison/extern/googletest/googletest/src/gtest_main.cc
Note: Google Test filter = StreamSerializerTests.BoolRoundTrip
[==========] Running 1 test from 1 test suite.
[----------] Global test environment set-up.
[----------] 1 test from StreamSerializerTests
[ RUN      ] StreamSerializerTests.BoolRoundTrip
[       OK ] StreamSerializerTests.BoolRoundTrip (0 ms)
[----------] 1 test from StreamSerializerTests (0 ms total)

[----------] Global test environment tear-down
[==========] 1 test from 1 test suite ran. (0 ms total)
[  PASSED  ] 1 test.
<end of output>
Test time =   0.02 sec
----------------------------------------------------------
Test Passed.
"StreamSerializerTests.BoolRoundTrip" end time: Mar 31 13:49 CEST
"StreamSerializerTests.BoolRoundTrip" time elapsed: 00:00:00
----------------------------------------------------------

14/230 Testing: StreamSerializerTests.StringRoundTrip
14/230 Test: StreamSerializerTests.StringRoundTrip
Command: "/mnt/d/github/bison/build-linux/tests/bison_test" "--gtest_filter=StreamSerializerTests.StringRoundTrip" "--gtest_also_run_disabled_tests"
Directory: /mnt/d/github/bison/build-linux/tests
"StreamSerializerTests.StringRoundTrip" start time: Mar 31 13:49 CEST
Output:
----------------------------------------------------------
Running main() from /mnt/d/github/bison/extern/googletest/googletest/src/gtest_main.cc
Note: Google Test filter = StreamSerializerTests.StringRoundTrip
[==========] Running 1 test from 1 test suite.
[----------] Global test environment set-up.
[----------] 1 test from StreamSerializerTests
[ RUN      ] StreamSerializerTests.StringRoundTrip
[       OK ] StreamSerializerTests.StringRoundTrip (0 ms)
[----------] 1 test from StreamSerializerTests (0 ms total)

[----------] Global test environment tear-down
[==========] 1 test from 1 test suite ran. (0 ms total)
[  PASSED  ] 1 test.
<end of output>
Test time =   0.01 sec
----------------------------------------------------------
Test Passed.
"StreamSerializerTests.StringRoundTrip" end time: Mar 31 13:49 CEST
"StreamSerializerTests.StringRoundTrip" time elapsed: 00:00:00
----------------------------------------------------------

15/230 Testing: StreamSerializerTests.EmptyStringRoundTrip
15/230 Test: StreamSerializerTests.EmptyStringRoundTrip
Command: "/mnt/d/github/bison/build-linux/tests/bison_test" "--gtest_filter=StreamSerializerTests.EmptyStringRoundTrip" "--gtest_also_run_disabled_tests"
Directory: /mnt/d/github/bison/build-linux/tests
"StreamSerializerTests.EmptyStringRoundTrip" start time: Mar 31 13:49 CEST
Output:
----------------------------------------------------------
Running main() from /mnt/d/github/bison/extern/googletest/googletest/src/gtest_main.cc
Note: Google Test filter = StreamSerializerTests.EmptyStringRoundTrip
[==========] Running 1 test from 1 test suite.
[----------] Global test environment set-up.
[----------] 1 test from StreamSerializerTests
[ RUN      ] StreamSerializerTests.EmptyStringRoundTrip
[       OK ] StreamSerializerTests.EmptyStringRoundTrip (0 ms)
[----------] 1 test from StreamSerializerTests (0 ms total)

[----------] Global test environment tear-down
[==========] 1 test from 1 test suite ran. (0 ms total)
[  PASSED  ] 1 test.
<end of output>
Test time =   0.01 sec
----------------------------------------------------------
Test Passed.
"StreamSerializerTests.EmptyStringRoundTrip" end time: Mar 31 13:49 CEST
"StreamSerializerTests.EmptyStringRoundTrip" time elapsed: 00:00:00
----------------------------------------------------------

16/230 Testing: StreamSerializerTests.VectorInt32RoundTrip
16/230 Test: StreamSerializerTests.VectorInt32RoundTrip
Command: "/mnt/d/github/bison/build-linux/tests/bison_test" "--gtest_filter=StreamSerializerTests.VectorInt32RoundTrip" "--gtest_also_run_disabled_tests"
Directory: /mnt/d/github/bison/build-linux/tests
"StreamSerializerTests.VectorInt32RoundTrip" start time: Mar 31 13:49 CEST
Output:
----------------------------------------------------------
Running main() from /mnt/d/github/bison/extern/googletest/googletest/src/gtest_main.cc
Note: Google Test filter = StreamSerializerTests.VectorInt32RoundTrip
[==========] Running 1 test from 1 test suite.
[----------] Global test environment set-up.
[----------] 1 test from StreamSerializerTests
[ RUN      ] StreamSerializerTests.VectorInt32RoundTrip
[       OK ] StreamSerializerTests.VectorInt32RoundTrip (0 ms)
[----------] 1 test from StreamSerializerTests (0 ms total)

[----------] Global test environment tear-down
[==========] 1 test from 1 test suite ran. (0 ms total)
[  PASSED  ] 1 test.
<end of output>
Test time =   0.01 sec
----------------------------------------------------------
Test Passed.
"StreamSerializerTests.VectorInt32RoundTrip" end time: Mar 31 13:49 CEST
"StreamSerializerTests.VectorInt32RoundTrip" time elapsed: 00:00:00
----------------------------------------------------------

17/230 Testing: StreamSerializerTests.VectorFloatRoundTrip
17/230 Test: StreamSerializerTests.VectorFloatRoundTrip
Command: "/mnt/d/github/bison/build-linux/tests/bison_test" "--gtest_filter=StreamSerializerTests.VectorFloatRoundTrip" "--gtest_also_run_disabled_tests"
Directory: /mnt/d/github/bison/build-linux/tests
"StreamSerializerTests.VectorFloatRoundTrip" start time: Mar 31 13:49 CEST
Output:
----------------------------------------------------------
Running main() from /mnt/d/github/bison/extern/googletest/googletest/src/gtest_main.cc
Note: Google Test filter = StreamSerializerTests.VectorFloatRoundTrip
[==========] Running 1 test from 1 test suite.
[----------] Global test environment set-up.
[----------] 1 test from StreamSerializerTests
[ RUN      ] StreamSerializerTests.VectorFloatRoundTrip
[       OK ] StreamSerializerTests.VectorFloatRoundTrip (0 ms)
[----------] 1 test from StreamSerializerTests (0 ms total)

[----------] Global test environment tear-down
[==========] 1 test from 1 test suite ran. (0 ms total)
[  PASSED  ] 1 test.
<end of output>
Test time =   0.01 sec
----------------------------------------------------------
Test Passed.
"StreamSerializerTests.VectorFloatRoundTrip" end time: Mar 31 13:49 CEST
"StreamSerializerTests.VectorFloatRoundTrip" time elapsed: 00:00:00
----------------------------------------------------------

18/230 Testing: StreamSerializerTests.SpanInt32RoundTripToVector
18/230 Test: StreamSerializerTests.SpanInt32RoundTripToVector
Command: "/mnt/d/github/bison/build-linux/tests/bison_test" "--gtest_filter=StreamSerializerTests.SpanInt32RoundTripToVector" "--gtest_also_run_disabled_tests"
Directory: /mnt/d/github/bison/build-linux/tests
"StreamSerializerTests.SpanInt32RoundTripToVector" start time: Mar 31 13:49 CEST
Output:
----------------------------------------------------------
Running main() from /mnt/d/github/bison/extern/googletest/googletest/src/gtest_main.cc
Note: Google Test filter = StreamSerializerTests.SpanInt32RoundTripToVector
[==========] Running 1 test from 1 test suite.
[----------] Global test environment set-up.
[----------] 1 test from StreamSerializerTests
[ RUN      ] StreamSerializerTests.SpanInt32RoundTripToVector
[       OK ] StreamSerializerTests.SpanInt32RoundTripToVector (0 ms)
[----------] 1 test from StreamSerializerTests (0 ms total)

[----------] Global test environment tear-down
[==========] 1 test from 1 test suite ran. (0 ms total)
[  PASSED  ] 1 test.
<end of output>
Test time =   0.01 sec
----------------------------------------------------------
Test Passed.
"StreamSerializerTests.SpanInt32RoundTripToVector" end time: Mar 31 13:49 CEST
"StreamSerializerTests.SpanInt32RoundTripToVector" time elapsed: 00:00:00
----------------------------------------------------------

19/230 Testing: StreamSerializerTests.SpanFloatRoundTripIntoFixedBuffer
19/230 Test: StreamSerializerTests.SpanFloatRoundTripIntoFixedBuffer
Command: "/mnt/d/github/bison/build-linux/tests/bison_test" "--gtest_filter=StreamSerializerTests.SpanFloatRoundTripIntoFixedBuffer" "--gtest_also_run_disabled_tests"
Directory: /mnt/d/github/bison/build-linux/tests
"StreamSerializerTests.SpanFloatRoundTripIntoFixedBuffer" start time: Mar 31 13:49 CEST
Output:
----------------------------------------------------------
Running main() from /mnt/d/github/bison/extern/googletest/googletest/src/gtest_main.cc
Note: Google Test filter = StreamSerializerTests.SpanFloatRoundTripIntoFixedBuffer
[==========] Running 1 test from 1 test suite.
[----------] Global test environment set-up.
[----------] 1 test from StreamSerializerTests
[ RUN      ] StreamSerializerTests.SpanFloatRoundTripIntoFixedBuffer
[       OK ] StreamSerializerTests.SpanFloatRoundTripIntoFixedBuffer (0 ms)
[----------] 1 test from StreamSerializerTests (0 ms total)

[----------] Global test environment tear-down
[==========] 1 test from 1 test suite ran. (0 ms total)
[  PASSED  ] 1 test.
<end of output>
Test time =   0.01 sec
----------------------------------------------------------
Test Passed.
"StreamSerializerTests.SpanFloatRoundTripIntoFixedBuffer" end time: Mar 31 13:49 CEST
"StreamSerializerTests.SpanFloatRoundTripIntoFixedBuffer" time elapsed: 00:00:00
----------------------------------------------------------

20/230 Testing: StreamSerializerTests.SpanReadSizeMismatchThrows
20/230 Test: StreamSerializerTests.SpanReadSizeMismatchThrows
Command: "/mnt/d/github/bison/build-linux/tests/bison_test" "--gtest_filter=StreamSerializerTests.SpanReadSizeMismatchThrows" "--gtest_also_run_disabled_tests"
Directory: /mnt/d/github/bison/build-linux/tests
"StreamSerializerTests.SpanReadSizeMismatchThrows" start time: Mar 31 13:49 CEST
Output:
----------------------------------------------------------
Running main() from /mnt/d/github/bison/extern/googletest/googletest/src/gtest_main.cc
Note: Google Test filter = StreamSerializerTests.SpanReadSizeMismatchThrows
[==========] Running 1 test from 1 test suite.
[----------] Global test environment set-up.
[----------] 1 test from StreamSerializerTests
[ RUN      ] StreamSerializerTests.SpanReadSizeMismatchThrows
[       OK ] StreamSerializerTests.SpanReadSizeMismatchThrows (1 ms)
[----------] 1 test from StreamSerializerTests (1 ms total)

[----------] Global test environment tear-down
[==========] 1 test from 1 test suite ran. (1 ms total)
[  PASSED  ] 1 test.
<end of output>
Test time =   0.02 sec
----------------------------------------------------------
Test Passed.
"StreamSerializerTests.SpanReadSizeMismatchThrows" end time: Mar 31 13:49 CEST
"StreamSerializerTests.SpanReadSizeMismatchThrows" time elapsed: 00:00:00
----------------------------------------------------------

21/230 Testing: StreamSerializerTests.StringViewWriteRoundTrip
21/230 Test: StreamSerializerTests.StringViewWriteRoundTrip
Command: "/mnt/d/github/bison/build-linux/tests/bison_test" "--gtest_filter=StreamSerializerTests.StringViewWriteRoundTrip" "--gtest_also_run_disabled_tests"
Directory: /mnt/d/github/bison/build-linux/tests
"StreamSerializerTests.StringViewWriteRoundTrip" start time: Mar 31 13:49 CEST
Output:
----------------------------------------------------------
Running main() from /mnt/d/github/bison/extern/googletest/googletest/src/gtest_main.cc
Note: Google Test filter = StreamSerializerTests.StringViewWriteRoundTrip
[==========] Running 1 test from 1 test suite.
[----------] Global test environment set-up.
[----------] 1 test from StreamSerializerTests
[ RUN      ] StreamSerializerTests.StringViewWriteRoundTrip
[       OK ] StreamSerializerTests.StringViewWriteRoundTrip (0 ms)
[----------] 1 test from StreamSerializerTests (0 ms total)

[----------] Global test environment tear-down
[==========] 1 test from 1 test suite ran. (0 ms total)
[  PASSED  ] 1 test.
<end of output>
Test time =   0.01 sec
----------------------------------------------------------
Test Passed.
"StreamSerializerTests.StringViewWriteRoundTrip" end time: Mar 31 13:49 CEST
"StreamSerializerTests.StringViewWriteRoundTrip" time elapsed: 00:00:00
----------------------------------------------------------

22/230 Testing: StreamSerializerTests.StringViewReadAliasesStorage
22/230 Test: StreamSerializerTests.StringViewReadAliasesStorage
Command: "/mnt/d/github/bison/build-linux/tests/bison_test" "--gtest_filter=StreamSerializerTests.StringViewReadAliasesStorage" "--gtest_also_run_disabled_tests"
Directory: /mnt/d/github/bison/build-linux/tests
"StreamSerializerTests.StringViewReadAliasesStorage" start time: Mar 31 13:49 CEST
Output:
----------------------------------------------------------
Running main() from /mnt/d/github/bison/extern/googletest/googletest/src/gtest_main.cc
Note: Google Test filter = StreamSerializerTests.StringViewReadAliasesStorage
[==========] Running 1 test from 1 test suite.
[----------] Global test environment set-up.
[----------] 1 test from StreamSerializerTests
[ RUN      ] StreamSerializerTests.StringViewReadAliasesStorage
[       OK ] StreamSerializerTests.StringViewReadAliasesStorage (0 ms)
[----------] 1 test from StreamSerializerTests (0 ms total)

[----------] Global test environment tear-down
[==========] 1 test from 1 test suite ran. (0 ms total)
[  PASSED  ] 1 test.
<end of output>
Test time =   0.02 sec
----------------------------------------------------------
Test Passed.
"StreamSerializerTests.StringViewReadAliasesStorage" end time: Mar 31 13:49 CEST
"StreamSerializerTests.StringViewReadAliasesStorage" time elapsed: 00:00:00
----------------------------------------------------------

23/230 Testing: StreamSerializerTests.MultipleValuesInOrder
23/230 Test: StreamSerializerTests.MultipleValuesInOrder
Command: "/mnt/d/github/bison/build-linux/tests/bison_test" "--gtest_filter=StreamSerializerTests.MultipleValuesInOrder" "--gtest_also_run_disabled_tests"
Directory: /mnt/d/github/bison/build-linux/tests
"StreamSerializerTests.MultipleValuesInOrder" start time: Mar 31 13:49 CEST
Output:
----------------------------------------------------------
Running main() from /mnt/d/github/bison/extern/googletest/googletest/src/gtest_main.cc
Note: Google Test filter = StreamSerializerTests.MultipleValuesInOrder
[==========] Running 1 test from 1 test suite.
[----------] Global test environment set-up.
[----------] 1 test from StreamSerializerTests
[ RUN      ] StreamSerializerTests.MultipleValuesInOrder
[       OK ] StreamSerializerTests.MultipleValuesInOrder (0 ms)
[----------] 1 test from StreamSerializerTests (0 ms total)

[----------] Global test environment tear-down
[==========] 1 test from 1 test suite ran. (0 ms total)
[  PASSED  ] 1 test.
<end of output>
Test time =   0.02 sec
----------------------------------------------------------
Test Passed.
"StreamSerializerTests.MultipleValuesInOrder" end time: Mar 31 13:49 CEST
"StreamSerializerTests.MultipleValuesInOrder" time elapsed: 00:00:00
----------------------------------------------------------

24/230 Testing: BufferSerializerTests.Int32RoundTrip
24/230 Test: BufferSerializerTests.Int32RoundTrip
Command: "/mnt/d/github/bison/build-linux/tests/bison_test" "--gtest_filter=BufferSerializerTests.Int32RoundTrip" "--gtest_also_run_disabled_tests"
Directory: /mnt/d/github/bison/build-linux/tests
"BufferSerializerTests.Int32RoundTrip" start time: Mar 31 13:49 CEST
Output:
----------------------------------------------------------
Running main() from /mnt/d/github/bison/extern/googletest/googletest/src/gtest_main.cc
Note: Google Test filter = BufferSerializerTests.Int32RoundTrip
[==========] Running 1 test from 1 test suite.
[----------] Global test environment set-up.
[----------] 1 test from BufferSerializerTests
[ RUN      ] BufferSerializerTests.Int32RoundTrip
[       OK ] BufferSerializerTests.Int32RoundTrip (0 ms)
[----------] 1 test from BufferSerializerTests (0 ms total)

[----------] Global test environment tear-down
[==========] 1 test from 1 test suite ran. (0 ms total)
[  PASSED  ] 1 test.
<end of output>
Test time =   0.01 sec
----------------------------------------------------------
Test Passed.
"BufferSerializerTests.Int32RoundTrip" end time: Mar 31 13:49 CEST
"BufferSerializerTests.Int32RoundTrip" time elapsed: 00:00:00
----------------------------------------------------------

25/230 Testing: BufferSerializerTests.FloatRoundTrip
25/230 Test: BufferSerializerTests.FloatRoundTrip
Command: "/mnt/d/github/bison/build-linux/tests/bison_test" "--gtest_filter=BufferSerializerTests.FloatRoundTrip" "--gtest_also_run_disabled_tests"
Directory: /mnt/d/github/bison/build-linux/tests
"BufferSerializerTests.FloatRoundTrip" start time: Mar 31 13:49 CEST
Output:
----------------------------------------------------------
Running main() from /mnt/d/github/bison/extern/googletest/googletest/src/gtest_main.cc
Note: Google Test filter = BufferSerializerTests.FloatRoundTrip
[==========] Running 1 test from 1 test suite.
[----------] Global test environment set-up.
[----------] 1 test from BufferSerializerTests
[ RUN      ] BufferSerializerTests.FloatRoundTrip
[       OK ] BufferSerializerTests.FloatRoundTrip (0 ms)
[----------] 1 test from BufferSerializerTests (0 ms total)

[----------] Global test environment tear-down
[==========] 1 test from 1 test suite ran. (0 ms total)
[  PASSED  ] 1 test.
<end of output>
Test time =   0.02 sec
----------------------------------------------------------
Test Passed.
"BufferSerializerTests.FloatRoundTrip" end time: Mar 31 13:49 CEST
"BufferSerializerTests.FloatRoundTrip" time elapsed: 00:00:00
----------------------------------------------------------

26/230 Testing: BufferSerializerTests.BoolRoundTrip
26/230 Test: BufferSerializerTests.BoolRoundTrip
Command: "/mnt/d/github/bison/build-linux/tests/bison_test" "--gtest_filter=BufferSerializerTests.BoolRoundTrip" "--gtest_also_run_disabled_tests"
Directory: /mnt/d/github/bison/build-linux/tests
"BufferSerializerTests.BoolRoundTrip" start time: Mar 31 13:49 CEST
Output:
----------------------------------------------------------
Running main() from /mnt/d/github/bison/extern/googletest/googletest/src/gtest_main.cc
Note: Google Test filter = BufferSerializerTests.BoolRoundTrip
[==========] Running 1 test from 1 test suite.
[----------] Global test environment set-up.
[----------] 1 test from BufferSerializerTests
[ RUN      ] BufferSerializerTests.BoolRoundTrip
[       OK ] BufferSerializerTests.BoolRoundTrip (0 ms)
[----------] 1 test from BufferSerializerTests (0 ms total)

[----------] Global test environment tear-down
[==========] 1 test from 1 test suite ran. (0 ms total)
[  PASSED  ] 1 test.
<end of output>
Test time =   0.02 sec
----------------------------------------------------------
Test Passed.
"BufferSerializerTests.BoolRoundTrip" end time: Mar 31 13:49 CEST
"BufferSerializerTests.BoolRoundTrip" time elapsed: 00:00:00
----------------------------------------------------------

27/230 Testing: BufferSerializerTests.StringRoundTrip
27/230 Test: BufferSerializerTests.StringRoundTrip
Command: "/mnt/d/github/bison/build-linux/tests/bison_test" "--gtest_filter=BufferSerializerTests.StringRoundTrip" "--gtest_also_run_disabled_tests"
Directory: /mnt/d/github/bison/build-linux/tests
"BufferSerializerTests.StringRoundTrip" start time: Mar 31 13:49 CEST
Output:
----------------------------------------------------------
Running main() from /mnt/d/github/bison/extern/googletest/googletest/src/gtest_main.cc
Note: Google Test filter = BufferSerializerTests.StringRoundTrip
[==========] Running 1 test from 1 test suite.
[----------] Global test environment set-up.
[----------] 1 test from BufferSerializerTests
[ RUN      ] BufferSerializerTests.StringRoundTrip
[       OK ] BufferSerializerTests.StringRoundTrip (0 ms)
[----------] 1 test from BufferSerializerTests (0 ms total)

[----------] Global test environment tear-down
[==========] 1 test from 1 test suite ran. (0 ms total)
[  PASSED  ] 1 test.
<end of output>
Test time =   0.02 sec
----------------------------------------------------------
Test Passed.
"BufferSerializerTests.StringRoundTrip" end time: Mar 31 13:49 CEST
"BufferSerializerTests.StringRoundTrip" time elapsed: 00:00:00
----------------------------------------------------------

28/230 Testing: BufferSerializerTests.VectorInt32RoundTrip
28/230 Test: BufferSerializerTests.VectorInt32RoundTrip
Command: "/mnt/d/github/bison/build-linux/tests/bison_test" "--gtest_filter=BufferSerializerTests.VectorInt32RoundTrip" "--gtest_also_run_disabled_tests"
Directory: /mnt/d/github/bison/build-linux/tests
"BufferSerializerTests.VectorInt32RoundTrip" start time: Mar 31 13:49 CEST
Output:
----------------------------------------------------------
Running main() from /mnt/d/github/bison/extern/googletest/googletest/src/gtest_main.cc
Note: Google Test filter = BufferSerializerTests.VectorInt32RoundTrip
[==========] Running 1 test from 1 test suite.
[----------] Global test environment set-up.
[----------] 1 test from BufferSerializerTests
[ RUN      ] BufferSerializerTests.VectorInt32RoundTrip
[       OK ] BufferSerializerTests.VectorInt32RoundTrip (0 ms)
[----------] 1 test from BufferSerializerTests (0 ms total)

[----------] Global test environment tear-down
[==========] 1 test from 1 test suite ran. (0 ms total)
[  PASSED  ] 1 test.
<end of output>
Test time =   0.01 sec
----------------------------------------------------------
Test Passed.
"BufferSerializerTests.VectorInt32RoundTrip" end time: Mar 31 13:49 CEST
"BufferSerializerTests.VectorInt32RoundTrip" time elapsed: 00:00:00
----------------------------------------------------------

29/230 Testing: BufferSerializerTests.VectorFloatRoundTrip
29/230 Test: BufferSerializerTests.VectorFloatRoundTrip
Command: "/mnt/d/github/bison/build-linux/tests/bison_test" "--gtest_filter=BufferSerializerTests.VectorFloatRoundTrip" "--gtest_also_run_disabled_tests"
Directory: /mnt/d/github/bison/build-linux/tests
"BufferSerializerTests.VectorFloatRoundTrip" start time: Mar 31 13:49 CEST
Output:
----------------------------------------------------------
Running main() from /mnt/d/github/bison/extern/googletest/googletest/src/gtest_main.cc
Note: Google Test filter = BufferSerializerTests.VectorFloatRoundTrip
[==========] Running 1 test from 1 test suite.
[----------] Global test environment set-up.
[----------] 1 test from BufferSerializerTests
[ RUN      ] BufferSerializerTests.VectorFloatRoundTrip
[       OK ] BufferSerializerTests.VectorFloatRoundTrip (0 ms)
[----------] 1 test from BufferSerializerTests (0 ms total)

[----------] Global test environment tear-down
[==========] 1 test from 1 test suite ran. (0 ms total)
[  PASSED  ] 1 test.
<end of output>
Test time =   0.01 sec
----------------------------------------------------------
Test Passed.
"BufferSerializerTests.VectorFloatRoundTrip" end time: Mar 31 13:49 CEST
"BufferSerializerTests.VectorFloatRoundTrip" time elapsed: 00:00:00
----------------------------------------------------------

30/230 Testing: BufferSerializerTests.MultipleValuesInOrder
30/230 Test: BufferSerializerTests.MultipleValuesInOrder
Command: "/mnt/d/github/bison/build-linux/tests/bison_test" "--gtest_filter=BufferSerializerTests.MultipleValuesInOrder" "--gtest_also_run_disabled_tests"
Directory: /mnt/d/github/bison/build-linux/tests
"BufferSerializerTests.MultipleValuesInOrder" start time: Mar 31 13:49 CEST
Output:
----------------------------------------------------------
Running main() from /mnt/d/github/bison/extern/googletest/googletest/src/gtest_main.cc
Note: Google Test filter = BufferSerializerTests.MultipleValuesInOrder
[==========] Running 1 test from 1 test suite.
[----------] Global test environment set-up.
[----------] 1 test from BufferSerializerTests
[ RUN      ] BufferSerializerTests.MultipleValuesInOrder
[       OK ] BufferSerializerTests.MultipleValuesInOrder (0 ms)
[----------] 1 test from BufferSerializerTests (0 ms total)

[----------] Global test environment tear-down
[==========] 1 test from 1 test suite ran. (0 ms total)
[  PASSED  ] 1 test.
<end of output>
Test time =   0.01 sec
----------------------------------------------------------
Test Passed.
"BufferSerializerTests.MultipleValuesInOrder" end time: Mar 31 13:49 CEST
"BufferSerializerTests.MultipleValuesInOrder" time elapsed: 00:00:00
----------------------------------------------------------

31/230 Testing: BufferSerializerTests.UnderflowThrows
31/230 Test: BufferSerializerTests.UnderflowThrows
Command: "/mnt/d/github/bison/build-linux/tests/bison_test" "--gtest_filter=BufferSerializerTests.UnderflowThrows" "--gtest_also_run_disabled_tests"
Directory: /mnt/d/github/bison/build-linux/tests
"BufferSerializerTests.UnderflowThrows" start time: Mar 31 13:49 CEST
Output:
----------------------------------------------------------
Running main() from /mnt/d/github/bison/extern/googletest/googletest/src/gtest_main.cc
Note: Google Test filter = BufferSerializerTests.UnderflowThrows
[==========] Running 1 test from 1 test suite.
[----------] Global test environment set-up.
[----------] 1 test from BufferSerializerTests
[ RUN      ] BufferSerializerTests.UnderflowThrows
[       OK ] BufferSerializerTests.UnderflowThrows (0 ms)
[----------] 1 test from BufferSerializerTests (0 ms total)

[----------] Global test environment tear-down
[==========] 1 test from 1 test suite ran. (0 ms total)
[  PASSED  ] 1 test.
<end of output>
Test time =   0.01 sec
----------------------------------------------------------
Test Passed.
"BufferSerializerTests.UnderflowThrows" end time: Mar 31 13:49 CEST
"BufferSerializerTests.UnderflowThrows" time elapsed: 00:00:00
----------------------------------------------------------

32/230 Testing: BufferSerializerTests.BufferEquivalentToStream
32/230 Test: BufferSerializerTests.BufferEquivalentToStream
Command: "/mnt/d/github/bison/build-linux/tests/bison_test" "--gtest_filter=BufferSerializerTests.BufferEquivalentToStream" "--gtest_also_run_disabled_tests"
Directory: /mnt/d/github/bison/build-linux/tests
"BufferSerializerTests.BufferEquivalentToStream" start time: Mar 31 13:49 CEST
Output:
----------------------------------------------------------
Running main() from /mnt/d/github/bison/extern/googletest/googletest/src/gtest_main.cc
Note: Google Test filter = BufferSerializerTests.BufferEquivalentToStream
[==========] Running 1 test from 1 test suite.
[----------] Global test environment set-up.
[----------] 1 test from BufferSerializerTests
[ RUN      ] BufferSerializerTests.BufferEquivalentToStream
[       OK ] BufferSerializerTests.BufferEquivalentToStream (0 ms)
[----------] 1 test from BufferSerializerTests (0 ms total)

[----------] Global test environment tear-down
[==========] 1 test from 1 test suite ran. (0 ms total)
[  PASSED  ] 1 test.
<end of output>
Test time =   0.01 sec
----------------------------------------------------------
Test Passed.
"BufferSerializerTests.BufferEquivalentToStream" end time: Mar 31 13:49 CEST
"BufferSerializerTests.BufferEquivalentToStream" time elapsed: 00:00:00
----------------------------------------------------------

33/230 Testing: BufferSerializerTests.DynamicObjectRoundTrip
33/230 Test: BufferSerializerTests.DynamicObjectRoundTrip
Command: "/mnt/d/github/bison/build-linux/tests/bison_test" "--gtest_filter=BufferSerializerTests.DynamicObjectRoundTrip" "--gtest_also_run_disabled_tests"
Directory: /mnt/d/github/bison/build-linux/tests
"BufferSerializerTests.DynamicObjectRoundTrip" start time: Mar 31 13:49 CEST
Output:
----------------------------------------------------------
Running main() from /mnt/d/github/bison/extern/googletest/googletest/src/gtest_main.cc
Note: Google Test filter = BufferSerializerTests.DynamicObjectRoundTrip
[==========] Running 1 test from 1 test suite.
[----------] Global test environment set-up.
[----------] 1 test from BufferSerializerTests
[ RUN      ] BufferSerializerTests.DynamicObjectRoundTrip
[       OK ] BufferSerializerTests.DynamicObjectRoundTrip (0 ms)
[----------] 1 test from BufferSerializerTests (0 ms total)

[----------] Global test environment tear-down
[==========] 1 test from 1 test suite ran. (0 ms total)
[  PASSED  ] 1 test.
<end of output>
Test time =   0.01 sec
----------------------------------------------------------
Test Passed.
"BufferSerializerTests.DynamicObjectRoundTrip" end time: Mar 31 13:49 CEST
"BufferSerializerTests.DynamicObjectRoundTrip" time elapsed: 00:00:00
----------------------------------------------------------

34/230 Testing: BufferSerializerTests.StringViewRoundTrip
34/230 Test: BufferSerializerTests.StringViewRoundTrip
Command: "/mnt/d/github/bison/build-linux/tests/bison_test" "--gtest_filter=BufferSerializerTests.StringViewRoundTrip" "--gtest_also_run_disabled_tests"
Directory: /mnt/d/github/bison/build-linux/tests
"BufferSerializerTests.StringViewRoundTrip" start time: Mar 31 13:49 CEST
Output:
----------------------------------------------------------
Running main() from /mnt/d/github/bison/extern/googletest/googletest/src/gtest_main.cc
Note: Google Test filter = BufferSerializerTests.StringViewRoundTrip
[==========] Running 1 test from 1 test suite.
[----------] Global test environment set-up.
[----------] 1 test from BufferSerializerTests
[ RUN      ] BufferSerializerTests.StringViewRoundTrip
[       OK ] BufferSerializerTests.StringViewRoundTrip (0 ms)
[----------] 1 test from BufferSerializerTests (0 ms total)

[----------] Global test environment tear-down
[==========] 1 test from 1 test suite ran. (0 ms total)
[  PASSED  ] 1 test.
<end of output>
Test time =   0.01 sec
----------------------------------------------------------
Test Passed.
"BufferSerializerTests.StringViewRoundTrip" end time: Mar 31 13:49 CEST
"BufferSerializerTests.StringViewRoundTrip" time elapsed: 00:00:00
----------------------------------------------------------

35/230 Testing: FieldTests.DefaultConstructionIsMonostate
35/230 Test: FieldTests.DefaultConstructionIsMonostate
Command: "/mnt/d/github/bison/build-linux/tests/bison_test" "--gtest_filter=FieldTests.DefaultConstructionIsMonostate" "--gtest_also_run_disabled_tests"
Directory: /mnt/d/github/bison/build-linux/tests
"FieldTests.DefaultConstructionIsMonostate" start time: Mar 31 13:49 CEST
Output:
----------------------------------------------------------
Running main() from /mnt/d/github/bison/extern/googletest/googletest/src/gtest_main.cc
Note: Google Test filter = FieldTests.DefaultConstructionIsMonostate
[==========] Running 1 test from 1 test suite.
[----------] Global test environment set-up.
[----------] 1 test from FieldTests
[ RUN      ] FieldTests.DefaultConstructionIsMonostate
[       OK ] FieldTests.DefaultConstructionIsMonostate (0 ms)
[----------] 1 test from FieldTests (0 ms total)

[----------] Global test environment tear-down
[==========] 1 test from 1 test suite ran. (0 ms total)
[  PASSED  ] 1 test.
<end of output>
Test time =   0.01 sec
----------------------------------------------------------
Test Passed.
"FieldTests.DefaultConstructionIsMonostate" end time: Mar 31 13:49 CEST
"FieldTests.DefaultConstructionIsMonostate" time elapsed: 00:00:00
----------------------------------------------------------

36/230 Testing: FieldTests.ConstructBool
36/230 Test: FieldTests.ConstructBool
Command: "/mnt/d/github/bison/build-linux/tests/bison_test" "--gtest_filter=FieldTests.ConstructBool" "--gtest_also_run_disabled_tests"
Directory: /mnt/d/github/bison/build-linux/tests
"FieldTests.ConstructBool" start time: Mar 31 13:49 CEST
Output:
----------------------------------------------------------
Running main() from /mnt/d/github/bison/extern/googletest/googletest/src/gtest_main.cc
Note: Google Test filter = FieldTests.ConstructBool
[==========] Running 1 test from 1 test suite.
[----------] Global test environment set-up.
[----------] 1 test from FieldTests
[ RUN      ] FieldTests.ConstructBool
[       OK ] FieldTests.ConstructBool (0 ms)
[----------] 1 test from FieldTests (0 ms total)

[----------] Global test environment tear-down
[==========] 1 test from 1 test suite ran. (0 ms total)
[  PASSED  ] 1 test.
<end of output>
Test time =   0.01 sec
----------------------------------------------------------
Test Passed.
"FieldTests.ConstructBool" end time: Mar 31 13:49 CEST
"FieldTests.ConstructBool" time elapsed: 00:00:00
----------------------------------------------------------

37/230 Testing: FieldTests.ConstructInt32
37/230 Test: FieldTests.ConstructInt32
Command: "/mnt/d/github/bison/build-linux/tests/bison_test" "--gtest_filter=FieldTests.ConstructInt32" "--gtest_also_run_disabled_tests"
Directory: /mnt/d/github/bison/build-linux/tests
"FieldTests.ConstructInt32" start time: Mar 31 13:49 CEST
Output:
----------------------------------------------------------
Running main() from /mnt/d/github/bison/extern/googletest/googletest/src/gtest_main.cc
Note: Google Test filter = FieldTests.ConstructInt32
[==========] Running 1 test from 1 test suite.
[----------] Global test environment set-up.
[----------] 1 test from FieldTests
[ RUN      ] FieldTests.ConstructInt32
[       OK ] FieldTests.ConstructInt32 (0 ms)
[----------] 1 test from FieldTests (0 ms total)

[----------] Global test environment tear-down
[==========] 1 test from 1 test suite ran. (0 ms total)
[  PASSED  ] 1 test.
<end of output>
Test time =   0.01 sec
----------------------------------------------------------
Test Passed.
"FieldTests.ConstructInt32" end time: Mar 31 13:49 CEST
"FieldTests.ConstructInt32" time elapsed: 00:00:00
----------------------------------------------------------

38/230 Testing: FieldTests.ConstructFloat
38/230 Test: FieldTests.ConstructFloat
Command: "/mnt/d/github/bison/build-linux/tests/bison_test" "--gtest_filter=FieldTests.ConstructFloat" "--gtest_also_run_disabled_tests"
Directory: /mnt/d/github/bison/build-linux/tests
"FieldTests.ConstructFloat" start time: Mar 31 13:49 CEST
Output:
----------------------------------------------------------
Running main() from /mnt/d/github/bison/extern/googletest/googletest/src/gtest_main.cc
Note: Google Test filter = FieldTests.ConstructFloat
[==========] Running 1 test from 1 test suite.
[----------] Global test environment set-up.
[----------] 1 test from FieldTests
[ RUN      ] FieldTests.ConstructFloat
[       OK ] FieldTests.ConstructFloat (0 ms)
[----------] 1 test from FieldTests (0 ms total)

[----------] Global test environment tear-down
[==========] 1 test from 1 test suite ran. (0 ms total)
[  PASSED  ] 1 test.
<end of output>
Test time =   0.01 sec
----------------------------------------------------------
Test Passed.
"FieldTests.ConstructFloat" end time: Mar 31 13:49 CEST
"FieldTests.ConstructFloat" time elapsed: 00:00:00
----------------------------------------------------------

39/230 Testing: FieldTests.ConstructString
39/230 Test: FieldTests.ConstructString
Command: "/mnt/d/github/bison/build-linux/tests/bison_test" "--gtest_filter=FieldTests.ConstructString" "--gtest_also_run_disabled_tests"
Directory: /mnt/d/github/bison/build-linux/tests
"FieldTests.ConstructString" start time: Mar 31 13:49 CEST
Output:
----------------------------------------------------------
Running main() from /mnt/d/github/bison/extern/googletest/googletest/src/gtest_main.cc
Note: Google Test filter = FieldTests.ConstructString
[==========] Running 1 test from 1 test suite.
[----------] Global test environment set-up.
[----------] 1 test from FieldTests
[ RUN      ] FieldTests.ConstructString
[       OK ] FieldTests.ConstructString (0 ms)
[----------] 1 test from FieldTests (0 ms total)

[----------] Global test environment tear-down
[==========] 1 test from 1 test suite ran. (0 ms total)
[  PASSED  ] 1 test.
<end of output>
Test time =   0.01 sec
----------------------------------------------------------
Test Passed.
"FieldTests.ConstructString" end time: Mar 31 13:49 CEST
"FieldTests.ConstructString" time elapsed: 00:00:00
----------------------------------------------------------

40/230 Testing: FieldTests.ImplicitConversionToConstStringRefAvoidsCopy
40/230 Test: FieldTests.ImplicitConversionToConstStringRefAvoidsCopy
Command: "/mnt/d/github/bison/build-linux/tests/bison_test" "--gtest_filter=FieldTests.ImplicitConversionToConstStringRefAvoidsCopy" "--gtest_also_run_disabled_tests"
Directory: /mnt/d/github/bison/build-linux/tests
"FieldTests.ImplicitConversionToConstStringRefAvoidsCopy" start time: Mar 31 13:49 CEST
Output:
----------------------------------------------------------
Running main() from /mnt/d/github/bison/extern/googletest/googletest/src/gtest_main.cc
Note: Google Test filter = FieldTests.ImplicitConversionToConstStringRefAvoidsCopy
[==========] Running 1 test from 1 test suite.
[----------] Global test environment set-up.
[----------] 1 test from FieldTests
[ RUN      ] FieldTests.ImplicitConversionToConstStringRefAvoidsCopy
[       OK ] FieldTests.ImplicitConversionToConstStringRefAvoidsCopy (0 ms)
[----------] 1 test from FieldTests (0 ms total)

[----------] Global test environment tear-down
[==========] 1 test from 1 test suite ran. (0 ms total)
[  PASSED  ] 1 test.
<end of output>
Test time =   0.01 sec
----------------------------------------------------------
Test Passed.
"FieldTests.ImplicitConversionToConstStringRefAvoidsCopy" end time: Mar 31 13:49 CEST
"FieldTests.ImplicitConversionToConstStringRefAvoidsCopy" time elapsed: 00:00:00
----------------------------------------------------------

41/230 Testing: FieldTests.ConstructFromStringLiteralPromotesToString
41/230 Test: FieldTests.ConstructFromStringLiteralPromotesToString
Command: "/mnt/d/github/bison/build-linux/tests/bison_test" "--gtest_filter=FieldTests.ConstructFromStringLiteralPromotesToString" "--gtest_also_run_disabled_tests"
Directory: /mnt/d/github/bison/build-linux/tests
"FieldTests.ConstructFromStringLiteralPromotesToString" start time: Mar 31 13:49 CEST
Output:
----------------------------------------------------------
Running main() from /mnt/d/github/bison/extern/googletest/googletest/src/gtest_main.cc
Note: Google Test filter = FieldTests.ConstructFromStringLiteralPromotesToString
[==========] Running 1 test from 1 test suite.
[----------] Global test environment set-up.
[----------] 1 test from FieldTests
[ RUN      ] FieldTests.ConstructFromStringLiteralPromotesToString
[       OK ] FieldTests.ConstructFromStringLiteralPromotesToString (0 ms)
[----------] 1 test from FieldTests (0 ms total)

[----------] Global test environment tear-down
[==========] 1 test from 1 test suite ran. (0 ms total)
[  PASSED  ] 1 test.
<end of output>
Test time =   0.01 sec
----------------------------------------------------------
Test Passed.
"FieldTests.ConstructFromStringLiteralPromotesToString" end time: Mar 31 13:49 CEST
"FieldTests.ConstructFromStringLiteralPromotesToString" time elapsed: 00:00:00
----------------------------------------------------------

42/230 Testing: FieldTests.ConstructVectorInt32
42/230 Test: FieldTests.ConstructVectorInt32
Command: "/mnt/d/github/bison/build-linux/tests/bison_test" "--gtest_filter=FieldTests.ConstructVectorInt32" "--gtest_also_run_disabled_tests"
Directory: /mnt/d/github/bison/build-linux/tests
"FieldTests.ConstructVectorInt32" start time: Mar 31 13:49 CEST
Output:
----------------------------------------------------------
Running main() from /mnt/d/github/bison/extern/googletest/googletest/src/gtest_main.cc
Note: Google Test filter = FieldTests.ConstructVectorInt32
[==========] Running 1 test from 1 test suite.
[----------] Global test environment set-up.
[----------] 1 test from FieldTests
[ RUN      ] FieldTests.ConstructVectorInt32
[       OK ] FieldTests.ConstructVectorInt32 (0 ms)
[----------] 1 test from FieldTests (0 ms total)

[----------] Global test environment tear-down
[==========] 1 test from 1 test suite ran. (0 ms total)
[  PASSED  ] 1 test.
<end of output>
Test time =   0.01 sec
----------------------------------------------------------
Test Passed.
"FieldTests.ConstructVectorInt32" end time: Mar 31 13:49 CEST
"FieldTests.ConstructVectorInt32" time elapsed: 00:00:00
----------------------------------------------------------

43/230 Testing: FieldTests.ConstructVectorFloat
43/230 Test: FieldTests.ConstructVectorFloat
Command: "/mnt/d/github/bison/build-linux/tests/bison_test" "--gtest_filter=FieldTests.ConstructVectorFloat" "--gtest_also_run_disabled_tests"
Directory: /mnt/d/github/bison/build-linux/tests
"FieldTests.ConstructVectorFloat" start time: Mar 31 13:49 CEST
Output:
----------------------------------------------------------
Running main() from /mnt/d/github/bison/extern/googletest/googletest/src/gtest_main.cc
Note: Google Test filter = FieldTests.ConstructVectorFloat
[==========] Running 1 test from 1 test suite.
[----------] Global test environment set-up.
[----------] 1 test from FieldTests
[ RUN      ] FieldTests.ConstructVectorFloat
[       OK ] FieldTests.ConstructVectorFloat (0 ms)
[----------] 1 test from FieldTests (0 ms total)

[----------] Global test environment tear-down
[==========] 1 test from 1 test suite ran. (0 ms total)
[  PASSED  ] 1 test.
<end of output>
Test time =   0.01 sec
----------------------------------------------------------
Test Passed.
"FieldTests.ConstructVectorFloat" end time: Mar 31 13:49 CEST
"FieldTests.ConstructVectorFloat" time elapsed: 00:00:00
----------------------------------------------------------

44/230 Testing: FieldTests.ConstructVectorBool
44/230 Test: FieldTests.ConstructVectorBool
Command: "/mnt/d/github/bison/build-linux/tests/bison_test" "--gtest_filter=FieldTests.ConstructVectorBool" "--gtest_also_run_disabled_tests"
Directory: /mnt/d/github/bison/build-linux/tests
"FieldTests.ConstructVectorBool" start time: Mar 31 13:49 CEST
Output:
----------------------------------------------------------
Running main() from /mnt/d/github/bison/extern/googletest/googletest/src/gtest_main.cc
Note: Google Test filter = FieldTests.ConstructVectorBool
[==========] Running 1 test from 1 test suite.
[----------] Global test environment set-up.
[----------] 1 test from FieldTests
[ RUN      ] FieldTests.ConstructVectorBool
[       OK ] FieldTests.ConstructVectorBool (0 ms)
[----------] 1 test from FieldTests (0 ms total)

[----------] Global test environment tear-down
[==========] 1 test from 1 test suite ran. (0 ms total)
[  PASSED  ] 1 test.
<end of output>
Test time =   0.01 sec
----------------------------------------------------------
Test Passed.
"FieldTests.ConstructVectorBool" end time: Mar 31 13:49 CEST
"FieldTests.ConstructVectorBool" time elapsed: 00:00:00
----------------------------------------------------------

45/230 Testing: FieldTests.AssignMonostateFieldAcceptsAnyType
45/230 Test: FieldTests.AssignMonostateFieldAcceptsAnyType
Command: "/mnt/d/github/bison/build-linux/tests/bison_test" "--gtest_filter=FieldTests.AssignMonostateFieldAcceptsAnyType" "--gtest_also_run_disabled_tests"
Directory: /mnt/d/github/bison/build-linux/tests
"FieldTests.AssignMonostateFieldAcceptsAnyType" start time: Mar 31 13:49 CEST
Output:
----------------------------------------------------------
Running main() from /mnt/d/github/bison/extern/googletest/googletest/src/gtest_main.cc
Note: Google Test filter = FieldTests.AssignMonostateFieldAcceptsAnyType
[==========] Running 1 test from 1 test suite.
[----------] Global test environment set-up.
[----------] 1 test from FieldTests
[ RUN      ] FieldTests.AssignMonostateFieldAcceptsAnyType
[       OK ] FieldTests.AssignMonostateFieldAcceptsAnyType (0 ms)
[----------] 1 test from FieldTests (0 ms total)

[----------] Global test environment tear-down
[==========] 1 test from 1 test suite ran. (0 ms total)
[  PASSED  ] 1 test.
<end of output>
Test time =   0.01 sec
----------------------------------------------------------
Test Passed.
"FieldTests.AssignMonostateFieldAcceptsAnyType" end time: Mar 31 13:49 CEST
"FieldTests.AssignMonostateFieldAcceptsAnyType" time elapsed: 00:00:00
----------------------------------------------------------

46/230 Testing: FieldTests.AssignSameTypeSucceeds
46/230 Test: FieldTests.AssignSameTypeSucceeds
Command: "/mnt/d/github/bison/build-linux/tests/bison_test" "--gtest_filter=FieldTests.AssignSameTypeSucceeds" "--gtest_also_run_disabled_tests"
Directory: /mnt/d/github/bison/build-linux/tests
"FieldTests.AssignSameTypeSucceeds" start time: Mar 31 13:49 CEST
Output:
----------------------------------------------------------
Running main() from /mnt/d/github/bison/extern/googletest/googletest/src/gtest_main.cc
Note: Google Test filter = FieldTests.AssignSameTypeSucceeds
[==========] Running 1 test from 1 test suite.
[----------] Global test environment set-up.
[----------] 1 test from FieldTests
[ RUN      ] FieldTests.AssignSameTypeSucceeds
[       OK ] FieldTests.AssignSameTypeSucceeds (0 ms)
[----------] 1 test from FieldTests (0 ms total)

[----------] Global test environment tear-down
[==========] 1 test from 1 test suite ran. (0 ms total)
[  PASSED  ] 1 test.
<end of output>
Test time =   0.01 sec
----------------------------------------------------------
Test Passed.
"FieldTests.AssignSameTypeSucceeds" end time: Mar 31 13:49 CEST
"FieldTests.AssignSameTypeSucceeds" time elapsed: 00:00:00
----------------------------------------------------------

47/230 Testing: FieldTests.AssignWrongTypeThrows
47/230 Test: FieldTests.AssignWrongTypeThrows
Command: "/mnt/d/github/bison/build-linux/tests/bison_test" "--gtest_filter=FieldTests.AssignWrongTypeThrows" "--gtest_also_run_disabled_tests"
Directory: /mnt/d/github/bison/build-linux/tests
"FieldTests.AssignWrongTypeThrows" start time: Mar 31 13:49 CEST
Output:
----------------------------------------------------------
Running main() from /mnt/d/github/bison/extern/googletest/googletest/src/gtest_main.cc
Note: Google Test filter = FieldTests.AssignWrongTypeThrows
[==========] Running 1 test from 1 test suite.
[----------] Global test environment set-up.
[----------] 1 test from FieldTests
[ RUN      ] FieldTests.AssignWrongTypeThrows
[       OK ] FieldTests.AssignWrongTypeThrows (0 ms)
[----------] 1 test from FieldTests (0 ms total)

[----------] Global test environment tear-down
[==========] 1 test from 1 test suite ran. (0 ms total)
[  PASSED  ] 1 test.
<end of output>
Test time =   0.01 sec
----------------------------------------------------------
Test Passed.
"FieldTests.AssignWrongTypeThrows" end time: Mar 31 13:49 CEST
"FieldTests.AssignWrongTypeThrows" time elapsed: 00:00:00
----------------------------------------------------------

48/230 Testing: FieldTests.AsDefaultInitializesMonostate
48/230 Test: FieldTests.AsDefaultInitializesMonostate
Command: "/mnt/d/github/bison/build-linux/tests/bison_test" "--gtest_filter=FieldTests.AsDefaultInitializesMonostate" "--gtest_also_run_disabled_tests"
Directory: /mnt/d/github/bison/build-linux/tests
"FieldTests.AsDefaultInitializesMonostate" start time: Mar 31 13:49 CEST
Output:
----------------------------------------------------------
Running main() from /mnt/d/github/bison/extern/googletest/googletest/src/gtest_main.cc
Note: Google Test filter = FieldTests.AsDefaultInitializesMonostate
[==========] Running 1 test from 1 test suite.
[----------] Global test environment set-up.
[----------] 1 test from FieldTests
[ RUN      ] FieldTests.AsDefaultInitializesMonostate
[       OK ] FieldTests.AsDefaultInitializesMonostate (0 ms)
[----------] 1 test from FieldTests (0 ms total)

[----------] Global test environment tear-down
[==========] 1 test from 1 test suite ran. (0 ms total)
[  PASSED  ] 1 test.
<end of output>
Test time =   0.01 sec
----------------------------------------------------------
Test Passed.
"FieldTests.AsDefaultInitializesMonostate" end time: Mar 31 13:49 CEST
"FieldTests.AsDefaultInitializesMonostate" time elapsed: 00:00:00
----------------------------------------------------------

49/230 Testing: FieldTests.AsWrongTypeThrows
49/230 Test: FieldTests.AsWrongTypeThrows
Command: "/mnt/d/github/bison/build-linux/tests/bison_test" "--gtest_filter=FieldTests.AsWrongTypeThrows" "--gtest_also_run_disabled_tests"
Directory: /mnt/d/github/bison/build-linux/tests
"FieldTests.AsWrongTypeThrows" start time: Mar 31 13:49 CEST
Output:
----------------------------------------------------------
Running main() from /mnt/d/github/bison/extern/googletest/googletest/src/gtest_main.cc
Note: Google Test filter = FieldTests.AsWrongTypeThrows
[==========] Running 1 test from 1 test suite.
[----------] Global test environment set-up.
[----------] 1 test from FieldTests
[ RUN      ] FieldTests.AsWrongTypeThrows
[       OK ] FieldTests.AsWrongTypeThrows (0 ms)
[----------] 1 test from FieldTests (0 ms total)

[----------] Global test environment tear-down
[==========] 1 test from 1 test suite ran. (0 ms total)
[  PASSED  ] 1 test.
<end of output>
Test time =   0.01 sec
----------------------------------------------------------
Test Passed.
"FieldTests.AsWrongTypeThrows" end time: Mar 31 13:49 CEST
"FieldTests.AsWrongTypeThrows" time elapsed: 00:00:00
----------------------------------------------------------

50/230 Testing: FieldTests.ImplicitConversionToCorrectType
50/230 Test: FieldTests.ImplicitConversionToCorrectType
Command: "/mnt/d/github/bison/build-linux/tests/bison_test" "--gtest_filter=FieldTests.ImplicitConversionToCorrectType" "--gtest_also_run_disabled_tests"
Directory: /mnt/d/github/bison/build-linux/tests
"FieldTests.ImplicitConversionToCorrectType" start time: Mar 31 13:49 CEST
Output:
----------------------------------------------------------
Running main() from /mnt/d/github/bison/extern/googletest/googletest/src/gtest_main.cc
Note: Google Test filter = FieldTests.ImplicitConversionToCorrectType
[==========] Running 1 test from 1 test suite.
[----------] Global test environment set-up.
[----------] 1 test from FieldTests
[ RUN      ] FieldTests.ImplicitConversionToCorrectType
[       OK ] FieldTests.ImplicitConversionToCorrectType (0 ms)
[----------] 1 test from FieldTests (0 ms total)

[----------] Global test environment tear-down
[==========] 1 test from 1 test suite ran. (0 ms total)
[  PASSED  ] 1 test.
<end of output>
Test time =   0.01 sec
----------------------------------------------------------
Test Passed.
"FieldTests.ImplicitConversionToCorrectType" end time: Mar 31 13:49 CEST
"FieldTests.ImplicitConversionToCorrectType" time elapsed: 00:00:00
----------------------------------------------------------

51/230 Testing: FieldTests.ImplicitConversionWrongTypeThrows
51/230 Test: FieldTests.ImplicitConversionWrongTypeThrows
Command: "/mnt/d/github/bison/build-linux/tests/bison_test" "--gtest_filter=FieldTests.ImplicitConversionWrongTypeThrows" "--gtest_also_run_disabled_tests"
Directory: /mnt/d/github/bison/build-linux/tests
"FieldTests.ImplicitConversionWrongTypeThrows" start time: Mar 31 13:49 CEST
Output:
----------------------------------------------------------
Running main() from /mnt/d/github/bison/extern/googletest/googletest/src/gtest_main.cc
Note: Google Test filter = FieldTests.ImplicitConversionWrongTypeThrows
[==========] Running 1 test from 1 test suite.
[----------] Global test environment set-up.
[----------] 1 test from FieldTests
[ RUN      ] FieldTests.ImplicitConversionWrongTypeThrows
[       OK ] FieldTests.ImplicitConversionWrongTypeThrows (0 ms)
[----------] 1 test from FieldTests (0 ms total)

[----------] Global test environment tear-down
[==========] 1 test from 1 test suite ran. (0 ms total)
[  PASSED  ] 1 test.
<end of output>
Test time =   0.01 sec
----------------------------------------------------------
Test Passed.
"FieldTests.ImplicitConversionWrongTypeThrows" end time: Mar 31 13:49 CEST
"FieldTests.ImplicitConversionWrongTypeThrows" time elapsed: 00:00:00
----------------------------------------------------------

52/230 Testing: FieldTests.AttributeAttachAndFind
52/230 Test: FieldTests.AttributeAttachAndFind
Command: "/mnt/d/github/bison/build-linux/tests/bison_test" "--gtest_filter=FieldTests.AttributeAttachAndFind" "--gtest_also_run_disabled_tests"
Directory: /mnt/d/github/bison/build-linux/tests
"FieldTests.AttributeAttachAndFind" start time: Mar 31 13:49 CEST
Output:
----------------------------------------------------------
Running main() from /mnt/d/github/bison/extern/googletest/googletest/src/gtest_main.cc
Note: Google Test filter = FieldTests.AttributeAttachAndFind
[==========] Running 1 test from 1 test suite.
[----------] Global test environment set-up.
[----------] 1 test from FieldTests
[ RUN      ] FieldTests.AttributeAttachAndFind
[       OK ] FieldTests.AttributeAttachAndFind (0 ms)
[----------] 1 test from FieldTests (0 ms total)

[----------] Global test environment tear-down
[==========] 1 test from 1 test suite ran. (0 ms total)
[  PASSED  ] 1 test.
<end of output>
Test time =   0.01 sec
----------------------------------------------------------
Test Passed.
[...]

[----------] Global test environment tear-down
[==========] 1 test from 1 test suite ran. (0 ms total)
[  PASSED  ] 1 test.
<end of output>
Test time =   0.04 sec
----------------------------------------------------------
Test Passed.
"ErrorHandlingTests.FutureGetDynamicNullReturnsError" end time: Mar 31 13:49 CEST
"ErrorHandlingTests.FutureGetDynamicNullReturnsError" time elapsed: 00:00:00
----------------------------------------------------------

217/230 Testing: ErrorHandlingTests.FutureGetProxyNullReturnsError
217/230 Test: ErrorHandlingTests.FutureGetProxyNullReturnsError
Command: "/mnt/d/github/bison/build-linux/tests/rmi_c_test" "--gtest_filter=ErrorHandlingTests.FutureGetProxyNullReturnsError" "--gtest_also_run_disabled_tests"
Directory: /mnt/d/github/bison/build-linux/tests
"ErrorHandlingTests.FutureGetProxyNullReturnsError" start time: Mar 31 13:49 CEST
Output:
----------------------------------------------------------
Running main() from /mnt/d/github/bison/extern/googletest/googletest/src/gtest_main.cc
Note: Google Test filter = ErrorHandlingTests.FutureGetProxyNullReturnsError
[==========] Running 1 test from 1 test suite.
[----------] Global test environment set-up.
[----------] 1 test from ErrorHandlingTests
[ RUN      ] ErrorHandlingTests.FutureGetProxyNullReturnsError
[       OK ] ErrorHandlingTests.FutureGetProxyNullReturnsError (0 ms)
[----------] 1 test from ErrorHandlingTests (0 ms total)

[----------] Global test environment tear-down
[==========] 1 test from 1 test suite ran. (0 ms total)
[  PASSED  ] 1 test.
<end of output>
Test time =   0.04 sec
----------------------------------------------------------
Test Passed.
"ErrorHandlingTests.FutureGetProxyNullReturnsError" end time: Mar 31 13:49 CEST
"ErrorHandlingTests.FutureGetProxyNullReturnsError" time elapsed: 00:00:00
----------------------------------------------------------

218/230 Testing: ErrorHandlingTests.DescribeAsyncNullClientReturnsError
218/230 Test: ErrorHandlingTests.DescribeAsyncNullClientReturnsError
Command: "/mnt/d/github/bison/build-linux/tests/rmi_c_test" "--gtest_filter=ErrorHandlingTests.DescribeAsyncNullClientReturnsError" "--gtest_also_run_disabled_tests"
Directory: /mnt/d/github/bison/build-linux/tests
"ErrorHandlingTests.DescribeAsyncNullClientReturnsError" start time: Mar 31 13:49 CEST
Output:
----------------------------------------------------------
Running main() from /mnt/d/github/bison/extern/googletest/googletest/src/gtest_main.cc
Note: Google Test filter = ErrorHandlingTests.DescribeAsyncNullClientReturnsError
[==========] Running 1 test from 1 test suite.
[----------] Global test environment set-up.
[----------] 1 test from ErrorHandlingTests
[ RUN      ] ErrorHandlingTests.DescribeAsyncNullClientReturnsError
[       OK ] ErrorHandlingTests.DescribeAsyncNullClientReturnsError (0 ms)
[----------] 1 test from ErrorHandlingTests (0 ms total)

[----------] Global test environment tear-down
[==========] 1 test from 1 test suite ran. (0 ms total)
[  PASSED  ] 1 test.
<end of output>
Test time =   0.04 sec
----------------------------------------------------------
Test Passed.
"ErrorHandlingTests.DescribeAsyncNullClientReturnsError" end time: Mar 31 13:49 CEST
"ErrorHandlingTests.DescribeAsyncNullClientReturnsError" time elapsed: 00:00:00
----------------------------------------------------------

219/230 Testing: ErrorHandlingTests.InstantiateAsyncNullClientReturnsError
219/230 Test: ErrorHandlingTests.InstantiateAsyncNullClientReturnsError
Command: "/mnt/d/github/bison/build-linux/tests/rmi_c_test" "--gtest_filter=ErrorHandlingTests.InstantiateAsyncNullClientReturnsError" "--gtest_also_run_disabled_tests"
Directory: /mnt/d/github/bison/build-linux/tests
"ErrorHandlingTests.InstantiateAsyncNullClientReturnsError" start time: Mar 31 13:49 CEST
Output:
----------------------------------------------------------
Running main() from /mnt/d/github/bison/extern/googletest/googletest/src/gtest_main.cc
Note: Google Test filter = ErrorHandlingTests.InstantiateAsyncNullClientReturnsError
[==========] Running 1 test from 1 test suite.
[----------] Global test environment set-up.
[----------] 1 test from ErrorHandlingTests
[ RUN      ] ErrorHandlingTests.InstantiateAsyncNullClientReturnsError
[       OK ] ErrorHandlingTests.InstantiateAsyncNullClientReturnsError (0 ms)
[----------] 1 test from ErrorHandlingTests (0 ms total)

[----------] Global test environment tear-down
[==========] 1 test from 1 test suite ran. (0 ms total)
[  PASSED  ] 1 test.
<end of output>
Test time =   0.04 sec
----------------------------------------------------------
Test Passed.
"ErrorHandlingTests.InstantiateAsyncNullClientReturnsError" end time: Mar 31 13:49 CEST
"ErrorHandlingTests.InstantiateAsyncNullClientReturnsError" time elapsed: 00:00:00
----------------------------------------------------------

220/230 Testing: ErrorHandlingTests.ClearAsyncNullClientReturnsError
220/230 Test: ErrorHandlingTests.ClearAsyncNullClientReturnsError
Command: "/mnt/d/github/bison/build-linux/tests/rmi_c_test" "--gtest_filter=ErrorHandlingTests.ClearAsyncNullClientReturnsError" "--gtest_also_run_disabled_tests"
Directory: /mnt/d/github/bison/build-linux/tests
"ErrorHandlingTests.ClearAsyncNullClientReturnsError" start time: Mar 31 13:49 CEST
Output:
----------------------------------------------------------
Running main() from /mnt/d/github/bison/extern/googletest/googletest/src/gtest_main.cc
Note: Google Test filter = ErrorHandlingTests.ClearAsyncNullClientReturnsError
[==========] Running 1 test from 1 test suite.
[----------] Global test environment set-up.
[----------] 1 test from ErrorHandlingTests
[ RUN      ] ErrorHandlingTests.ClearAsyncNullClientReturnsError
[       OK ] ErrorHandlingTests.ClearAsyncNullClientReturnsError (0 ms)
[----------] 1 test from ErrorHandlingTests (0 ms total)

[----------] Global test environment tear-down
[==========] 1 test from 1 test suite ran. (0 ms total)
[  PASSED  ] 1 test.
<end of output>
Test time =   0.04 sec
----------------------------------------------------------
Test Passed.
"ErrorHandlingTests.ClearAsyncNullClientReturnsError" end time: Mar 31 13:49 CEST
"ErrorHandlingTests.ClearAsyncNullClientReturnsError" time elapsed: 00:00:00
----------------------------------------------------------

221/230 Testing: ErrorHandlingTests.SetAsyncNullClientReturnsError
221/230 Test: ErrorHandlingTests.SetAsyncNullClientReturnsError
Command: "/mnt/d/github/bison/build-linux/tests/rmi_c_test" "--gtest_filter=ErrorHandlingTests.SetAsyncNullClientReturnsError" "--gtest_also_run_disabled_tests"
Directory: /mnt/d/github/bison/build-linux/tests
"ErrorHandlingTests.SetAsyncNullClientReturnsError" start time: Mar 31 13:49 CEST
Output:
----------------------------------------------------------
Running main() from /mnt/d/github/bison/extern/googletest/googletest/src/gtest_main.cc
Note: Google Test filter = ErrorHandlingTests.SetAsyncNullClientReturnsError
[==========] Running 1 test from 1 test suite.
[----------] Global test environment set-up.
[----------] 1 test from ErrorHandlingTests
[ RUN      ] ErrorHandlingTests.SetAsyncNullClientReturnsError
[       OK ] ErrorHandlingTests.SetAsyncNullClientReturnsError (0 ms)
[----------] 1 test from ErrorHandlingTests (0 ms total)

[----------] Global test environment tear-down
[==========] 1 test from 1 test suite ran. (0 ms total)
[  PASSED  ] 1 test.
<end of output>
Test time =   0.04 sec
----------------------------------------------------------
Test Passed.
"ErrorHandlingTests.SetAsyncNullClientReturnsError" end time: Mar 31 13:49 CEST
"ErrorHandlingTests.SetAsyncNullClientReturnsError" time elapsed: 00:00:00
----------------------------------------------------------

222/230 Testing: ErrorHandlingTests.GetAsyncNullClientReturnsError
222/230 Test: ErrorHandlingTests.GetAsyncNullClientReturnsError
Command: "/mnt/d/github/bison/build-linux/tests/rmi_c_test" "--gtest_filter=ErrorHandlingTests.GetAsyncNullClientReturnsError" "--gtest_also_run_disabled_tests"
Directory: /mnt/d/github/bison/build-linux/tests
"ErrorHandlingTests.GetAsyncNullClientReturnsError" start time: Mar 31 13:49 CEST
Output:
----------------------------------------------------------
Running main() from /mnt/d/github/bison/extern/googletest/googletest/src/gtest_main.cc
Note: Google Test filter = ErrorHandlingTests.GetAsyncNullClientReturnsError
[==========] Running 1 test from 1 test suite.
[----------] Global test environment set-up.
[----------] 1 test from ErrorHandlingTests
[ RUN      ] ErrorHandlingTests.GetAsyncNullClientReturnsError
[       OK ] ErrorHandlingTests.GetAsyncNullClientReturnsError (0 ms)
[----------] 1 test from ErrorHandlingTests (0 ms total)

[----------] Global test environment tear-down
[==========] 1 test from 1 test suite ran. (0 ms total)
[  PASSED  ] 1 test.
<end of output>
Test time =   0.04 sec
----------------------------------------------------------
Test Passed.
"ErrorHandlingTests.GetAsyncNullClientReturnsError" end time: Mar 31 13:49 CEST
"ErrorHandlingTests.GetAsyncNullClientReturnsError" time elapsed: 00:00:00
----------------------------------------------------------

223/230 Testing: ErrorHandlingTests.CallAsyncNullClientReturnsError
223/230 Test: ErrorHandlingTests.CallAsyncNullClientReturnsError
Command: "/mnt/d/github/bison/build-linux/tests/rmi_c_test" "--gtest_filter=ErrorHandlingTests.CallAsyncNullClientReturnsError" "--gtest_also_run_disabled_tests"
Directory: /mnt/d/github/bison/build-linux/tests
"ErrorHandlingTests.CallAsyncNullClientReturnsError" start time: Mar 31 13:49 CEST
Output:
----------------------------------------------------------
Running main() from /mnt/d/github/bison/extern/googletest/googletest/src/gtest_main.cc
Note: Google Test filter = ErrorHandlingTests.CallAsyncNullClientReturnsError
[==========] Running 1 test from 1 test suite.
[----------] Global test environment set-up.
[----------] 1 test from ErrorHandlingTests
[ RUN      ] ErrorHandlingTests.CallAsyncNullClientReturnsError
[       OK ] ErrorHandlingTests.CallAsyncNullClientReturnsError (0 ms)
[----------] 1 test from ErrorHandlingTests (0 ms total)

[----------] Global test environment tear-down
[==========] 1 test from 1 test suite ran. (0 ms total)
[  PASSED  ] 1 test.
<end of output>
Test time =   0.04 sec
----------------------------------------------------------
Test Passed.
"ErrorHandlingTests.CallAsyncNullClientReturnsError" end time: Mar 31 13:49 CEST
"ErrorHandlingTests.CallAsyncNullClientReturnsError" time elapsed: 00:00:00
----------------------------------------------------------

224/230 Testing: ErrorHandlingTests.ProxyReleaseNullIsSafe
224/230 Test: ErrorHandlingTests.ProxyReleaseNullIsSafe
Command: "/mnt/d/github/bison/build-linux/tests/rmi_c_test" "--gtest_filter=ErrorHandlingTests.ProxyReleaseNullIsSafe" "--gtest_also_run_disabled_tests"
Directory: /mnt/d/github/bison/build-linux/tests
"ErrorHandlingTests.ProxyReleaseNullIsSafe" start time: Mar 31 13:49 CEST
Output:
----------------------------------------------------------
Running main() from /mnt/d/github/bison/extern/googletest/googletest/src/gtest_main.cc
Note: Google Test filter = ErrorHandlingTests.ProxyReleaseNullIsSafe
[==========] Running 1 test from 1 test suite.
[----------] Global test environment set-up.
[----------] 1 test from ErrorHandlingTests
[ RUN      ] ErrorHandlingTests.ProxyReleaseNullIsSafe
[       OK ] ErrorHandlingTests.ProxyReleaseNullIsSafe (0 ms)
[----------] 1 test from ErrorHandlingTests (0 ms total)

[----------] Global test environment tear-down
[==========] 1 test from 1 test suite ran. (0 ms total)
[  PASSED  ] 1 test.
<end of output>
Test time =   0.08 sec
----------------------------------------------------------
Test Passed.
"ErrorHandlingTests.ProxyReleaseNullIsSafe" end time: Mar 31 13:49 CEST
"ErrorHandlingTests.ProxyReleaseNullIsSafe" time elapsed: 00:00:00
----------------------------------------------------------

225/230 Testing: BisonIntegrationTests.ConnectWithBisonParams
225/230 Test: BisonIntegrationTests.ConnectWithBisonParams
Command: "/mnt/d/github/bison/build-linux/tests/rmi_c_test" "--gtest_filter=BisonIntegrationTests.ConnectWithBisonParams" "--gtest_also_run_disabled_tests"
Directory: /mnt/d/github/bison/build-linux/tests
"BisonIntegrationTests.ConnectWithBisonParams" start time: Mar 31 13:49 CEST
Output:
----------------------------------------------------------
Running main() from /mnt/d/github/bison/extern/googletest/googletest/src/gtest_main.cc
Note: Google Test filter = BisonIntegrationTests.ConnectWithBisonParams
[==========] Running 1 test from 1 test suite.
[----------] Global test environment set-up.
[----------] 1 test from BisonIntegrationTests
[ RUN      ] BisonIntegrationTests.ConnectWithBisonParams
[       OK ] BisonIntegrationTests.ConnectWithBisonParams (4 ms)
[----------] 1 test from BisonIntegrationTests (5 ms total)

[----------] Global test environment tear-down
[==========] 1 test from 1 test suite ran. (5 ms total)
[  PASSED  ] 1 test.
<end of output>
Test time =   0.04 sec
----------------------------------------------------------
Test Passed.
"BisonIntegrationTests.ConnectWithBisonParams" end time: Mar 31 13:49 CEST
"BisonIntegrationTests.ConnectWithBisonParams" time elapsed: 00:00:00
----------------------------------------------------------

226/230 Testing: BisonIntegrationTests.ListenWithBisonParams
226/230 Test: BisonIntegrationTests.ListenWithBisonParams
Command: "/mnt/d/github/bison/build-linux/tests/rmi_c_test" "--gtest_filter=BisonIntegrationTests.ListenWithBisonParams" "--gtest_also_run_disabled_tests"
Directory: /mnt/d/github/bison/build-linux/tests
"BisonIntegrationTests.ListenWithBisonParams" start time: Mar 31 13:49 CEST
Output:
----------------------------------------------------------
Running main() from /mnt/d/github/bison/extern/googletest/googletest/src/gtest_main.cc
Note: Google Test filter = BisonIntegrationTests.ListenWithBisonParams
[==========] Running 1 test from 1 test suite.
[----------] Global test environment set-up.
[----------] 1 test from BisonIntegrationTests
[ RUN      ] BisonIntegrationTests.ListenWithBisonParams
[       OK ] BisonIntegrationTests.ListenWithBisonParams (5 ms)
[----------] 1 test from BisonIntegrationTests (5 ms total)

[----------] Global test environment tear-down
[==========] 1 test from 1 test suite ran. (5 ms total)
[  PASSED  ] 1 test.
<end of output>
Test time =   0.08 sec
----------------------------------------------------------
Test Passed.
"BisonIntegrationTests.ListenWithBisonParams" end time: Mar 31 13:49 CEST
"BisonIntegrationTests.ListenWithBisonParams" time elapsed: 00:00:00
----------------------------------------------------------

227/230 Testing: TimeoutTests.ProxyCallWithTimeoutMs
227/230 Test: TimeoutTests.ProxyCallWithTimeoutMs
Command: "/mnt/d/github/bison/build-linux/tests/rmi_c_test" "--gtest_filter=TimeoutTests.ProxyCallWithTimeoutMs" "--gtest_also_run_disabled_tests"
Directory: /mnt/d/github/bison/build-linux/tests
"TimeoutTests.ProxyCallWithTimeoutMs" start time: Mar 31 13:49 CEST
Output:
----------------------------------------------------------
Running main() from /mnt/d/github/bison/extern/googletest/googletest/src/gtest_main.cc
Note: Google Test filter = TimeoutTests.ProxyCallWithTimeoutMs
[==========] Running 1 test from 1 test suite.
[----------] Global test environment set-up.
[----------] 1 test from TimeoutTests
[ RUN      ] TimeoutTests.ProxyCallWithTimeoutMs
[       OK ] TimeoutTests.ProxyCallWithTimeoutMs (0 ms)
[----------] 1 test from TimeoutTests (0 ms total)

[----------] Global test environment tear-down
[==========] 1 test from 1 test suite ran. (0 ms total)
[  PASSED  ] 1 test.
<end of output>
Test time =   0.05 sec
----------------------------------------------------------
Test Passed.
"TimeoutTests.ProxyCallWithTimeoutMs" end time: Mar 31 13:49 CEST
"TimeoutTests.ProxyCallWithTimeoutMs" time elapsed: 00:00:00
----------------------------------------------------------

228/230 Testing: TimeoutTests.ProxyClearWithTimeoutMs
228/230 Test: TimeoutTests.ProxyClearWithTimeoutMs
Command: "/mnt/d/github/bison/build-linux/tests/rmi_c_test" "--gtest_filter=TimeoutTests.ProxyClearWithTimeoutMs" "--gtest_also_run_disabled_tests"
Directory: /mnt/d/github/bison/build-linux/tests
"TimeoutTests.ProxyClearWithTimeoutMs" start time: Mar 31 13:49 CEST
Output:
----------------------------------------------------------
Running main() from /mnt/d/github/bison/extern/googletest/googletest/src/gtest_main.cc
Note: Google Test filter = TimeoutTests.ProxyClearWithTimeoutMs
[==========] Running 1 test from 1 test suite.
[----------] Global test environment set-up.
[----------] 1 test from TimeoutTests
[ RUN      ] TimeoutTests.ProxyClearWithTimeoutMs
[       OK ] TimeoutTests.ProxyClearWithTimeoutMs (0 ms)
[----------] 1 test from TimeoutTests (0 ms total)

[----------] Global test environment tear-down
[==========] 1 test from 1 test suite ran. (0 ms total)
[  PASSED  ] 1 test.
<end of output>
Test time =   0.05 sec
----------------------------------------------------------
Test Passed.
"TimeoutTests.ProxyClearWithTimeoutMs" end time: Mar 31 13:49 CEST
"TimeoutTests.ProxyClearWithTimeoutMs" time elapsed: 00:00:00
----------------------------------------------------------

229/230 Testing: TimeoutTests.ProxySetWithTimeoutMs
229/230 Test: TimeoutTests.ProxySetWithTimeoutMs
Command: "/mnt/d/github/bison/build-linux/tests/rmi_c_test" "--gtest_filter=TimeoutTests.ProxySetWithTimeoutMs" "--gtest_also_run_disabled_tests"
Directory: /mnt/d/github/bison/build-linux/tests
"TimeoutTests.ProxySetWithTimeoutMs" start time: Mar 31 13:49 CEST
Output:
----------------------------------------------------------
Running main() from /mnt/d/github/bison/extern/googletest/googletest/src/gtest_main.cc
Note: Google Test filter = TimeoutTests.ProxySetWithTimeoutMs
[==========] Running 1 test from 1 test suite.
[----------] Global test environment set-up.
[----------] 1 test from TimeoutTests
[ RUN      ] TimeoutTests.ProxySetWithTimeoutMs
[       OK ] TimeoutTests.ProxySetWithTimeoutMs (0 ms)
[----------] 1 test from TimeoutTests (0 ms total)

[----------] Global test environment tear-down
[==========] 1 test from 1 test suite ran. (0 ms total)
[  PASSED  ] 1 test.
<end of output>
Test time =   0.04 sec
----------------------------------------------------------
Test Passed.
"TimeoutTests.ProxySetWithTimeoutMs" end time: Mar 31 13:49 CEST
"TimeoutTests.ProxySetWithTimeoutMs" time elapsed: 00:00:00
----------------------------------------------------------

230/230 Testing: TimeoutTests.ProxyGetWithTimeoutMs
230/230 Test: TimeoutTests.ProxyGetWithTimeoutMs
Command: "/mnt/d/github/bison/build-linux/tests/rmi_c_test" "--gtest_filter=TimeoutTests.ProxyGetWithTimeoutMs" "--gtest_also_run_disabled_tests"
Directory: /mnt/d/github/bison/build-linux/tests
"TimeoutTests.ProxyGetWithTimeoutMs" start time: Mar 31 13:49 CEST
Output:
----------------------------------------------------------
Running main() from /mnt/d/github/bison/extern/googletest/googletest/src/gtest_main.cc
Note: Google Test filter = TimeoutTests.ProxyGetWithTimeoutMs
[==========] Running 1 test from 1 test suite.
[----------] Global test environment set-up.
[----------] 1 test from TimeoutTests
[ RUN      ] TimeoutTests.ProxyGetWithTimeoutMs
[       OK ] TimeoutTests.ProxyGetWithTimeoutMs (0 ms)
[----------] 1 test from TimeoutTests (0 ms total)

[----------] Global test environment tear-down
[==========] 1 test from 1 test suite ran. (0 ms total)
[  PASSED  ] 1 test.
<end of output>
Test time =   0.04 sec
----------------------------------------------------------
Test Passed.
"TimeoutTests.ProxyGetWithTimeoutMs" end time: Mar 31 13:49 CEST
"TimeoutTests.ProxyGetWithTimeoutMs" time elapsed: 00:00:00
----------------------------------------------------------

End testing: Mar 31 13:49 CEST
